{"/Users/markhingston/Downloads/strange-attractor/index.ts": {"path":"/Users/markhingston/Downloads/strange-attractor/index.ts","all":true,"statementMap":{"0":{"start":{"line":1,"column":0},"end":{"line":1,"column":3}},"82":{"start":{"line":83,"column":0},"end":{"line":83,"column":24}},"83":{"start":{"line":84,"column":0},"end":{"line":84,"column":36}},"84":{"start":{"line":85,"column":0},"end":{"line":85,"column":48}},"86":{"start":{"line":87,"column":0},"end":{"line":87,"column":42}},"87":{"start":{"line":88,"column":0},"end":{"line":88,"column":27}},"88":{"start":{"line":89,"column":0},"end":{"line":89,"column":3}},"93":{"start":{"line":94,"column":0},"end":{"line":94,"column":32}},"94":{"start":{"line":95,"column":0},"end":{"line":95,"column":58}},"95":{"start":{"line":96,"column":0},"end":{"line":96,"column":68}},"96":{"start":{"line":97,"column":0},"end":{"line":97,"column":38}},"97":{"start":{"line":98,"column":0},"end":{"line":98,"column":39}},"98":{"start":{"line":99,"column":0},"end":{"line":99,"column":3}},"103":{"start":{"line":104,"column":0},"end":{"line":104,"column":33}},"104":{"start":{"line":105,"column":0},"end":{"line":105,"column":36}},"106":{"start":{"line":107,"column":0},"end":{"line":107,"column":31}},"107":{"start":{"line":108,"column":0},"end":{"line":108,"column":39}},"108":{"start":{"line":109,"column":0},"end":{"line":109,"column":43}},"109":{"start":{"line":110,"column":0},"end":{"line":110,"column":53}},"110":{"start":{"line":111,"column":0},"end":{"line":111,"column":45}},"111":{"start":{"line":112,"column":0},"end":{"line":112,"column":39}},"112":{"start":{"line":113,"column":0},"end":{"line":113,"column":40}},"113":{"start":{"line":114,"column":0},"end":{"line":114,"column":29}},"114":{"start":{"line":115,"column":0},"end":{"line":115,"column":6}},"116":{"start":{"line":117,"column":0},"end":{"line":117,"column":53}},"117":{"start":{"line":118,"column":0},"end":{"line":118,"column":29}},"118":{"start":{"line":119,"column":0},"end":{"line":119,"column":3}},"123":{"start":{"line":124,"column":0},"end":{"line":124,"column":48}},"124":{"start":{"line":125,"column":0},"end":{"line":125,"column":53}},"125":{"start":{"line":126,"column":0},"end":{"line":126,"column":3}},"130":{"start":{"line":131,"column":0},"end":{"line":131,"column":67}},"131":{"start":{"line":132,"column":0},"end":{"line":132,"column":37}},"132":{"start":{"line":133,"column":0},"end":{"line":133,"column":3}},"133":{"start":{"line":134,"column":0},"end":{"line":134,"column":1}},"135":{"start":{"line":136,"column":0},"end":{"line":136,"column":25}}},"s":{"0":0,"82":0,"83":0,"84":0,"86":0,"87":0,"88":0,"93":0,"94":0,"95":0,"96":0,"97":0,"98":0,"103":0,"104":0,"106":0,"107":0,"108":0,"109":0,"110":0,"111":0,"112":0,"113":0,"114":0,"116":0,"117":0,"118":0,"123":0,"124":0,"125":0,"130":0,"131":0,"132":0,"133":0,"135":0},"branchMap":{"0":{"type":"branch","line":1,"loc":{"start":{"line":1,"column":3224},"end":{"line":136,"column":25}},"locations":[{"start":{"line":1,"column":3224},"end":{"line":136,"column":25}}]}},"b":{"0":[0]},"fnMap":{"0":{"name":"(empty-report)","decl":{"start":{"line":1,"column":3224},"end":{"line":136,"column":25}},"loc":{"start":{"line":1,"column":3224},"end":{"line":136,"column":25}},"line":1}},"f":{"0":0}}
,"/Users/markhingston/Downloads/strange-attractor/packages/cli/src/e2e-smoke.test.ts": {"path":"/Users/markhingston/Downloads/strange-attractor/packages/cli/src/e2e-smoke.test.ts","all":false,"statementMap":{"0":{"start":{"line":1,"column":0},"end":{"line":1,"column":57}},"1":{"start":{"line":2,"column":0},"end":{"line":2,"column":53}},"2":{"start":{"line":3,"column":0},"end":{"line":3,"column":43}},"3":{"start":{"line":4,"column":0},"end":{"line":4,"column":33}},"4":{"start":{"line":5,"column":0},"end":{"line":5,"column":42}},"5":{"start":{"line":6,"column":0},"end":{"line":6,"column":41}},"13":{"start":{"line":14,"column":0},"end":{"line":14,"column":84}},"14":{"start":{"line":15,"column":0},"end":{"line":15,"column":79}},"15":{"start":{"line":16,"column":0},"end":{"line":16,"column":80}},"16":{"start":{"line":17,"column":0},"end":{"line":17,"column":74}},"18":{"start":{"line":19,"column":0},"end":{"line":19,"column":39}},"19":{"start":{"line":20,"column":0},"end":{"line":20,"column":20}},"21":{"start":{"line":22,"column":0},"end":{"line":22,"column":25}},"22":{"start":{"line":23,"column":0},"end":{"line":23,"column":70}},"23":{"start":{"line":24,"column":0},"end":{"line":24,"column":31}},"24":{"start":{"line":25,"column":0},"end":{"line":25,"column":67}},"25":{"start":{"line":26,"column":0},"end":{"line":26,"column":5}},"27":{"start":{"line":28,"column":0},"end":{"line":28,"column":65}},"28":{"start":{"line":29,"column":0},"end":{"line":29,"column":36}},"29":{"start":{"line":30,"column":0},"end":{"line":30,"column":96}},"30":{"start":{"line":31,"column":0},"end":{"line":31,"column":14}},"31":{"start":{"line":32,"column":0},"end":{"line":32,"column":6}},"32":{"start":{"line":33,"column":0},"end":{"line":33,"column":32}},"33":{"start":{"line":34,"column":0},"end":{"line":34,"column":54}},"34":{"start":{"line":35,"column":0},"end":{"line":35,"column":5}},"36":{"start":{"line":37,"column":0},"end":{"line":37,"column":72}},"37":{"start":{"line":38,"column":0},"end":{"line":38,"column":36}},"38":{"start":{"line":39,"column":0},"end":{"line":39,"column":7}},"39":{"start":{"line":40,"column":0},"end":{"line":40,"column":25}},"40":{"start":{"line":41,"column":0},"end":{"line":41,"column":18}},"41":{"start":{"line":42,"column":0},"end":{"line":42,"column":14}},"42":{"start":{"line":43,"column":0},"end":{"line":43,"column":18}},"43":{"start":{"line":44,"column":0},"end":{"line":44,"column":20}},"44":{"start":{"line":45,"column":0},"end":{"line":45,"column":22}},"45":{"start":{"line":46,"column":0},"end":{"line":46,"column":17}},"46":{"start":{"line":47,"column":0},"end":{"line":47,"column":21}},"47":{"start":{"line":48,"column":0},"end":{"line":48,"column":17}},"48":{"start":{"line":49,"column":0},"end":{"line":49,"column":24}},"49":{"start":{"line":50,"column":0},"end":{"line":50,"column":14}},"50":{"start":{"line":51,"column":0},"end":{"line":51,"column":8}},"51":{"start":{"line":52,"column":0},"end":{"line":52,"column":14}},"52":{"start":{"line":53,"column":0},"end":{"line":53,"column":6}},"53":{"start":{"line":54,"column":0},"end":{"line":54,"column":32}},"55":{"start":{"line":56,"column":0},"end":{"line":56,"column":30}},"56":{"start":{"line":57,"column":0},"end":{"line":57,"column":68}},"57":{"start":{"line":58,"column":0},"end":{"line":58,"column":33}},"58":{"start":{"line":59,"column":0},"end":{"line":59,"column":81}},"60":{"start":{"line":61,"column":0},"end":{"line":61,"column":42}},"61":{"start":{"line":62,"column":0},"end":{"line":62,"column":47}},"62":{"start":{"line":63,"column":0},"end":{"line":63,"column":40}},"63":{"start":{"line":64,"column":0},"end":{"line":64,"column":5}},"65":{"start":{"line":66,"column":0},"end":{"line":66,"column":68}},"66":{"start":{"line":67,"column":0},"end":{"line":67,"column":36}},"67":{"start":{"line":68,"column":0},"end":{"line":68,"column":7}},"68":{"start":{"line":69,"column":0},"end":{"line":69,"column":25}},"69":{"start":{"line":70,"column":0},"end":{"line":70,"column":18}},"70":{"start":{"line":71,"column":0},"end":{"line":71,"column":17}},"71":{"start":{"line":72,"column":0},"end":{"line":72,"column":18}},"72":{"start":{"line":73,"column":0},"end":{"line":73,"column":20}},"73":{"start":{"line":74,"column":0},"end":{"line":74,"column":22}},"74":{"start":{"line":75,"column":0},"end":{"line":75,"column":17}},"75":{"start":{"line":76,"column":0},"end":{"line":76,"column":21}},"76":{"start":{"line":77,"column":0},"end":{"line":77,"column":17}},"77":{"start":{"line":78,"column":0},"end":{"line":78,"column":24}},"78":{"start":{"line":79,"column":0},"end":{"line":79,"column":14}},"79":{"start":{"line":80,"column":0},"end":{"line":80,"column":8}},"80":{"start":{"line":81,"column":0},"end":{"line":81,"column":14}},"81":{"start":{"line":82,"column":0},"end":{"line":82,"column":6}},"82":{"start":{"line":83,"column":0},"end":{"line":83,"column":32}},"83":{"start":{"line":84,"column":0},"end":{"line":84,"column":5}},"84":{"start":{"line":85,"column":0},"end":{"line":85,"column":3}},"86":{"start":{"line":87,"column":0},"end":{"line":87,"column":83}},"87":{"start":{"line":88,"column":0},"end":{"line":88,"column":33}},"88":{"start":{"line":89,"column":0},"end":{"line":89,"column":42}},"89":{"start":{"line":90,"column":0},"end":{"line":90,"column":43}},"90":{"start":{"line":91,"column":0},"end":{"line":91,"column":10}},"91":{"start":{"line":92,"column":0},"end":{"line":92,"column":23}},"92":{"start":{"line":93,"column":0},"end":{"line":93,"column":40}},"93":{"start":{"line":94,"column":0},"end":{"line":94,"column":7}},"95":{"start":{"line":96,"column":0},"end":{"line":96,"column":38}},"96":{"start":{"line":97,"column":0},"end":{"line":97,"column":38}},"98":{"start":{"line":99,"column":0},"end":{"line":99,"column":74}},"99":{"start":{"line":100,"column":0},"end":{"line":100,"column":74}},"101":{"start":{"line":102,"column":0},"end":{"line":102,"column":31}},"102":{"start":{"line":103,"column":0},"end":{"line":103,"column":15}},"103":{"start":{"line":104,"column":0},"end":{"line":104,"column":24}},"104":{"start":{"line":105,"column":0},"end":{"line":105,"column":38}},"105":{"start":{"line":106,"column":0},"end":{"line":106,"column":38}},"106":{"start":{"line":107,"column":0},"end":{"line":107,"column":9}},"107":{"start":{"line":108,"column":0},"end":{"line":108,"column":7}},"108":{"start":{"line":109,"column":0},"end":{"line":109,"column":5}},"109":{"start":{"line":110,"column":0},"end":{"line":110,"column":1}}},"s":{"0":1,"1":1,"2":1,"3":1,"4":1,"5":1,"13":1,"14":1,"15":1,"16":1,"18":1,"19":1,"21":1,"22":1,"23":1,"24":1,"25":1,"27":1,"28":1,"29":1,"30":1,"31":1,"32":1,"33":1,"34":1,"36":1,"37":1,"38":1,"39":1,"40":1,"41":1,"42":1,"43":1,"44":1,"45":1,"46":1,"47":1,"48":1,"49":1,"50":1,"51":1,"52":1,"53":1,"55":1,"56":1,"57":1,"58":1,"60":1,"61":1,"62":1,"63":1,"65":1,"66":1,"67":1,"68":1,"69":1,"70":1,"71":1,"72":1,"73":1,"74":1,"75":1,"76":1,"77":1,"78":1,"79":1,"80":1,"81":1,"82":1,"83":1,"84":1,"86":4,"87":4,"88":4,"89":4,"90":4,"91":4,"92":4,"93":4,"95":4,"96":4,"98":4,"99":4,"101":4,"102":4,"103":4,"104":4,"105":4,"106":4,"107":4,"108":4,"109":4},"branchMap":{"0":{"type":"branch","line":19,"loc":{"start":{"line":19,"column":32},"end":{"line":85,"column":3}},"locations":[{"start":{"line":19,"column":32},"end":{"line":85,"column":3}}]},"1":{"type":"branch","line":22,"loc":{"start":{"line":22,"column":12},"end":{"line":26,"column":3}},"locations":[{"start":{"line":22,"column":12},"end":{"line":26,"column":3}}]},"2":{"type":"branch","line":28,"loc":{"start":{"line":28,"column":52},"end":{"line":35,"column":3}},"locations":[{"start":{"line":28,"column":52},"end":{"line":35,"column":3}}]},"3":{"type":"branch","line":37,"loc":{"start":{"line":37,"column":59},"end":{"line":64,"column":3}},"locations":[{"start":{"line":37,"column":59},"end":{"line":64,"column":3}}]},"4":{"type":"branch","line":66,"loc":{"start":{"line":66,"column":55},"end":{"line":84,"column":3}},"locations":[{"start":{"line":66,"column":55},"end":{"line":84,"column":3}}]},"5":{"type":"branch","line":87,"loc":{"start":{"line":87,"column":0},"end":{"line":110,"column":1}},"locations":[{"start":{"line":87,"column":0},"end":{"line":110,"column":1}}]},"6":{"type":"branch","line":88,"loc":{"start":{"line":88,"column":21},"end":{"line":109,"column":3}},"locations":[{"start":{"line":88,"column":21},"end":{"line":109,"column":3}}]},"7":{"type":"branch","line":99,"loc":{"start":{"line":99,"column":28},"end":{"line":99,"column":72}},"locations":[{"start":{"line":99,"column":28},"end":{"line":99,"column":72}}]},"8":{"type":"branch","line":102,"loc":{"start":{"line":102,"column":22},"end":{"line":108,"column":5}},"locations":[{"start":{"line":102,"column":22},"end":{"line":108,"column":5}}]},"9":{"type":"branch","line":104,"loc":{"start":{"line":104,"column":14},"end":{"line":104,"column":24}},"locations":[{"start":{"line":104,"column":14},"end":{"line":104,"column":24}}]}},"b":{"0":[1],"1":[1],"2":[1],"3":[1],"4":[1],"5":[4],"6":[4],"7":[12],"8":[4],"9":[0]},"fnMap":{"0":{"name":"runCommand","decl":{"start":{"line":87,"column":0},"end":{"line":110,"column":1}},"loc":{"start":{"line":87,"column":0},"end":{"line":110,"column":1}},"line":87}},"f":{"0":4}}
,"/Users/markhingston/Downloads/strange-attractor/packages/cli/src/index.ts": {"path":"/Users/markhingston/Downloads/strange-attractor/packages/cli/src/index.ts","all":true,"statementMap":{"0":{"start":{"line":1,"column":0},"end":{"line":1,"column":19}},"2":{"start":{"line":3,"column":0},"end":{"line":3,"column":36}},"3":{"start":{"line":4,"column":0},"end":{"line":4,"column":44}},"4":{"start":{"line":5,"column":0},"end":{"line":5,"column":37}},"5":{"start":{"line":6,"column":0},"end":{"line":6,"column":36}},"6":{"start":{"line":7,"column":0},"end":{"line":7,"column":46}},"7":{"start":{"line":8,"column":0},"end":{"line":8,"column":57}},"13":{"start":{"line":14,"column":0},"end":{"line":14,"column":33}},"24":{"start":{"line":25,"column":0},"end":{"line":25,"column":44}},"28":{"start":{"line":29,"column":0},"end":{"line":29,"column":48}},"30":{"start":{"line":31,"column":0},"end":{"line":31,"column":30}},"58":{"start":{"line":59,"column":0},"end":{"line":59,"column":7}},"59":{"start":{"line":60,"column":0},"end":{"line":60,"column":28}},"60":{"start":{"line":61,"column":0},"end":{"line":61,"column":88}},"61":{"start":{"line":62,"column":0},"end":{"line":62,"column":20}},"63":{"start":{"line":64,"column":0},"end":{"line":64,"column":7}},"64":{"start":{"line":65,"column":0},"end":{"line":65,"column":17}},"65":{"start":{"line":66,"column":0},"end":{"line":66,"column":63}},"66":{"start":{"line":67,"column":0},"end":{"line":67,"column":63}},"67":{"start":{"line":68,"column":0},"end":{"line":68,"column":60}},"68":{"start":{"line":69,"column":0},"end":{"line":69,"column":79}},"69":{"start":{"line":70,"column":0},"end":{"line":70,"column":80}},"70":{"start":{"line":71,"column":0},"end":{"line":71,"column":68}},"71":{"start":{"line":72,"column":0},"end":{"line":72,"column":93}},"72":{"start":{"line":73,"column":0},"end":{"line":73,"column":61}},"73":{"start":{"line":74,"column":0},"end":{"line":74,"column":52}},"74":{"start":{"line":75,"column":0},"end":{"line":75,"column":49}},"75":{"start":{"line":76,"column":0},"end":{"line":76,"column":61}},"76":{"start":{"line":77,"column":0},"end":{"line":77,"column":9}},"77":{"start":{"line":78,"column":0},"end":{"line":78,"column":47}},"79":{"start":{"line":80,"column":0},"end":{"line":80,"column":63}},"80":{"start":{"line":81,"column":0},"end":{"line":81,"column":62}},"83":{"start":{"line":84,"column":0},"end":{"line":84,"column":31}},"84":{"start":{"line":85,"column":0},"end":{"line":85,"column":36}},"85":{"start":{"line":86,"column":0},"end":{"line":86,"column":50}},"86":{"start":{"line":87,"column":0},"end":{"line":87,"column":40}},"87":{"start":{"line":88,"column":0},"end":{"line":88,"column":42}},"88":{"start":{"line":89,"column":0},"end":{"line":89,"column":36}},"89":{"start":{"line":90,"column":0},"end":{"line":90,"column":8}},"91":{"start":{"line":92,"column":0},"end":{"line":92,"column":27}},"92":{"start":{"line":93,"column":0},"end":{"line":93,"column":67}},"93":{"start":{"line":94,"column":0},"end":{"line":94,"column":50}},"94":{"start":{"line":95,"column":0},"end":{"line":95,"column":46}},"95":{"start":{"line":96,"column":0},"end":{"line":96,"column":7}},"98":{"start":{"line":99,"column":0},"end":{"line":99,"column":56}},"99":{"start":{"line":100,"column":0},"end":{"line":100,"column":51}},"100":{"start":{"line":101,"column":0},"end":{"line":101,"column":91}},"103":{"start":{"line":104,"column":0},"end":{"line":104,"column":53}},"104":{"start":{"line":105,"column":0},"end":{"line":105,"column":42}},"105":{"start":{"line":106,"column":0},"end":{"line":106,"column":29}},"106":{"start":{"line":107,"column":0},"end":{"line":107,"column":27}},"107":{"start":{"line":108,"column":0},"end":{"line":108,"column":58}},"108":{"start":{"line":109,"column":0},"end":{"line":109,"column":18}},"109":{"start":{"line":110,"column":0},"end":{"line":110,"column":28}},"110":{"start":{"line":111,"column":0},"end":{"line":111,"column":74}},"111":{"start":{"line":112,"column":0},"end":{"line":112,"column":18}},"112":{"start":{"line":113,"column":0},"end":{"line":113,"column":31}},"113":{"start":{"line":114,"column":0},"end":{"line":114,"column":95}},"114":{"start":{"line":115,"column":0},"end":{"line":115,"column":18}},"115":{"start":{"line":116,"column":0},"end":{"line":116,"column":27}},"116":{"start":{"line":117,"column":0},"end":{"line":117,"column":74}},"117":{"start":{"line":118,"column":0},"end":{"line":118,"column":18}},"118":{"start":{"line":119,"column":0},"end":{"line":119,"column":30}},"119":{"start":{"line":120,"column":0},"end":{"line":120,"column":95}},"120":{"start":{"line":121,"column":0},"end":{"line":121,"column":18}},"121":{"start":{"line":122,"column":0},"end":{"line":122,"column":23}},"122":{"start":{"line":123,"column":0},"end":{"line":123,"column":66}},"123":{"start":{"line":124,"column":0},"end":{"line":124,"column":18}},"124":{"start":{"line":125,"column":0},"end":{"line":125,"column":9}},"125":{"start":{"line":126,"column":0},"end":{"line":126,"column":9}},"128":{"start":{"line":129,"column":0},"end":{"line":129,"column":59}},"129":{"start":{"line":130,"column":0},"end":{"line":130,"column":89}},"130":{"start":{"line":131,"column":0},"end":{"line":131,"column":11}},"131":{"start":{"line":132,"column":0},"end":{"line":132,"column":37}},"132":{"start":{"line":133,"column":0},"end":{"line":133,"column":13}},"133":{"start":{"line":134,"column":0},"end":{"line":134,"column":12}},"135":{"start":{"line":136,"column":0},"end":{"line":136,"column":29}},"136":{"start":{"line":137,"column":0},"end":{"line":137,"column":21}},"137":{"start":{"line":138,"column":0},"end":{"line":138,"column":58}},"138":{"start":{"line":139,"column":0},"end":{"line":139,"column":22}},"139":{"start":{"line":140,"column":0},"end":{"line":140,"column":15}},"140":{"start":{"line":141,"column":0},"end":{"line":141,"column":29}},"141":{"start":{"line":142,"column":0},"end":{"line":142,"column":5}},"142":{"start":{"line":143,"column":0},"end":{"line":143,"column":5}},"144":{"start":{"line":145,"column":0},"end":{"line":145,"column":7}},"145":{"start":{"line":146,"column":0},"end":{"line":146,"column":22}},"146":{"start":{"line":147,"column":0},"end":{"line":147,"column":55}},"147":{"start":{"line":148,"column":0},"end":{"line":148,"column":63}},"148":{"start":{"line":149,"column":0},"end":{"line":149,"column":80}},"149":{"start":{"line":150,"column":0},"end":{"line":150,"column":48}},"150":{"start":{"line":151,"column":0},"end":{"line":151,"column":54}},"151":{"start":{"line":152,"column":0},"end":{"line":152,"column":9}},"152":{"start":{"line":153,"column":0},"end":{"line":153,"column":47}},"153":{"start":{"line":154,"column":0},"end":{"line":154,"column":63}},"154":{"start":{"line":155,"column":0},"end":{"line":155,"column":62}},"156":{"start":{"line":157,"column":0},"end":{"line":157,"column":45}},"157":{"start":{"line":158,"column":0},"end":{"line":158,"column":82}},"158":{"start":{"line":159,"column":0},"end":{"line":159,"column":51}},"159":{"start":{"line":160,"column":0},"end":{"line":160,"column":79}},"161":{"start":{"line":162,"column":0},"end":{"line":162,"column":80}},"162":{"start":{"line":163,"column":0},"end":{"line":163,"column":84}},"164":{"start":{"line":165,"column":0},"end":{"line":165,"column":37}},"165":{"start":{"line":166,"column":0},"end":{"line":166,"column":40}},"166":{"start":{"line":167,"column":0},"end":{"line":167,"column":52}},"167":{"start":{"line":168,"column":0},"end":{"line":168,"column":54}},"168":{"start":{"line":169,"column":0},"end":{"line":169,"column":57}},"169":{"start":{"line":170,"column":0},"end":{"line":170,"column":15}},"170":{"start":{"line":171,"column":0},"end":{"line":171,"column":7}},"172":{"start":{"line":173,"column":0},"end":{"line":173,"column":96}},"173":{"start":{"line":174,"column":0},"end":{"line":174,"column":39}},"174":{"start":{"line":175,"column":0},"end":{"line":175,"column":34}},"175":{"start":{"line":176,"column":0},"end":{"line":176,"column":34}},"176":{"start":{"line":177,"column":0},"end":{"line":177,"column":21}},"177":{"start":{"line":178,"column":0},"end":{"line":178,"column":54}},"178":{"start":{"line":179,"column":0},"end":{"line":179,"column":15}},"179":{"start":{"line":180,"column":0},"end":{"line":180,"column":74}},"180":{"start":{"line":181,"column":0},"end":{"line":181,"column":41}},"181":{"start":{"line":182,"column":0},"end":{"line":182,"column":7}},"183":{"start":{"line":184,"column":0},"end":{"line":184,"column":73}},"184":{"start":{"line":185,"column":0},"end":{"line":185,"column":24}},"185":{"start":{"line":186,"column":0},"end":{"line":186,"column":7}},"186":{"start":{"line":187,"column":0},"end":{"line":187,"column":21}},"187":{"start":{"line":188,"column":0},"end":{"line":188,"column":51}},"188":{"start":{"line":189,"column":0},"end":{"line":189,"column":22}},"189":{"start":{"line":190,"column":0},"end":{"line":190,"column":5}},"190":{"start":{"line":191,"column":0},"end":{"line":191,"column":5}},"192":{"start":{"line":193,"column":0},"end":{"line":193,"column":7}},"193":{"start":{"line":194,"column":0},"end":{"line":194,"column":23}},"194":{"start":{"line":195,"column":0},"end":{"line":195,"column":59}},"195":{"start":{"line":196,"column":0},"end":{"line":196,"column":63}},"196":{"start":{"line":197,"column":0},"end":{"line":197,"column":80}},"197":{"start":{"line":198,"column":0},"end":{"line":198,"column":55}},"198":{"start":{"line":199,"column":0},"end":{"line":199,"column":9}},"199":{"start":{"line":200,"column":0},"end":{"line":200,"column":47}},"200":{"start":{"line":201,"column":0},"end":{"line":201,"column":63}},"201":{"start":{"line":202,"column":0},"end":{"line":202,"column":62}},"204":{"start":{"line":205,"column":0},"end":{"line":205,"column":22}},"205":{"start":{"line":206,"column":0},"end":{"line":206,"column":17}},"206":{"start":{"line":207,"column":0},"end":{"line":207,"column":47}},"207":{"start":{"line":208,"column":0},"end":{"line":208,"column":8}},"209":{"start":{"line":210,"column":0},"end":{"line":210,"column":51}},"210":{"start":{"line":211,"column":0},"end":{"line":211,"column":21}},"211":{"start":{"line":212,"column":0},"end":{"line":212,"column":53}},"212":{"start":{"line":213,"column":0},"end":{"line":213,"column":22}},"213":{"start":{"line":214,"column":0},"end":{"line":214,"column":5}},"214":{"start":{"line":215,"column":0},"end":{"line":215,"column":5}},"216":{"start":{"line":217,"column":0},"end":{"line":217,"column":7}},"217":{"start":{"line":218,"column":0},"end":{"line":218,"column":20}},"218":{"start":{"line":219,"column":0},"end":{"line":219,"column":76}},"219":{"start":{"line":220,"column":0},"end":{"line":220,"column":63}},"220":{"start":{"line":221,"column":0},"end":{"line":221,"column":60}},"221":{"start":{"line":222,"column":0},"end":{"line":222,"column":79}},"222":{"start":{"line":223,"column":0},"end":{"line":223,"column":80}},"223":{"start":{"line":224,"column":0},"end":{"line":224,"column":68}},"224":{"start":{"line":225,"column":0},"end":{"line":225,"column":93}},"225":{"start":{"line":226,"column":0},"end":{"line":226,"column":61}},"226":{"start":{"line":227,"column":0},"end":{"line":227,"column":52}},"227":{"start":{"line":228,"column":0},"end":{"line":228,"column":70}},"228":{"start":{"line":229,"column":0},"end":{"line":229,"column":52}},"229":{"start":{"line":230,"column":0},"end":{"line":230,"column":64}},"230":{"start":{"line":231,"column":0},"end":{"line":231,"column":9}},"231":{"start":{"line":232,"column":0},"end":{"line":232,"column":47}},"232":{"start":{"line":233,"column":0},"end":{"line":233,"column":63}},"233":{"start":{"line":234,"column":0},"end":{"line":234,"column":62}},"235":{"start":{"line":236,"column":0},"end":{"line":236,"column":31}},"236":{"start":{"line":237,"column":0},"end":{"line":237,"column":36}},"237":{"start":{"line":238,"column":0},"end":{"line":238,"column":50}},"238":{"start":{"line":239,"column":0},"end":{"line":239,"column":40}},"239":{"start":{"line":240,"column":0},"end":{"line":240,"column":42}},"240":{"start":{"line":241,"column":0},"end":{"line":241,"column":36}},"241":{"start":{"line":242,"column":0},"end":{"line":242,"column":8}},"243":{"start":{"line":244,"column":0},"end":{"line":244,"column":27}},"244":{"start":{"line":245,"column":0},"end":{"line":245,"column":67}},"245":{"start":{"line":246,"column":0},"end":{"line":246,"column":50}},"246":{"start":{"line":247,"column":0},"end":{"line":247,"column":46}},"247":{"start":{"line":248,"column":0},"end":{"line":248,"column":7}},"249":{"start":{"line":250,"column":0},"end":{"line":250,"column":56}},"250":{"start":{"line":251,"column":0},"end":{"line":251,"column":51}},"251":{"start":{"line":252,"column":0},"end":{"line":252,"column":91}},"253":{"start":{"line":254,"column":0},"end":{"line":254,"column":82}},"254":{"start":{"line":255,"column":0},"end":{"line":255,"column":89}},"255":{"start":{"line":256,"column":0},"end":{"line":256,"column":11}},"256":{"start":{"line":257,"column":0},"end":{"line":257,"column":37}},"257":{"start":{"line":258,"column":0},"end":{"line":258,"column":13}},"258":{"start":{"line":259,"column":0},"end":{"line":259,"column":12}},"260":{"start":{"line":261,"column":0},"end":{"line":261,"column":29}},"261":{"start":{"line":262,"column":0},"end":{"line":262,"column":21}},"262":{"start":{"line":263,"column":0},"end":{"line":263,"column":57}},"263":{"start":{"line":264,"column":0},"end":{"line":264,"column":22}},"264":{"start":{"line":265,"column":0},"end":{"line":265,"column":15}},"265":{"start":{"line":266,"column":0},"end":{"line":266,"column":29}},"266":{"start":{"line":267,"column":0},"end":{"line":267,"column":5}},"267":{"start":{"line":268,"column":0},"end":{"line":268,"column":5}},"269":{"start":{"line":270,"column":0},"end":{"line":270,"column":56}},"272":{"start":{"line":273,"column":0},"end":{"line":273,"column":3}},"273":{"start":{"line":274,"column":0},"end":{"line":274,"column":43}},"274":{"start":{"line":275,"column":0},"end":{"line":275,"column":36}},"276":{"start":{"line":277,"column":0},"end":{"line":277,"column":48}},"277":{"start":{"line":278,"column":0},"end":{"line":278,"column":33}},"278":{"start":{"line":279,"column":0},"end":{"line":279,"column":35}},"279":{"start":{"line":280,"column":0},"end":{"line":280,"column":104}},"280":{"start":{"line":281,"column":0},"end":{"line":281,"column":25}},"281":{"start":{"line":282,"column":0},"end":{"line":282,"column":13}},"282":{"start":{"line":283,"column":0},"end":{"line":283,"column":5}},"284":{"start":{"line":285,"column":0},"end":{"line":285,"column":71}},"285":{"start":{"line":286,"column":0},"end":{"line":286,"column":22}},"286":{"start":{"line":287,"column":0},"end":{"line":287,"column":4}},"288":{"start":{"line":289,"column":0},"end":{"line":289,"column":33}},"289":{"start":{"line":290,"column":0},"end":{"line":290,"column":34}},"291":{"start":{"line":292,"column":0},"end":{"line":292,"column":10}},"292":{"start":{"line":293,"column":0},"end":{"line":293,"column":30}},"293":{"start":{"line":294,"column":0},"end":{"line":294,"column":20}},"294":{"start":{"line":295,"column":0},"end":{"line":295,"column":38}},"295":{"start":{"line":296,"column":0},"end":{"line":296,"column":39}},"296":{"start":{"line":297,"column":0},"end":{"line":297,"column":6}},"297":{"start":{"line":298,"column":0},"end":{"line":298,"column":4}},"298":{"start":{"line":299,"column":0},"end":{"line":299,"column":1}},"300":{"start":{"line":301,"column":0},"end":{"line":301,"column":53}},"301":{"start":{"line":302,"column":0},"end":{"line":302,"column":10}},"302":{"start":{"line":303,"column":0},"end":{"line":303,"column":62}},"303":{"start":{"line":304,"column":0},"end":{"line":304,"column":35}},"304":{"start":{"line":305,"column":0},"end":{"line":305,"column":37}},"305":{"start":{"line":306,"column":0},"end":{"line":306,"column":57}},"306":{"start":{"line":307,"column":0},"end":{"line":307,"column":7}},"308":{"start":{"line":309,"column":0},"end":{"line":309,"column":83}},"309":{"start":{"line":310,"column":0},"end":{"line":310,"column":96}},"311":{"start":{"line":312,"column":0},"end":{"line":312,"column":43}},"312":{"start":{"line":313,"column":0},"end":{"line":313,"column":84}},"314":{"start":{"line":315,"column":0},"end":{"line":315,"column":34}},"315":{"start":{"line":316,"column":0},"end":{"line":316,"column":62}},"316":{"start":{"line":317,"column":0},"end":{"line":317,"column":114}},"317":{"start":{"line":318,"column":0},"end":{"line":318,"column":32}},"318":{"start":{"line":319,"column":0},"end":{"line":319,"column":7}},"320":{"start":{"line":321,"column":0},"end":{"line":321,"column":17}},"321":{"start":{"line":322,"column":0},"end":{"line":322,"column":20}},"322":{"start":{"line":323,"column":0},"end":{"line":323,"column":30}},"323":{"start":{"line":324,"column":0},"end":{"line":324,"column":7}},"325":{"start":{"line":326,"column":0},"end":{"line":326,"column":111}},"326":{"start":{"line":327,"column":0},"end":{"line":327,"column":52}},"327":{"start":{"line":328,"column":0},"end":{"line":328,"column":6}},"328":{"start":{"line":329,"column":0},"end":{"line":329,"column":4}},"329":{"start":{"line":330,"column":0},"end":{"line":330,"column":1}},"331":{"start":{"line":332,"column":0},"end":{"line":332,"column":52}},"332":{"start":{"line":333,"column":0},"end":{"line":333,"column":10}},"333":{"start":{"line":334,"column":0},"end":{"line":334,"column":77}},"334":{"start":{"line":335,"column":0},"end":{"line":335,"column":4}},"335":{"start":{"line":336,"column":0},"end":{"line":336,"column":1}},"337":{"start":{"line":338,"column":0},"end":{"line":338,"column":33}},"338":{"start":{"line":339,"column":0},"end":{"line":339,"column":28}},"339":{"start":{"line":340,"column":0},"end":{"line":340,"column":76}},"340":{"start":{"line":341,"column":0},"end":{"line":341,"column":9}},"341":{"start":{"line":342,"column":0},"end":{"line":342,"column":41}},"342":{"start":{"line":343,"column":0},"end":{"line":343,"column":49}},"343":{"start":{"line":344,"column":0},"end":{"line":344,"column":47}},"344":{"start":{"line":345,"column":0},"end":{"line":345,"column":42}},"345":{"start":{"line":346,"column":0},"end":{"line":346,"column":47}},"346":{"start":{"line":347,"column":0},"end":{"line":347,"column":45}},"347":{"start":{"line":348,"column":0},"end":{"line":348,"column":47}},"348":{"start":{"line":349,"column":0},"end":{"line":349,"column":61}},"349":{"start":{"line":350,"column":0},"end":{"line":350,"column":69}},"350":{"start":{"line":351,"column":0},"end":{"line":351,"column":59}},"351":{"start":{"line":352,"column":0},"end":{"line":352,"column":68}},"353":{"start":{"line":354,"column":0},"end":{"line":354,"column":69}},"354":{"start":{"line":355,"column":0},"end":{"line":355,"column":72}},"355":{"start":{"line":356,"column":0},"end":{"line":356,"column":1}},"357":{"start":{"line":358,"column":0},"end":{"line":358,"column":16}},"359":{"start":{"line":360,"column":0},"end":{"line":360,"column":66}},"360":{"start":{"line":361,"column":0},"end":{"line":361,"column":52}},"361":{"start":{"line":362,"column":0},"end":{"line":362,"column":32}},"362":{"start":{"line":363,"column":0},"end":{"line":363,"column":42}},"363":{"start":{"line":364,"column":0},"end":{"line":364,"column":51}},"364":{"start":{"line":365,"column":0},"end":{"line":365,"column":36}},"365":{"start":{"line":366,"column":0},"end":{"line":366,"column":24}},"366":{"start":{"line":367,"column":0},"end":{"line":367,"column":58}},"367":{"start":{"line":368,"column":0},"end":{"line":368,"column":7}},"368":{"start":{"line":369,"column":0},"end":{"line":369,"column":15}},"369":{"start":{"line":370,"column":0},"end":{"line":370,"column":5}},"370":{"start":{"line":371,"column":0},"end":{"line":371,"column":71}},"371":{"start":{"line":372,"column":0},"end":{"line":372,"column":23}},"372":{"start":{"line":373,"column":0},"end":{"line":373,"column":25}},"373":{"start":{"line":374,"column":0},"end":{"line":374,"column":5}},"374":{"start":{"line":375,"column":0},"end":{"line":375,"column":3}},"375":{"start":{"line":376,"column":0},"end":{"line":376,"column":1}},"377":{"start":{"line":378,"column":0},"end":{"line":378,"column":67}},"378":{"start":{"line":379,"column":0},"end":{"line":379,"column":49}},"379":{"start":{"line":380,"column":0},"end":{"line":380,"column":37}},"380":{"start":{"line":381,"column":0},"end":{"line":381,"column":39}},"381":{"start":{"line":382,"column":0},"end":{"line":382,"column":23}},"382":{"start":{"line":383,"column":0},"end":{"line":383,"column":5}},"383":{"start":{"line":384,"column":0},"end":{"line":384,"column":3}},"384":{"start":{"line":385,"column":0},"end":{"line":385,"column":79}},"385":{"start":{"line":386,"column":0},"end":{"line":386,"column":1}},"387":{"start":{"line":388,"column":0},"end":{"line":388,"column":50}},"388":{"start":{"line":389,"column":0},"end":{"line":389,"column":50}},"389":{"start":{"line":390,"column":0},"end":{"line":390,"column":1}},"391":{"start":{"line":392,"column":0},"end":{"line":392,"column":60}},"392":{"start":{"line":393,"column":0},"end":{"line":393,"column":44}},"393":{"start":{"line":394,"column":0},"end":{"line":394,"column":14}},"394":{"start":{"line":395,"column":0},"end":{"line":395,"column":3}},"395":{"start":{"line":396,"column":0},"end":{"line":396,"column":42}},"396":{"start":{"line":397,"column":0},"end":{"line":397,"column":1}}},"s":{"0":0,"2":0,"3":0,"4":0,"5":0,"6":0,"7":0,"13":0,"24":0,"28":0,"30":0,"58":0,"59":0,"60":0,"61":0,"63":0,"64":0,"65":0,"66":0,"67":0,"68":0,"69":0,"70":0,"71":0,"72":0,"73":0,"74":0,"75":0,"76":0,"77":0,"79":0,"80":0,"83":0,"84":0,"85":0,"86":0,"87":0,"88":0,"89":0,"91":0,"92":0,"93":0,"94":0,"95":0,"98":0,"99":0,"100":0,"103":0,"104":0,"105":0,"106":0,"107":0,"108":0,"109":0,"110":0,"111":0,"112":0,"113":0,"114":0,"115":0,"116":0,"117":0,"118":0,"119":0,"120":0,"121":0,"122":0,"123":0,"124":0,"125":0,"128":0,"129":0,"130":0,"131":0,"132":0,"133":0,"135":0,"136":0,"137":0,"138":0,"139":0,"140":0,"141":0,"142":0,"144":0,"145":0,"146":0,"147":0,"148":0,"149":0,"150":0,"151":0,"152":0,"153":0,"154":0,"156":0,"157":0,"158":0,"159":0,"161":0,"162":0,"164":0,"165":0,"166":0,"167":0,"168":0,"169":0,"170":0,"172":0,"173":0,"174":0,"175":0,"176":0,"177":0,"178":0,"179":0,"180":0,"181":0,"183":0,"184":0,"185":0,"186":0,"187":0,"188":0,"189":0,"190":0,"192":0,"193":0,"194":0,"195":0,"196":0,"197":0,"198":0,"199":0,"200":0,"201":0,"204":0,"205":0,"206":0,"207":0,"209":0,"210":0,"211":0,"212":0,"213":0,"214":0,"216":0,"217":0,"218":0,"219":0,"220":0,"221":0,"222":0,"223":0,"224":0,"225":0,"226":0,"227":0,"228":0,"229":0,"230":0,"231":0,"232":0,"233":0,"235":0,"236":0,"237":0,"238":0,"239":0,"240":0,"241":0,"243":0,"244":0,"245":0,"246":0,"247":0,"249":0,"250":0,"251":0,"253":0,"254":0,"255":0,"256":0,"257":0,"258":0,"260":0,"261":0,"262":0,"263":0,"264":0,"265":0,"266":0,"267":0,"269":0,"272":0,"273":0,"274":0,"276":0,"277":0,"278":0,"279":0,"280":0,"281":0,"282":0,"284":0,"285":0,"286":0,"288":0,"289":0,"291":0,"292":0,"293":0,"294":0,"295":0,"296":0,"297":0,"298":0,"300":0,"301":0,"302":0,"303":0,"304":0,"305":0,"306":0,"308":0,"309":0,"311":0,"312":0,"314":0,"315":0,"316":0,"317":0,"318":0,"320":0,"321":0,"322":0,"323":0,"325":0,"326":0,"327":0,"328":0,"329":0,"331":0,"332":0,"333":0,"334":0,"335":0,"337":0,"338":0,"339":0,"340":0,"341":0,"342":0,"343":0,"344":0,"345":0,"346":0,"347":0,"348":0,"349":0,"350":0,"351":0,"353":0,"354":0,"355":0,"357":0,"359":0,"360":0,"361":0,"362":0,"363":0,"364":0,"365":0,"366":0,"367":0,"368":0,"369":0,"370":0,"371":0,"372":0,"373":0,"374":0,"375":0,"377":0,"378":0,"379":0,"380":0,"381":0,"382":0,"383":0,"384":0,"385":0,"387":0,"388":0,"389":0,"391":0,"392":0,"393":0,"394":0,"395":0,"396":0},"branchMap":{"0":{"type":"branch","line":1,"loc":{"start":{"line":1,"column":13537},"end":{"line":397,"column":1}},"locations":[{"start":{"line":1,"column":13537},"end":{"line":397,"column":1}}]}},"b":{"0":[0]},"fnMap":{"0":{"name":"(empty-report)","decl":{"start":{"line":1,"column":13537},"end":{"line":397,"column":1}},"loc":{"start":{"line":1,"column":13537},"end":{"line":397,"column":1}},"line":1}},"f":{"0":0}}
,"/Users/markhingston/Downloads/strange-attractor/packages/core/src/index.ts": {"path":"/Users/markhingston/Downloads/strange-attractor/packages/core/src/index.ts","all":true,"statementMap":{"0":{"start":{"line":1,"column":0},"end":{"line":1,"column":15}}},"s":{"0":0},"branchMap":{"0":{"type":"branch","line":1,"loc":{"start":{"line":1,"column":677},"end":{"line":27,"column":26}},"locations":[{"start":{"line":1,"column":677},"end":{"line":27,"column":26}}]}},"b":{"0":[0]},"fnMap":{"0":{"name":"(empty-report)","decl":{"start":{"line":1,"column":677},"end":{"line":27,"column":26}},"loc":{"start":{"line":1,"column":677},"end":{"line":27,"column":26}},"line":1}},"f":{"0":0}}
,"/Users/markhingston/Downloads/strange-attractor/packages/core/src/reference-parity.test.ts": {"path":"/Users/markhingston/Downloads/strange-attractor/packages/core/src/reference-parity.test.ts","all":false,"statementMap":{"0":{"start":{"line":1,"column":0},"end":{"line":1,"column":46}},"1":{"start":{"line":2,"column":0},"end":{"line":2,"column":44}},"2":{"start":{"line":3,"column":0},"end":{"line":3,"column":57}},"3":{"start":{"line":4,"column":0},"end":{"line":4,"column":61}},"4":{"start":{"line":5,"column":0},"end":{"line":5,"column":58}},"5":{"start":{"line":6,"column":0},"end":{"line":6,"column":57}},"16":{"start":{"line":17,"column":0},"end":{"line":17,"column":31}},"18":{"start":{"line":19,"column":0},"end":{"line":19,"column":84}},"20":{"start":{"line":21,"column":0},"end":{"line":21,"column":44}},"21":{"start":{"line":22,"column":0},"end":{"line":22,"column":85}},"22":{"start":{"line":23,"column":0},"end":{"line":23,"column":59}},"23":{"start":{"line":24,"column":0},"end":{"line":24,"column":57}},"25":{"start":{"line":26,"column":0},"end":{"line":26,"column":36}},"26":{"start":{"line":27,"column":0},"end":{"line":27,"column":37}},"27":{"start":{"line":28,"column":0},"end":{"line":28,"column":40}},"28":{"start":{"line":29,"column":0},"end":{"line":29,"column":57}},"29":{"start":{"line":30,"column":0},"end":{"line":30,"column":55}},"30":{"start":{"line":31,"column":0},"end":{"line":31,"column":70}},"31":{"start":{"line":32,"column":0},"end":{"line":32,"column":74}},"33":{"start":{"line":34,"column":0},"end":{"line":34,"column":62}},"34":{"start":{"line":35,"column":0},"end":{"line":35,"column":56}},"35":{"start":{"line":36,"column":0},"end":{"line":36,"column":7}},"36":{"start":{"line":37,"column":0},"end":{"line":37,"column":73}},"37":{"start":{"line":38,"column":0},"end":{"line":38,"column":5}},"39":{"start":{"line":40,"column":0},"end":{"line":40,"column":93}},"40":{"start":{"line":41,"column":0},"end":{"line":41,"column":59}},"41":{"start":{"line":42,"column":0},"end":{"line":42,"column":57}},"43":{"start":{"line":44,"column":0},"end":{"line":44,"column":49}},"44":{"start":{"line":45,"column":0},"end":{"line":45,"column":51}},"45":{"start":{"line":46,"column":0},"end":{"line":46,"column":57}},"46":{"start":{"line":47,"column":0},"end":{"line":47,"column":55}},"47":{"start":{"line":48,"column":0},"end":{"line":48,"column":59}},"48":{"start":{"line":49,"column":0},"end":{"line":49,"column":64}},"50":{"start":{"line":51,"column":0},"end":{"line":51,"column":101}},"51":{"start":{"line":52,"column":0},"end":{"line":52,"column":41}},"52":{"start":{"line":53,"column":0},"end":{"line":53,"column":108}},"53":{"start":{"line":54,"column":0},"end":{"line":54,"column":19}},"54":{"start":{"line":55,"column":0},"end":{"line":55,"column":6}},"56":{"start":{"line":57,"column":0},"end":{"line":57,"column":62}},"57":{"start":{"line":58,"column":0},"end":{"line":58,"column":56}},"58":{"start":{"line":59,"column":0},"end":{"line":59,"column":7}},"59":{"start":{"line":60,"column":0},"end":{"line":60,"column":73}},"60":{"start":{"line":61,"column":0},"end":{"line":61,"column":5}},"61":{"start":{"line":62,"column":0},"end":{"line":62,"column":3}},"63":{"start":{"line":64,"column":0},"end":{"line":64,"column":63}},"64":{"start":{"line":65,"column":0},"end":{"line":65,"column":60}},"65":{"start":{"line":66,"column":0},"end":{"line":66,"column":1}},"67":{"start":{"line":68,"column":0},"end":{"line":68,"column":60}},"68":{"start":{"line":69,"column":0},"end":{"line":69,"column":41}},"69":{"start":{"line":70,"column":0},"end":{"line":70,"column":41}},"71":{"start":{"line":72,"column":0},"end":{"line":72,"column":49}},"72":{"start":{"line":73,"column":0},"end":{"line":73,"column":47}},"73":{"start":{"line":74,"column":0},"end":{"line":74,"column":42}},"74":{"start":{"line":75,"column":0},"end":{"line":75,"column":47}},"75":{"start":{"line":76,"column":0},"end":{"line":76,"column":61}},"76":{"start":{"line":77,"column":0},"end":{"line":77,"column":55}},"77":{"start":{"line":78,"column":0},"end":{"line":78,"column":59}},"78":{"start":{"line":79,"column":0},"end":{"line":79,"column":68}},"79":{"start":{"line":80,"column":0},"end":{"line":80,"column":47}},"80":{"start":{"line":81,"column":0},"end":{"line":81,"column":45}},"81":{"start":{"line":82,"column":0},"end":{"line":82,"column":20}},"82":{"start":{"line":83,"column":0},"end":{"line":83,"column":17}},"83":{"start":{"line":84,"column":0},"end":{"line":84,"column":29}},"84":{"start":{"line":85,"column":0},"end":{"line":85,"column":56}},"85":{"start":{"line":86,"column":0},"end":{"line":86,"column":6}},"86":{"start":{"line":87,"column":0},"end":{"line":87,"column":4}},"87":{"start":{"line":88,"column":0},"end":{"line":88,"column":18}},"88":{"start":{"line":89,"column":0},"end":{"line":89,"column":1}}},"s":{"0":1,"1":1,"2":1,"3":1,"4":1,"5":1,"16":1,"18":1,"20":1,"21":1,"22":1,"23":1,"25":1,"26":1,"27":1,"28":1,"29":1,"30":1,"31":1,"33":1,"34":1,"35":1,"36":1,"37":1,"39":1,"40":1,"41":1,"43":1,"44":1,"45":1,"46":1,"47":1,"48":1,"50":1,"51":1,"52":1,"53":1,"54":1,"56":1,"57":1,"58":1,"59":1,"60":1,"61":1,"63":2,"64":2,"65":2,"67":2,"68":2,"69":2,"71":2,"72":2,"73":2,"74":2,"75":2,"76":2,"77":2,"78":2,"79":2,"80":2,"81":2,"82":2,"83":2,"84":2,"85":2,"86":2,"87":2,"88":2},"branchMap":{"0":{"type":"branch","line":21,"loc":{"start":{"line":21,"column":37},"end":{"line":62,"column":3}},"locations":[{"start":{"line":21,"column":37},"end":{"line":62,"column":3}}]},"1":{"type":"branch","line":22,"loc":{"start":{"line":22,"column":72},"end":{"line":38,"column":3}},"locations":[{"start":{"line":22,"column":72},"end":{"line":38,"column":3}}]},"2":{"type":"branch","line":40,"loc":{"start":{"line":40,"column":80},"end":{"line":61,"column":3}},"locations":[{"start":{"line":40,"column":80},"end":{"line":61,"column":3}}]},"3":{"type":"branch","line":51,"loc":{"start":{"line":51,"column":44},"end":{"line":51,"column":99}},"locations":[{"start":{"line":51,"column":44},"end":{"line":51,"column":99}}]},"4":{"type":"branch","line":51,"loc":{"start":{"line":51,"column":66},"end":{"line":51,"column":99}},"locations":[{"start":{"line":51,"column":66},"end":{"line":51,"column":99}}]},"5":{"type":"branch","line":53,"loc":{"start":{"line":53,"column":28},"end":{"line":53,"column":89}},"locations":[{"start":{"line":53,"column":28},"end":{"line":53,"column":89}}]},"6":{"type":"branch","line":53,"loc":{"start":{"line":53,"column":50},"end":{"line":53,"column":89}},"locations":[{"start":{"line":53,"column":50},"end":{"line":53,"column":89}}]},"7":{"type":"branch","line":64,"loc":{"start":{"line":64,"column":0},"end":{"line":66,"column":1}},"locations":[{"start":{"line":64,"column":0},"end":{"line":66,"column":1}}]},"8":{"type":"branch","line":68,"loc":{"start":{"line":68,"column":0},"end":{"line":89,"column":1}},"locations":[{"start":{"line":68,"column":0},"end":{"line":89,"column":1}}]}},"b":{"0":[1],"1":[1],"2":[1],"3":[28],"4":[3],"5":[24],"6":[1],"7":[2],"8":[2]},"fnMap":{"0":{"name":"loadFixture","decl":{"start":{"line":64,"column":0},"end":{"line":66,"column":1}},"loc":{"start":{"line":64,"column":0},"end":{"line":66,"column":1}},"line":64},"1":{"name":"createReferenceHandlerRegistry","decl":{"start":{"line":68,"column":0},"end":{"line":89,"column":1}},"loc":{"start":{"line":68,"column":0},"end":{"line":89,"column":1}},"line":68},"2":{"name":"ask","decl":{"start":{"line":85,"column":11},"end":{"line":85,"column":56}},"loc":{"start":{"line":85,"column":11},"end":{"line":85,"column":56}},"line":85}},"f":{"0":2,"1":2,"2":0}}
,"/Users/markhingston/Downloads/strange-attractor/packages/core/src/checkpoint/index.ts": {"path":"/Users/markhingston/Downloads/strange-attractor/packages/core/src/checkpoint/index.ts","all":false,"statementMap":{"0":{"start":{"line":1,"column":0},"end":{"line":1,"column":62}},"8":{"start":{"line":9,"column":0},"end":{"line":9,"column":32}},"9":{"start":{"line":10,"column":0},"end":{"line":10,"column":27}},"11":{"start":{"line":12,"column":0},"end":{"line":12,"column":33}},"12":{"start":{"line":13,"column":0},"end":{"line":13,"column":29}},"13":{"start":{"line":14,"column":0},"end":{"line":14,"column":3}},"18":{"start":{"line":19,"column":0},"end":{"line":19,"column":55}},"19":{"start":{"line":20,"column":0},"end":{"line":20,"column":62}},"22":{"start":{"line":23,"column":0},"end":{"line":23,"column":62}},"24":{"start":{"line":25,"column":0},"end":{"line":25,"column":18}},"25":{"start":{"line":26,"column":0},"end":{"line":26,"column":52}},"26":{"start":{"line":27,"column":0},"end":{"line":27,"column":44}},"27":{"start":{"line":28,"column":0},"end":{"line":28,"column":50}},"28":{"start":{"line":29,"column":0},"end":{"line":29,"column":44}},"29":{"start":{"line":30,"column":0},"end":{"line":30,"column":41}},"30":{"start":{"line":31,"column":0},"end":{"line":31,"column":52}},"31":{"start":{"line":32,"column":0},"end":{"line":32,"column":28}},"32":{"start":{"line":33,"column":0},"end":{"line":33,"column":6}},"34":{"start":{"line":35,"column":0},"end":{"line":35,"column":67}},"35":{"start":{"line":36,"column":0},"end":{"line":36,"column":26}},"36":{"start":{"line":37,"column":0},"end":{"line":37,"column":3}},"41":{"start":{"line":42,"column":0},"end":{"line":42,"column":49}},"42":{"start":{"line":43,"column":0},"end":{"line":43,"column":59}},"44":{"start":{"line":45,"column":0},"end":{"line":45,"column":12}},"45":{"start":{"line":46,"column":0},"end":{"line":46,"column":42}},"46":{"start":{"line":47,"column":0},"end":{"line":47,"column":38}},"47":{"start":{"line":48,"column":0},"end":{"line":48,"column":44}},"48":{"start":{"line":49,"column":0},"end":{"line":49,"column":38}},"49":{"start":{"line":50,"column":0},"end":{"line":50,"column":35}},"50":{"start":{"line":51,"column":0},"end":{"line":51,"column":46}},"51":{"start":{"line":52,"column":0},"end":{"line":52,"column":22}},"52":{"start":{"line":53,"column":0},"end":{"line":53,"column":6}},"53":{"start":{"line":54,"column":0},"end":{"line":54,"column":3}},"58":{"start":{"line":59,"column":0},"end":{"line":59,"column":50}},"59":{"start":{"line":60,"column":0},"end":{"line":60,"column":9}},"60":{"start":{"line":61,"column":0},"end":{"line":61,"column":65}},"61":{"start":{"line":62,"column":0},"end":{"line":62,"column":13}},"62":{"start":{"line":63,"column":0},"end":{"line":63,"column":18}},"63":{"start":{"line":64,"column":0},"end":{"line":64,"column":5}},"64":{"start":{"line":65,"column":0},"end":{"line":65,"column":3}},"69":{"start":{"line":70,"column":0},"end":{"line":70,"column":16}},"70":{"start":{"line":71,"column":0},"end":{"line":71,"column":21}},"71":{"start":{"line":72,"column":0},"end":{"line":72,"column":24}},"72":{"start":{"line":73,"column":0},"end":{"line":73,"column":29}},"73":{"start":{"line":74,"column":0},"end":{"line":74,"column":40}},"74":{"start":{"line":75,"column":0},"end":{"line":75,"column":19}},"75":{"start":{"line":76,"column":0},"end":{"line":76,"column":46}},"76":{"start":{"line":77,"column":0},"end":{"line":77,"column":17}},"77":{"start":{"line":78,"column":0},"end":{"line":78,"column":12}},"78":{"start":{"line":79,"column":0},"end":{"line":79,"column":28}},"79":{"start":{"line":80,"column":0},"end":{"line":80,"column":32}},"80":{"start":{"line":81,"column":0},"end":{"line":81,"column":43}},"81":{"start":{"line":82,"column":0},"end":{"line":82,"column":39}},"82":{"start":{"line":83,"column":0},"end":{"line":83,"column":41}},"83":{"start":{"line":84,"column":0},"end":{"line":84,"column":41}},"84":{"start":{"line":85,"column":0},"end":{"line":85,"column":22}},"85":{"start":{"line":86,"column":0},"end":{"line":86,"column":6}},"86":{"start":{"line":87,"column":0},"end":{"line":87,"column":3}},"91":{"start":{"line":92,"column":0},"end":{"line":92,"column":58}},"92":{"start":{"line":93,"column":0},"end":{"line":93,"column":59}},"93":{"start":{"line":94,"column":0},"end":{"line":94,"column":3}},"94":{"start":{"line":95,"column":0},"end":{"line":95,"column":1}},"96":{"start":{"line":97,"column":0},"end":{"line":97,"column":33}}},"s":{"0":1,"8":1,"9":1,"11":1,"12":10,"13":10,"18":1,"19":6,"22":6,"24":6,"25":6,"26":6,"27":6,"28":6,"29":6,"30":6,"31":6,"32":6,"34":6,"35":6,"36":6,"41":1,"42":2,"44":2,"45":2,"46":2,"47":2,"48":2,"49":2,"50":2,"51":2,"52":2,"53":2,"58":1,"59":2,"60":2,"61":2,"62":0,"63":0,"64":2,"69":1,"70":0,"71":0,"72":0,"73":0,"74":0,"75":0,"76":0,"77":0,"78":0,"79":0,"80":0,"81":0,"82":0,"83":0,"84":0,"85":0,"86":0,"91":1,"92":2,"93":2,"94":1,"96":1},"branchMap":{"0":{"type":"branch","line":10,"loc":{"start":{"line":10,"column":10},"end":{"line":10,"column":27}},"locations":[{"start":{"line":10,"column":10},"end":{"line":10,"column":27}}]},"1":{"type":"branch","line":12,"loc":{"start":{"line":12,"column":2},"end":{"line":14,"column":3}},"locations":[{"start":{"line":12,"column":2},"end":{"line":14,"column":3}}]},"2":{"type":"branch","line":19,"loc":{"start":{"line":19,"column":2},"end":{"line":37,"column":3}},"locations":[{"start":{"line":19,"column":2},"end":{"line":37,"column":3}}]},"3":{"type":"branch","line":31,"loc":{"start":{"line":31,"column":32},"end":{"line":31,"column":52}},"locations":[{"start":{"line":31,"column":32},"end":{"line":31,"column":52}}]},"4":{"type":"branch","line":42,"loc":{"start":{"line":42,"column":2},"end":{"line":54,"column":3}},"locations":[{"start":{"line":42,"column":2},"end":{"line":54,"column":3}}]},"5":{"type":"branch","line":51,"loc":{"start":{"line":51,"column":26},"end":{"line":51,"column":46}},"locations":[{"start":{"line":51,"column":26},"end":{"line":51,"column":46}}]},"6":{"type":"branch","line":59,"loc":{"start":{"line":59,"column":2},"end":{"line":65,"column":3}},"locations":[{"start":{"line":59,"column":2},"end":{"line":65,"column":3}}]},"7":{"type":"branch","line":62,"loc":{"start":{"line":62,"column":4},"end":{"line":64,"column":5}},"locations":[{"start":{"line":62,"column":4},"end":{"line":64,"column":5}}]},"8":{"type":"branch","line":92,"loc":{"start":{"line":92,"column":9},"end":{"line":94,"column":3}},"locations":[{"start":{"line":92,"column":9},"end":{"line":94,"column":3}}]}},"b":{"0":[10],"1":[10],"2":[6],"3":[0],"4":[2],"5":[0],"6":[2],"7":[0],"8":[2]},"fnMap":{"0":{"name":"<instance_members_initializer>","decl":{"start":{"line":10,"column":10},"end":{"line":10,"column":27}},"loc":{"start":{"line":10,"column":10},"end":{"line":10,"column":27}},"line":10},"1":{"name":"CheckpointManager","decl":{"start":{"line":12,"column":2},"end":{"line":14,"column":3}},"loc":{"start":{"line":12,"column":2},"end":{"line":14,"column":3}},"line":12},"2":{"name":"save","decl":{"start":{"line":19,"column":2},"end":{"line":37,"column":3}},"loc":{"start":{"line":19,"column":2},"end":{"line":37,"column":3}},"line":19},"3":{"name":"load","decl":{"start":{"line":42,"column":2},"end":{"line":54,"column":3}},"loc":{"start":{"line":42,"column":2},"end":{"line":54,"column":3}},"line":42},"4":{"name":"loadLatest","decl":{"start":{"line":59,"column":2},"end":{"line":65,"column":3}},"loc":{"start":{"line":59,"column":2},"end":{"line":65,"column":3}},"line":59},"5":{"name":"create","decl":{"start":{"line":70,"column":9},"end":{"line":87,"column":3}},"loc":{"start":{"line":70,"column":9},"end":{"line":87,"column":3}},"line":70},"6":{"name":"restoreContext","decl":{"start":{"line":92,"column":9},"end":{"line":94,"column":3}},"loc":{"start":{"line":92,"column":9},"end":{"line":94,"column":3}},"line":92}},"f":{"0":10,"1":10,"2":6,"3":2,"4":2,"5":0,"6":2}}
,"/Users/markhingston/Downloads/strange-attractor/packages/core/src/conditions/index.test.ts": {"path":"/Users/markhingston/Downloads/strange-attractor/packages/core/src/conditions/index.test.ts","all":false,"statementMap":{"0":{"start":{"line":1,"column":0},"end":{"line":1,"column":46}},"1":{"start":{"line":2,"column":0},"end":{"line":2,"column":71}},"4":{"start":{"line":5,"column":0},"end":{"line":5,"column":75}},"5":{"start":{"line":6,"column":0},"end":{"line":6,"column":69}},"7":{"start":{"line":8,"column":0},"end":{"line":8,"column":37}},"8":{"start":{"line":9,"column":0},"end":{"line":9,"column":51}},"9":{"start":{"line":10,"column":0},"end":{"line":10,"column":80}},"10":{"start":{"line":11,"column":0},"end":{"line":11,"column":78}},"11":{"start":{"line":12,"column":0},"end":{"line":12,"column":78}},"12":{"start":{"line":13,"column":0},"end":{"line":13,"column":5}},"14":{"start":{"line":15,"column":0},"end":{"line":15,"column":55}},"15":{"start":{"line":16,"column":0},"end":{"line":16,"column":43}},"16":{"start":{"line":17,"column":0},"end":{"line":17,"column":95}},"17":{"start":{"line":18,"column":0},"end":{"line":18,"column":11}},"18":{"start":{"line":19,"column":0},"end":{"line":19,"column":96}},"19":{"start":{"line":20,"column":0},"end":{"line":20,"column":17}},"20":{"start":{"line":21,"column":0},"end":{"line":21,"column":5}},"22":{"start":{"line":23,"column":0},"end":{"line":23,"column":47}},"23":{"start":{"line":24,"column":0},"end":{"line":24,"column":68}},"24":{"start":{"line":25,"column":0},"end":{"line":25,"column":5}},"26":{"start":{"line":27,"column":0},"end":{"line":27,"column":42}},"27":{"start":{"line":28,"column":0},"end":{"line":28,"column":65}},"28":{"start":{"line":29,"column":0},"end":{"line":29,"column":75}},"29":{"start":{"line":30,"column":0},"end":{"line":30,"column":58}},"30":{"start":{"line":31,"column":0},"end":{"line":31,"column":5}},"31":{"start":{"line":32,"column":0},"end":{"line":32,"column":3}}},"s":{"0":1,"1":1,"4":1,"5":1,"7":1,"8":1,"9":1,"10":1,"11":1,"12":1,"14":1,"15":1,"16":1,"17":1,"18":1,"19":1,"20":1,"22":1,"23":1,"24":1,"26":1,"27":1,"28":1,"29":1,"30":1,"31":1},"branchMap":{"0":{"type":"branch","line":8,"loc":{"start":{"line":8,"column":30},"end":{"line":32,"column":3}},"locations":[{"start":{"line":8,"column":30},"end":{"line":32,"column":3}}]},"1":{"type":"branch","line":9,"loc":{"start":{"line":9,"column":44},"end":{"line":13,"column":3}},"locations":[{"start":{"line":9,"column":44},"end":{"line":13,"column":3}}]},"2":{"type":"branch","line":15,"loc":{"start":{"line":15,"column":48},"end":{"line":21,"column":3}},"locations":[{"start":{"line":15,"column":48},"end":{"line":21,"column":3}}]},"3":{"type":"branch","line":23,"loc":{"start":{"line":23,"column":40},"end":{"line":25,"column":3}},"locations":[{"start":{"line":23,"column":40},"end":{"line":25,"column":3}}]},"4":{"type":"branch","line":27,"loc":{"start":{"line":27,"column":35},"end":{"line":31,"column":3}},"locations":[{"start":{"line":27,"column":35},"end":{"line":31,"column":3}}]}},"b":{"0":[1],"1":[1],"2":[1],"3":[1],"4":[1]},"fnMap":{},"f":{}}
,"/Users/markhingston/Downloads/strange-attractor/packages/core/src/conditions/index.ts": {"path":"/Users/markhingston/Downloads/strange-attractor/packages/core/src/conditions/index.ts","all":false,"statementMap":{"6":{"start":{"line":7,"column":0},"end":{"line":7,"column":34}},"7":{"start":{"line":8,"column":0},"end":{"line":8,"column":20}},"8":{"start":{"line":9,"column":0},"end":{"line":9,"column":19}},"9":{"start":{"line":10,"column":0},"end":{"line":10,"column":27}},"10":{"start":{"line":11,"column":0},"end":{"line":11,"column":12}},"11":{"start":{"line":12,"column":0},"end":{"line":12,"column":35}},"12":{"start":{"line":13,"column":0},"end":{"line":13,"column":28}},"14":{"start":{"line":15,"column":0},"end":{"line":15,"column":83}},"15":{"start":{"line":16,"column":0},"end":{"line":16,"column":75}},"16":{"start":{"line":17,"column":0},"end":{"line":17,"column":1}},"18":{"start":{"line":19,"column":0},"end":{"line":19,"column":68}},"19":{"start":{"line":20,"column":0},"end":{"line":20,"column":35}},"20":{"start":{"line":21,"column":0},"end":{"line":21,"column":28}},"22":{"start":{"line":23,"column":0},"end":{"line":23,"column":83}},"23":{"start":{"line":24,"column":0},"end":{"line":24,"column":34}},"24":{"start":{"line":25,"column":0},"end":{"line":25,"column":72}},"25":{"start":{"line":26,"column":0},"end":{"line":26,"column":29}},"26":{"start":{"line":27,"column":0},"end":{"line":27,"column":32}},"27":{"start":{"line":28,"column":0},"end":{"line":28,"column":88}},"28":{"start":{"line":29,"column":0},"end":{"line":29,"column":19}},"29":{"start":{"line":30,"column":0},"end":{"line":30,"column":5}},"30":{"start":{"line":31,"column":0},"end":{"line":31,"column":36}},"31":{"start":{"line":32,"column":0},"end":{"line":32,"column":30}},"32":{"start":{"line":33,"column":0},"end":{"line":33,"column":5}},"33":{"start":{"line":34,"column":0},"end":{"line":34,"column":1}},"35":{"start":{"line":36,"column":0},"end":{"line":36,"column":95}},"36":{"start":{"line":37,"column":0},"end":{"line":37,"column":70}},"37":{"start":{"line":38,"column":0},"end":{"line":38,"column":27}},"39":{"start":{"line":40,"column":0},"end":{"line":40,"column":87}},"40":{"start":{"line":41,"column":0},"end":{"line":41,"column":28}},"41":{"start":{"line":42,"column":0},"end":{"line":42,"column":50}},"43":{"start":{"line":44,"column":0},"end":{"line":44,"column":26}},"44":{"start":{"line":45,"column":0},"end":{"line":45,"column":61}},"45":{"start":{"line":46,"column":0},"end":{"line":46,"column":3}},"47":{"start":{"line":48,"column":0},"end":{"line":48,"column":34}},"48":{"start":{"line":49,"column":0},"end":{"line":49,"column":69}},"49":{"start":{"line":50,"column":0},"end":{"line":50,"column":3}},"51":{"start":{"line":52,"column":0},"end":{"line":52,"column":35}},"52":{"start":{"line":53,"column":0},"end":{"line":53,"column":52}},"53":{"start":{"line":54,"column":0},"end":{"line":54,"column":60}},"54":{"start":{"line":55,"column":0},"end":{"line":55,"column":52}},"55":{"start":{"line":56,"column":0},"end":{"line":56,"column":3}},"57":{"start":{"line":58,"column":0},"end":{"line":58,"column":15}},"58":{"start":{"line":59,"column":0},"end":{"line":59,"column":1}},"60":{"start":{"line":61,"column":0},"end":{"line":61,"column":45}},"61":{"start":{"line":62,"column":0},"end":{"line":62,"column":29}},"62":{"start":{"line":63,"column":0},"end":{"line":63,"column":113}},"63":{"start":{"line":64,"column":0},"end":{"line":64,"column":32}},"64":{"start":{"line":65,"column":0},"end":{"line":65,"column":3}},"65":{"start":{"line":66,"column":0},"end":{"line":66,"column":38}},"66":{"start":{"line":67,"column":0},"end":{"line":67,"column":40}},"68":{"start":{"line":69,"column":0},"end":{"line":69,"column":34}},"69":{"start":{"line":70,"column":0},"end":{"line":70,"column":45}},"71":{"start":{"line":72,"column":0},"end":{"line":72,"column":17}},"72":{"start":{"line":73,"column":0},"end":{"line":73,"column":1}},"74":{"start":{"line":75,"column":0},"end":{"line":75,"column":80}},"75":{"start":{"line":76,"column":0},"end":{"line":76,"column":60}},"76":{"start":{"line":77,"column":0},"end":{"line":77,"column":25}},"77":{"start":{"line":78,"column":0},"end":{"line":78,"column":3}},"79":{"start":{"line":80,"column":0},"end":{"line":80,"column":35}},"80":{"start":{"line":81,"column":0},"end":{"line":81,"column":33}},"81":{"start":{"line":82,"column":0},"end":{"line":82,"column":35}},"82":{"start":{"line":83,"column":0},"end":{"line":83,"column":71}},"83":{"start":{"line":84,"column":0},"end":{"line":84,"column":62}},"84":{"start":{"line":85,"column":0},"end":{"line":85,"column":12}},"85":{"start":{"line":86,"column":0},"end":{"line":86,"column":23}},"86":{"start":{"line":87,"column":0},"end":{"line":87,"column":5}},"87":{"start":{"line":88,"column":0},"end":{"line":88,"column":3}},"88":{"start":{"line":89,"column":0},"end":{"line":89,"column":17}},"89":{"start":{"line":90,"column":0},"end":{"line":90,"column":1}},"91":{"start":{"line":92,"column":0},"end":{"line":92,"column":88}},"92":{"start":{"line":93,"column":0},"end":{"line":93,"column":90}},"93":{"start":{"line":94,"column":0},"end":{"line":94,"column":22}},"95":{"start":{"line":96,"column":0},"end":{"line":96,"column":40}},"96":{"start":{"line":97,"column":0},"end":{"line":97,"column":67}},"97":{"start":{"line":98,"column":0},"end":{"line":98,"column":44}},"98":{"start":{"line":99,"column":0},"end":{"line":99,"column":32}},"99":{"start":{"line":100,"column":0},"end":{"line":100,"column":55}},"100":{"start":{"line":101,"column":0},"end":{"line":101,"column":43}},"101":{"start":{"line":102,"column":0},"end":{"line":102,"column":10}},"102":{"start":{"line":103,"column":0},"end":{"line":103,"column":50}},"103":{"start":{"line":104,"column":0},"end":{"line":104,"column":3}},"105":{"start":{"line":106,"column":0},"end":{"line":106,"column":69}},"106":{"start":{"line":107,"column":0},"end":{"line":107,"column":1}},"108":{"start":{"line":109,"column":0},"end":{"line":109,"column":89}},"109":{"start":{"line":110,"column":0},"end":{"line":110,"column":48}},"110":{"start":{"line":111,"column":0},"end":{"line":111,"column":69}},"111":{"start":{"line":112,"column":0},"end":{"line":112,"column":1}},"113":{"start":{"line":114,"column":0},"end":{"line":114,"column":67}},"114":{"start":{"line":115,"column":0},"end":{"line":115,"column":67}},"115":{"start":{"line":116,"column":0},"end":{"line":116,"column":31}},"116":{"start":{"line":117,"column":0},"end":{"line":117,"column":3}},"117":{"start":{"line":118,"column":0},"end":{"line":118,"column":69}},"118":{"start":{"line":119,"column":0},"end":{"line":119,"column":31}},"119":{"start":{"line":120,"column":0},"end":{"line":120,"column":3}},"120":{"start":{"line":121,"column":0},"end":{"line":121,"column":48}},"121":{"start":{"line":122,"column":0},"end":{"line":122,"column":55}},"122":{"start":{"line":123,"column":0},"end":{"line":123,"column":3}},"123":{"start":{"line":124,"column":0},"end":{"line":124,"column":45}},"124":{"start":{"line":125,"column":0},"end":{"line":125,"column":1}}},"s":{"6":1,"7":6,"8":6,"9":6,"10":6,"11":6,"12":6,"14":5,"15":5,"16":5,"18":1,"19":11,"20":11,"22":11,"23":11,"24":11,"25":11,"26":11,"27":11,"28":1,"29":1,"30":10,"31":10,"32":11,"33":11,"35":6,"36":6,"37":6,"39":6,"40":6,"41":6,"43":6,"44":4,"45":4,"47":6,"48":0,"49":0,"51":2,"52":2,"53":2,"54":2,"55":2,"57":0,"58":0,"60":6,"61":6,"62":6,"63":0,"64":0,"65":6,"66":6,"68":4,"69":6,"71":4,"72":4,"74":2,"75":2,"76":2,"77":2,"79":0,"80":0,"81":0,"82":0,"83":0,"84":0,"85":0,"86":0,"87":0,"88":0,"89":0,"91":4,"92":4,"93":4,"95":4,"96":3,"97":4,"98":1,"99":1,"100":0,"101":0,"102":0,"103":0,"105":4,"106":4,"108":2,"109":2,"110":2,"111":2,"113":2,"114":2,"115":0,"116":0,"117":2,"118":2,"119":2,"120":2,"121":0,"122":0,"123":0,"124":0},"branchMap":{"0":{"type":"branch","line":7,"loc":{"start":{"line":7,"column":7},"end":{"line":17,"column":1}},"locations":[{"start":{"line":7,"column":7},"end":{"line":17,"column":1}}]},"1":{"type":"branch","line":13,"loc":{"start":{"line":13,"column":16},"end":{"line":13,"column":28}},"locations":[{"start":{"line":13,"column":16},"end":{"line":13,"column":28}}]},"2":{"type":"branch","line":13,"loc":{"start":{"line":13,"column":23},"end":{"line":17,"column":1}},"locations":[{"start":{"line":13,"column":23},"end":{"line":17,"column":1}}]},"3":{"type":"branch","line":15,"loc":{"start":{"line":15,"column":42},"end":{"line":15,"column":65}},"locations":[{"start":{"line":15,"column":42},"end":{"line":15,"column":65}}]},"4":{"type":"branch","line":16,"loc":{"start":{"line":16,"column":23},"end":{"line":16,"column":73}},"locations":[{"start":{"line":16,"column":23},"end":{"line":16,"column":73}}]},"5":{"type":"branch","line":19,"loc":{"start":{"line":19,"column":7},"end":{"line":34,"column":1}},"locations":[{"start":{"line":19,"column":7},"end":{"line":34,"column":1}}]},"6":{"type":"branch","line":21,"loc":{"start":{"line":21,"column":16},"end":{"line":21,"column":28}},"locations":[{"start":{"line":21,"column":16},"end":{"line":21,"column":28}}]},"7":{"type":"branch","line":23,"loc":{"start":{"line":23,"column":42},"end":{"line":23,"column":65}},"locations":[{"start":{"line":23,"column":42},"end":{"line":23,"column":65}}]},"8":{"type":"branch","line":24,"loc":{"start":{"line":24,"column":23},"end":{"line":33,"column":3}},"locations":[{"start":{"line":24,"column":23},"end":{"line":33,"column":3}}]},"9":{"type":"branch","line":26,"loc":{"start":{"line":26,"column":16},"end":{"line":26,"column":29}},"locations":[{"start":{"line":26,"column":16},"end":{"line":26,"column":29}}]},"10":{"type":"branch","line":28,"loc":{"start":{"line":28,"column":16},"end":{"line":28,"column":58}},"locations":[{"start":{"line":28,"column":16},"end":{"line":28,"column":58}}]},"11":{"type":"branch","line":28,"loc":{"start":{"line":28,"column":37},"end":{"line":28,"column":87}},"locations":[{"start":{"line":28,"column":37},"end":{"line":28,"column":87}}]},"12":{"type":"branch","line":28,"loc":{"start":{"line":28,"column":87},"end":{"line":30,"column":5}},"locations":[{"start":{"line":28,"column":87},"end":{"line":30,"column":5}}]},"13":{"type":"branch","line":30,"loc":{"start":{"line":30,"column":4},"end":{"line":32,"column":30}},"locations":[{"start":{"line":30,"column":4},"end":{"line":32,"column":30}}]},"14":{"type":"branch","line":36,"loc":{"start":{"line":36,"column":0},"end":{"line":59,"column":1}},"locations":[{"start":{"line":36,"column":0},"end":{"line":59,"column":1}}]},"15":{"type":"branch","line":38,"loc":{"start":{"line":38,"column":14},"end":{"line":38,"column":27}},"locations":[{"start":{"line":38,"column":14},"end":{"line":38,"column":27}}]},"16":{"type":"branch","line":44,"loc":{"start":{"line":44,"column":25},"end":{"line":46,"column":3}},"locations":[{"start":{"line":44,"column":25},"end":{"line":46,"column":3}}]},"17":{"type":"branch","line":46,"loc":{"start":{"line":46,"column":2},"end":{"line":48,"column":33}},"locations":[{"start":{"line":46,"column":2},"end":{"line":48,"column":33}}]},"18":{"type":"branch","line":48,"loc":{"start":{"line":48,"column":33},"end":{"line":50,"column":3}},"locations":[{"start":{"line":48,"column":33},"end":{"line":50,"column":3}}]},"19":{"type":"branch","line":50,"loc":{"start":{"line":50,"column":2},"end":{"line":56,"column":3}},"locations":[{"start":{"line":50,"column":2},"end":{"line":56,"column":3}}]},"20":{"type":"branch","line":56,"loc":{"start":{"line":56,"column":2},"end":{"line":59,"column":1}},"locations":[{"start":{"line":56,"column":2},"end":{"line":59,"column":1}}]},"21":{"type":"branch","line":61,"loc":{"start":{"line":61,"column":0},"end":{"line":73,"column":1}},"locations":[{"start":{"line":61,"column":0},"end":{"line":73,"column":1}}]},"22":{"type":"branch","line":63,"loc":{"start":{"line":63,"column":29},"end":{"line":63,"column":61}},"locations":[{"start":{"line":63,"column":29},"end":{"line":63,"column":61}}]},"23":{"type":"branch","line":63,"loc":{"start":{"line":63,"column":83},"end":{"line":63,"column":112}},"locations":[{"start":{"line":63,"column":83},"end":{"line":63,"column":112}}]},"24":{"type":"branch","line":63,"loc":{"start":{"line":63,"column":112},"end":{"line":65,"column":3}},"locations":[{"start":{"line":63,"column":112},"end":{"line":65,"column":3}}]},"25":{"type":"branch","line":66,"loc":{"start":{"line":66,"column":26},"end":{"line":66,"column":38}},"locations":[{"start":{"line":66,"column":26},"end":{"line":66,"column":38}}]},"26":{"type":"branch","line":66,"loc":{"start":{"line":66,"column":33},"end":{"line":67,"column":34}},"locations":[{"start":{"line":66,"column":33},"end":{"line":67,"column":34}}]},"27":{"type":"branch","line":67,"loc":{"start":{"line":67,"column":27},"end":{"line":67,"column":40}},"locations":[{"start":{"line":67,"column":27},"end":{"line":67,"column":40}}]},"28":{"type":"branch","line":67,"loc":{"start":{"line":67,"column":34},"end":{"line":70,"column":37}},"locations":[{"start":{"line":67,"column":34},"end":{"line":70,"column":37}}]},"29":{"type":"branch","line":70,"loc":{"start":{"line":70,"column":30},"end":{"line":70,"column":45}},"locations":[{"start":{"line":70,"column":30},"end":{"line":70,"column":45}}]},"30":{"type":"branch","line":70,"loc":{"start":{"line":70,"column":37},"end":{"line":73,"column":1}},"locations":[{"start":{"line":70,"column":37},"end":{"line":73,"column":1}}]},"31":{"type":"branch","line":75,"loc":{"start":{"line":75,"column":0},"end":{"line":90,"column":1}},"locations":[{"start":{"line":75,"column":0},"end":{"line":90,"column":1}}]},"32":{"type":"branch","line":78,"loc":{"start":{"line":78,"column":2},"end":{"line":90,"column":1}},"locations":[{"start":{"line":78,"column":2},"end":{"line":90,"column":1}}]},"33":{"type":"branch","line":92,"loc":{"start":{"line":92,"column":0},"end":{"line":107,"column":1}},"locations":[{"start":{"line":92,"column":0},"end":{"line":107,"column":1}}]},"34":{"type":"branch","line":93,"loc":{"start":{"line":93,"column":78},"end":{"line":93,"column":90}},"locations":[{"start":{"line":93,"column":78},"end":{"line":93,"column":90}}]},"35":{"type":"branch","line":96,"loc":{"start":{"line":96,"column":39},"end":{"line":98,"column":13}},"locations":[{"start":{"line":96,"column":39},"end":{"line":98,"column":13}}]},"36":{"type":"branch","line":97,"loc":{"start":{"line":97,"column":25},"end":{"line":97,"column":67}},"locations":[{"start":{"line":97,"column":25},"end":{"line":97,"column":67}}]},"37":{"type":"branch","line":98,"loc":{"start":{"line":98,"column":2},"end":{"line":104,"column":3}},"locations":[{"start":{"line":98,"column":2},"end":{"line":104,"column":3}}]},"38":{"type":"branch","line":100,"loc":{"start":{"line":100,"column":2},"end":{"line":104,"column":3}},"locations":[{"start":{"line":100,"column":2},"end":{"line":104,"column":3}}]},"39":{"type":"branch","line":106,"loc":{"start":{"line":106,"column":22},"end":{"line":106,"column":50}},"locations":[{"start":{"line":106,"column":22},"end":{"line":106,"column":50}}]},"40":{"type":"branch","line":106,"loc":{"start":{"line":106,"column":43},"end":{"line":106,"column":61}},"locations":[{"start":{"line":106,"column":43},"end":{"line":106,"column":61}}]},"41":{"type":"branch","line":106,"loc":{"start":{"line":106,"column":51},"end":{"line":106,"column":69}},"locations":[{"start":{"line":106,"column":51},"end":{"line":106,"column":69}}]},"42":{"type":"branch","line":109,"loc":{"start":{"line":109,"column":0},"end":{"line":112,"column":1}},"locations":[{"start":{"line":109,"column":0},"end":{"line":112,"column":1}}]},"43":{"type":"branch","line":111,"loc":{"start":{"line":111,"column":43},"end":{"line":111,"column":61}},"locations":[{"start":{"line":111,"column":43},"end":{"line":111,"column":61}}]},"44":{"type":"branch","line":114,"loc":{"start":{"line":114,"column":0},"end":{"line":125,"column":1}},"locations":[{"start":{"line":114,"column":0},"end":{"line":125,"column":1}}]},"45":{"type":"branch","line":115,"loc":{"start":{"line":115,"column":24},"end":{"line":115,"column":66}},"locations":[{"start":{"line":115,"column":24},"end":{"line":115,"column":66}}]},"46":{"type":"branch","line":115,"loc":{"start":{"line":115,"column":66},"end":{"line":117,"column":3}},"locations":[{"start":{"line":115,"column":66},"end":{"line":117,"column":3}}]},"47":{"type":"branch","line":120,"loc":{"start":{"line":120,"column":2},"end":{"line":121,"column":47}},"locations":[{"start":{"line":120,"column":2},"end":{"line":121,"column":47}}]},"48":{"type":"branch","line":121,"loc":{"start":{"line":121,"column":47},"end":{"line":125,"column":1}},"locations":[{"start":{"line":121,"column":47},"end":{"line":125,"column":1}}]}},"b":{"0":[6],"1":[1],"2":[5],"3":[6],"4":[6],"5":[11],"6":[0],"7":[11],"8":[11],"9":[0],"10":[2],"11":[2],"12":[1],"13":[10],"14":[6],"15":[0],"16":[4],"17":[2],"18":[0],"19":[2],"20":[0],"21":[6],"22":[0],"23":[0],"24":[0],"25":[2],"26":[4],"27":[0],"28":[4],"29":[0],"30":[4],"31":[2],"32":[0],"33":[4],"34":[0],"35":[3],"36":[1],"37":[1],"38":[0],"39":[3],"40":[1],"41":[3],"42":[2],"43":[0],"44":[2],"45":[0],"46":[0],"47":[0],"48":[0]},"fnMap":{"0":{"name":"evaluateCondition","decl":{"start":{"line":7,"column":7},"end":{"line":17,"column":1}},"loc":{"start":{"line":7,"column":7},"end":{"line":17,"column":1}},"line":7},"1":{"name":"isConditionSyntaxValid","decl":{"start":{"line":19,"column":7},"end":{"line":34,"column":1}},"loc":{"start":{"line":19,"column":7},"end":{"line":34,"column":1}},"line":19},"2":{"name":"evaluateClause","decl":{"start":{"line":36,"column":0},"end":{"line":59,"column":1}},"loc":{"start":{"line":36,"column":0},"end":{"line":59,"column":1}},"line":36},"3":{"name":"parseLiteral","decl":{"start":{"line":61,"column":0},"end":{"line":73,"column":1}},"loc":{"start":{"line":61,"column":0},"end":{"line":73,"column":1}},"line":61},"4":{"name":"resolveContextValue","decl":{"start":{"line":75,"column":0},"end":{"line":90,"column":1}},"loc":{"start":{"line":75,"column":0},"end":{"line":90,"column":1}},"line":75},"5":{"name":"compareOutcome","decl":{"start":{"line":92,"column":0},"end":{"line":107,"column":1}},"loc":{"start":{"line":92,"column":0},"end":{"line":107,"column":1}},"line":92},"6":{"name":"compareValues","decl":{"start":{"line":109,"column":0},"end":{"line":112,"column":1}},"loc":{"start":{"line":109,"column":0},"end":{"line":112,"column":1}},"line":109},"7":{"name":"valuesEqual","decl":{"start":{"line":114,"column":0},"end":{"line":125,"column":1}},"loc":{"start":{"line":114,"column":0},"end":{"line":125,"column":1}},"line":114}},"f":{"0":6,"1":11,"2":6,"3":6,"4":2,"5":4,"6":2,"7":2}}
,"/Users/markhingston/Downloads/strange-attractor/packages/core/src/context/index.ts": {"path":"/Users/markhingston/Downloads/strange-attractor/packages/core/src/context/index.ts","all":false,"statementMap":{"0":{"start":{"line":1,"column":0},"end":{"line":1,"column":35}},"5":{"start":{"line":6,"column":0},"end":{"line":6,"column":22}},"6":{"start":{"line":7,"column":0},"end":{"line":7,"column":39}},"7":{"start":{"line":8,"column":0},"end":{"line":8,"column":25}},"8":{"start":{"line":9,"column":0},"end":{"line":9,"column":26}},"10":{"start":{"line":11,"column":0},"end":{"line":11,"column":17}},"11":{"start":{"line":12,"column":0},"end":{"line":12,"column":28}},"12":{"start":{"line":13,"column":0},"end":{"line":13,"column":19}},"13":{"start":{"line":14,"column":0},"end":{"line":14,"column":32}},"14":{"start":{"line":15,"column":0},"end":{"line":15,"column":3}},"19":{"start":{"line":20,"column":0},"end":{"line":20,"column":57}},"20":{"start":{"line":21,"column":0},"end":{"line":21,"column":45}},"21":{"start":{"line":22,"column":0},"end":{"line":22,"column":34}},"22":{"start":{"line":23,"column":0},"end":{"line":23,"column":7}},"23":{"start":{"line":24,"column":0},"end":{"line":24,"column":3}},"28":{"start":{"line":29,"column":0},"end":{"line":29,"column":71}},"29":{"start":{"line":30,"column":0},"end":{"line":30,"column":52}},"30":{"start":{"line":31,"column":0},"end":{"line":31,"column":33}},"31":{"start":{"line":32,"column":0},"end":{"line":32,"column":41}},"32":{"start":{"line":33,"column":0},"end":{"line":33,"column":7}},"33":{"start":{"line":34,"column":0},"end":{"line":34,"column":26}},"34":{"start":{"line":35,"column":0},"end":{"line":35,"column":7}},"35":{"start":{"line":36,"column":0},"end":{"line":36,"column":3}},"40":{"start":{"line":41,"column":0},"end":{"line":41,"column":68}},"41":{"start":{"line":42,"column":0},"end":{"line":42,"column":38}},"42":{"start":{"line":43,"column":0},"end":{"line":43,"column":48}},"43":{"start":{"line":44,"column":0},"end":{"line":44,"column":26}},"44":{"start":{"line":45,"column":0},"end":{"line":45,"column":5}},"45":{"start":{"line":46,"column":0},"end":{"line":46,"column":25}},"46":{"start":{"line":47,"column":0},"end":{"line":47,"column":3}},"51":{"start":{"line":52,"column":0},"end":{"line":52,"column":49}},"52":{"start":{"line":53,"column":0},"end":{"line":53,"column":43}},"53":{"start":{"line":54,"column":0},"end":{"line":54,"column":28}},"54":{"start":{"line":55,"column":0},"end":{"line":55,"column":7}},"55":{"start":{"line":56,"column":0},"end":{"line":56,"column":3}},"60":{"start":{"line":61,"column":0},"end":{"line":61,"column":38}},"61":{"start":{"line":62,"column":0},"end":{"line":62,"column":65}},"62":{"start":{"line":63,"column":0},"end":{"line":63,"column":3}},"67":{"start":{"line":68,"column":0},"end":{"line":68,"column":39}},"70":{"start":{"line":71,"column":0},"end":{"line":71,"column":43}},"71":{"start":{"line":72,"column":0},"end":{"line":72,"column":3}},"76":{"start":{"line":77,"column":0},"end":{"line":77,"column":20}},"77":{"start":{"line":78,"column":0},"end":{"line":78,"column":37}},"80":{"start":{"line":81,"column":0},"end":{"line":81,"column":55}},"81":{"start":{"line":82,"column":0},"end":{"line":82,"column":11}},"82":{"start":{"line":83,"column":0},"end":{"line":83,"column":59}},"83":{"start":{"line":84,"column":0},"end":{"line":84,"column":15}},"85":{"start":{"line":86,"column":0},"end":{"line":86,"column":42}},"86":{"start":{"line":87,"column":0},"end":{"line":87,"column":7}},"87":{"start":{"line":88,"column":0},"end":{"line":88,"column":5}},"90":{"start":{"line":91,"column":0},"end":{"line":91,"column":37}},"92":{"start":{"line":93,"column":0},"end":{"line":93,"column":22}},"93":{"start":{"line":94,"column":0},"end":{"line":94,"column":3}},"98":{"start":{"line":99,"column":0},"end":{"line":99,"column":72}},"99":{"start":{"line":100,"column":0},"end":{"line":100,"column":45}},"100":{"start":{"line":101,"column":0},"end":{"line":101,"column":59}},"101":{"start":{"line":102,"column":0},"end":{"line":102,"column":36}},"102":{"start":{"line":103,"column":0},"end":{"line":103,"column":7}},"103":{"start":{"line":104,"column":0},"end":{"line":104,"column":7}},"104":{"start":{"line":105,"column":0},"end":{"line":105,"column":3}},"109":{"start":{"line":110,"column":0},"end":{"line":110,"column":67}},"110":{"start":{"line":111,"column":0},"end":{"line":111,"column":34}},"111":{"start":{"line":112,"column":0},"end":{"line":112,"column":58}},"112":{"start":{"line":113,"column":0},"end":{"line":113,"column":37}},"113":{"start":{"line":114,"column":0},"end":{"line":114,"column":5}},"114":{"start":{"line":115,"column":0},"end":{"line":115,"column":19}},"115":{"start":{"line":116,"column":0},"end":{"line":116,"column":3}},"120":{"start":{"line":121,"column":0},"end":{"line":121,"column":35}},"121":{"start":{"line":122,"column":0},"end":{"line":122,"column":83}},"122":{"start":{"line":123,"column":0},"end":{"line":123,"column":3}},"127":{"start":{"line":128,"column":0},"end":{"line":128,"column":44}},"128":{"start":{"line":129,"column":0},"end":{"line":129,"column":73}},"129":{"start":{"line":130,"column":0},"end":{"line":130,"column":3}},"134":{"start":{"line":135,"column":0},"end":{"line":135,"column":47}},"135":{"start":{"line":136,"column":0},"end":{"line":136,"column":76}},"136":{"start":{"line":137,"column":0},"end":{"line":137,"column":3}},"141":{"start":{"line":142,"column":0},"end":{"line":142,"column":32}},"142":{"start":{"line":143,"column":0},"end":{"l
[...]
":[0],"4":[0],"5":[5],"6":[5],"7":[2],"8":[1],"9":[1],"10":[1],"11":[1],"12":[26],"13":[2],"14":[31],"15":[33],"16":[22],"17":[31],"18":[33],"19":[39],"20":[0],"21":[39],"22":[173],"23":[212],"24":[371],"25":[202],"26":[8],"27":[65],"28":[3],"29":[1],"30":[374],"31":[125],"32":[40],"33":[5],"34":[14279],"35":[52],"36":[14227],"37":[3810],"38":[14227],"39":[5],"40":[0],"41":[0],"42":[61],"43":[0],"44":[0],"45":[0],"46":[0],"47":[5],"48":[0],"49":[0],"50":[69],"51":[67],"52":[66],"53":[65],"54":[64],"55":[33],"56":[32],"57":[69],"58":[2],"59":[67],"60":[2],"61":[1],"62":[1],"63":[0],"64":[67],"65":[67],"66":[1],"67":[66],"68":[1],"69":[0],"70":[0],"71":[66],"72":[66],"73":[1],"74":[65],"75":[1],"76":[0],"77":[0],"78":[65],"79":[33],"80":[27],"81":[1],"82":[26],"83":[1],"84":[0],"85":[0],"86":[0],"87":[26],"88":[6],"89":[65],"90":[1],"91":[64],"92":[1],"93":[0],"94":[0],"95":[2],"96":[0],"97":[0],"98":[0],"99":[0],"100":[64],"101":[32],"102":[26],"103":[2],"104":[21],"105":[5],"106":[5],"107":[6],"108":[64],"109":[31],"110":[20],"111":[30],"112":[1],"113":[1],"114":[33],"115":[64],"116":[58],"117":[31],"118":[27],"119":[31],"120":[0],"121":[27],"122":[31],"123":[33],"124":[2],"125":[31],"126":[2],"127":[0],"128":[31],"129":[27],"130":[31],"131":[27],"132":[6],"133":[61],"134":[39],"135":[22],"136":[39],"137":[0],"138":[0],"139":[0],"140":[22],"141":[39],"142":[26],"143":[13],"144":[26],"145":[0],"146":[13],"147":[173],"148":[147],"149":[26],"150":[147],"151":[0],"152":[26],"153":[0],"154":[212],"155":[0],"156":[0],"157":[0],"158":[0],"159":[212],"160":[0],"161":[389],"162":[371],"163":[18],"164":[371],"165":[365],"166":[6],"167":[2948],"168":[2583],"169":[365],"170":[18],"171":[213],"172":[11],"173":[10],"174":[9],"175":[213],"176":[202],"177":[11],"178":[202],"179":[3146],"180":[0],"181":[0],"182":[11],"183":[3348],"184":[8],"185":[3340],"186":[8],"187":[3340],"188":[65],"189":[3275],"190":[65],"191":[3275],"192":[0],"193":[0],"194":[0],"195":[0],"196":[3073],"197":[202],"198":[21],"199":[0],"200":[3],"201":[18],"202":[3],"203":[0],"204":[18],"205":[3],"206":[18],"207":[10],"208":[0],"209":[1],"210":[9],"211":[1],"212":[0],"213":[0],"214":[0],"215":[10],"216":[0],"217":[0],"218":[0],"219":[0],"220":[11],"221":[2],"222":[0],"223":[1],"224":[1],"225":[9],"226":[1593],"227":[847],"228":[2289],"229":[746],"230":[3882],"231":[2289],"232":[1593],"233":[0],"234":[1593],"235":[0],"236":[0],"237":[0],"238":[0],"239":[0],"240":[0],"241":[5],"242":[33],"243":[0],"244":[26],"245":[0],"246":[1],"247":[33],"248":[0],"249":[6],"250":[63],"251":[26],"252":[37],"253":[31],"254":[33],"255":[6],"256":[3],"257":[2],"258":[1],"259":[2],"260":[1],"261":[1],"262":[2],"263":[1],"264":[1],"265":[1],"266":[0],"267":[1],"268":[2],"269":[0],"270":[0],"271":[1],"272":[0],"273":[61],"274":[201],"275":[1],"276":[1],"277":[1],"278":[200],"279":[27],"280":[0],"281":[0],"282":[0],"283":[1],"284":[34],"285":[1],"286":[3]},"fnMap":{"0":{"name":"peg$SyntaxError","decl":{"start":{"line":7,"column":2},"end":{"line":13,"column":3}},"loc":{"start":{"line":7,"column":2},"end":{"line":13,"column":3}},"line":7},"1":{"name":"format","decl":{"start":{"line":15,"column":2},"end":{"line":44,"column":3}},"loc":{"start":{"line":15,"column":2},"end":{"line":44,"column":3}},"line":15},"2":{"name":"buildMessage","decl":{"start":{"line":46,"column":9},"end":{"line":153,"column":3}},"loc":{"start":{"line":46,"column":9},"end":{"line":153,"column":3}},"line":46},"3":{"name":"peg$parse","decl":{"start":{"line":156,"column":0},"end":{"line":2045,"column":1}},"loc":{"start":{"line":156,"column":0},"end":{"line":2045,"column":1}},"line":156},"4":{"name":"peg$f0","decl":{"start":{"line":237,"column":2},"end":{"line":239,"column":3}},"loc":{"start":{"line":237,"column":2},"end":{"line":239,"column":3}},"line":237},"5":{"name":"peg$f1","decl":{"start":{"line":240,"column":2},"end":{"line":240,"column":45}},"loc":{"start":{"line":240,"column":2},"end":{"line":240,"column":45}},"line":240},"6":{"name":"peg$f2","decl":{"start":{"line":241,"column":2},"end":{"line":241,"column":43}},"loc":{"start":{"line":241,"column":2},"end":{"line":241,"column":43}},"line":241},"7":{"name":"peg$f3","decl":{"start":{"line":242,"column":2},"end":{"line":244,"column":3}},"loc":{"start":{"line":242,"column":2},"end":{"line":244,"column":3}},"line":242},"8":{"name":"peg$f4","decl":{"start":{"line":245,"column":2},"end":{"line":247,"column":3}},"loc":{"start":{"line":245,"column":2},"end":{"line":247,"column":3}},"line":245},"9":{"name":"peg$f5","decl":{"start":{"line":248,"column":2},"end":{"line":250,"column":3}},"loc":{"start":{"line":248,"column":2},"end":{"line":250,"column":3}},"line":248},"10":{"name":"peg$f6","decl":{"start":{"line":251,"column":2},"end":{"line":253,"column":3}},"loc":{"start":{"line":251,"column":2},"end":{"line":253,"column":3}},"line":251},"11":{"name":"peg$f7","decl":{"start":{"line":254,"column":2},"end":{"line":256,"column":3}},"loc":{"start":{"line":254,"column":2},"end":{"line":256,"column":3}},"line":254},"12":{"name":"peg$f8","decl":{"start":{"line":257,"column":2},"end":{"line":263,"column":3}},"loc":{"start":{"line":257,"column":2},"end":{"line":263,"column":3}},"line":257},"13":{"name":"peg$f9","decl":{"start":{"line":264,"column":2},"end":{"line":275,"column":3}},"loc":{"start":{"line":264,"column":2},"end":{"line":275,"column":3}},"line":264},"14":{"name":"peg$f10","decl":{"start":{"line":276,"column":2},"end":{"line":278,"column":3}},"loc":{"start":{"line":276,"column":2},"end":{"line":278,"column":3}},"line":276},"15":{"name":"peg$f11","decl":{"start":{"line":279,"column":2},"end":{"line":281,"column":3}},"loc":{"start":{"line":279,"column":2},"end":{"line":281,"column":3}},"line":279},"16":{"name":"peg$f12","decl":{"start":{"line":282,"column":2},"end":{"line":288,"column":3}},"loc":{"start":{"line":282,"column":2},"end":{"line":288,"column":3}},"line":282},"17":{"name":"peg$f13","decl":{"start":{"line":289,"column":2},"end":{"line":291,"column":3}},"loc":{"start":{"line":289,"column":2},"end":{"line":291,"column":3}},"line":289},"18":{"name":"peg$f14","decl":{"start":{"line":292,"column":2},"end":{"line":294,"column":3}},"loc":{"start":{"line":292,"column":2},"end":{"line":294,"column":3}},"line":292},"19":{"name":"peg$f15","decl":{"start":{"line":295,"column":2},"end":{"line":297,"column":3}},"loc":{"start":{"line":295,"column":2},"end":{"line":297,"column":3}},"line":295},"20":{"name":"peg$f16","decl":{"start":{"line":298,"column":2},"end":{"line":300,"column":3}},"loc":{"start":{"line":298,"column":2},"end":{"line":300,"column":3}},"line":298},"21":{"name":"peg$f17","decl":{"start":{"line":301,"column":2},"end":{"line":301,"column":40}},"loc":{"start":{"line":301,"column":2},"end":{"line":301,"column":40}},"line":301},"22":{"name":"peg$f18","decl":{"start":{"line":302,"column":2},"end":{"line":302,"column":41}},"loc":{"start":{"line":302,"column":2},"end":{"line":302,"column":41}},"line":302},"23":{"name":"peg$f19","decl":{"start":{"line":303,"column":2},"end":{"line":303,"column":41}},"loc":{"start":{"line":303,"column":2},"end":{"line":303,"column":41}},"line":303},"24":{"name":"peg$f20","decl":{"start":{"line":304,"column":2},"end":{"line":304,"column":41}},"loc":{"start":{"line":304,"column":2},"end":{"line":304,"column":41}},"line":304},"25":{"name":"peg$f21","decl":{"start":{"line":305,"column":2},"end":{"line":307,"column":3}},"loc":{"start":{"line":305,"column":2},"end":{"line":307,"column":3}},"line":305},"26":{"name":"peg$f22","decl":{"start":{"line":308,"column":2},"end":{"line":310,"column":3}},"loc":{"start":{"line":308,"column":2},"end":{"line":310,"column":3}},"line":308},"27":{"name":"peg$f23","decl":{"start":{"line":311,"column":2},"end":{"line":311,"column":41}},"loc":{"start":{"line":311,"column":2},"end":{"line":311,"column":41}},"line":311},"28":{"name":"peg$f24","decl":{"start":{"line":312,"column":2},"end":{"line":312,"column":42}},"loc":{"start":{"line":312,"column":2},"end":{"line":312,"column":42}},"line":312},"29":{"name":"peg$f25","decl":{"start":{"line":313,"column":2},"end":{"line":315,"column":3}},"loc":{"start":{"line":313,"column":2},"end":{"line":315,"column":3}},"line":313},"30":{"name":"text","decl":{"start":{"line":333,"column":2},"end":{"line":335,"column":3}},"loc":{"start":{"line":333,"column":2},"end":{"line":335,"column":3}},"line":333},"31":{"name":"offset","decl":{"start":{"line":337,"column":2},"end":{"line":339,"column":3}},"loc":{"start":{"line":337,"column":2},"end":{"line":339,"column":3}},"line":337},"32":{"name":"range","decl":{"start":{"line":341,"column":2},"end":{"line":347,"column":3}},"loc":{"start":{"line":341,"column":2},"end":{"line":347,"column":3}},"line":341},"33":{"name":"location","decl":{"start":{"line":349,"column":2},"end":{"line":351,"column":3}},"loc":{"start":{"line":349,"column":2},"end":{"line":351,"column":3}},"line":349},"34":{"name":"expected","decl":{"start":{"line":353,"column":2},"end":{"line":363,"column":3}},"loc":{"start":{"line":353,"column":2},"end":{"line":363,"column":3}},"line":353},"35":{"name":"error","decl":{"start":{"line":365,"column":2},"end":{"line":371,"column":3}},"loc":{"start":{"line":365,"column":2},"end":{"line":371,"column":3}},"line":365},"36":{"name":"peg$getUnicode","decl":{"start":{"line":373,"column":2},"end":{"line":379,"column":3}},"loc":{"start":{"line":373,"column":2},"end":{"line":379,"column":3}},"line":373},"37":{"name":"peg$literalExpectation","decl":{"start":{"line":381,"column":2},"end":{"line":383,"column":3}},"loc":{"start":{"line":381,"column":2},"end":{"line":383,"column":3}},"line":381},"38":{"name":"peg$classExpectation","decl":{"start":{"line":385,"column":2},"end":{"line":387,"column":3}},"loc":{"start":{"line":385,"column":2},"end":{"line":387,"column":3}},"line":385},"39":{"name":"peg$anyExpectation","decl":{"start":{"line":389,"column":2},"end":{"line":391,"column":3}},"loc":{"start":{"line":389,"column":2},"end":{"line":391,"column":3}},"line":389},"40":{"name":"peg$endExpectation","decl":{"start":{"line":393,"column":2},"end":{"line":395,"column":3}},"loc":{"start":{"line":393,"column":2},"end":{"line":395,"column":3}},"line":393},"41":{"name":"peg$otherExpectation","decl":{"start":{"line":397,"column":2},"end":{"line":399,"column":3}},"loc":{"start":{"line":397,"column":2},"end":{"line":399,"column":3}},"line":397},"42":{"name":"peg$computePosDetails","decl":{"start":{"line":401,"column":2},"end":{"line":436,"column":3}},"loc":{"start":{"line":401,"column":2},"end":{"line":436,"column":3}},"line":401},"43":{"name":"peg$computeLocation","decl":{"start":{"line":438,"column":2},"end":{"line":460,"column":3}},"loc":{"start":{"line":438,"column":2},"end":{"line":460,"column":3}},"line":438},"44":{"name":"peg$fail","decl":{"start":{"line":462,"column":2},"end":{"line":471,"column":3}},"loc":{"start":{"line":462,"column":2},"end":{"line":471,"column":3}},"line":462},"45":{"name":"peg$buildSimpleError","decl":{"start":{"line":473,"column":2},"end":{"line":475,"column":3}},"loc":{"start":{"line":473,"column":2},"end":{"line":475,"column":3}},"line":473},"46":{"name":"peg$buildStructuredError","decl":{"start":{"line":477,"column":2},"end":{"line":484,"column":3}},"loc":{"start":{"line":477,"column":2},"end":{"line":484,"column":3}},"line":477},"47":{"name":"peg$parseGraph","decl":{"start":{"line":486,"column":2},"end":{"line":540,"column":3}},"loc":{"start":{"line":486,"column":2},"end":{"line":540,"column":3}},"line":486},"48":{"name":"peg$parseGraphType","decl":{"start":{"line":542,"column":2},"end":{"line":575,"column":3}},"loc":{"start":{"line":542,"column":2},"end":{"line":575,"column":3}},"line":542},"49":{"name":"peg$parseStatement","decl":{"start":{"line":577,"column":2},"end":{"line":601,"column":3}},"loc":{"start":{"line":577,"column":2},"end":{"line":601,"column":3}},"line":577},"50":{"name":"peg$parseGraphAttrStmt","decl":{"start":{"line":603,"column":2},"end":{"line":642,"column":3}},"loc":{"start":{"line":603,"column":2},"end":{"line":642,"column":3}},"line":603},"51":{"name":"peg$parseNodeDefaults","decl":{"start":{"line":644,"column":2},"end":{"line":683,"column":3}},"loc":{"start":{"line":644,"column":2},"end":{"line":683,"column":3}},"line":644},"52":{"name":"peg$parseEdgeDefaults","decl":{"start":{"line":685,"column":2},"end":{"line":724,"column":3}},"loc":{"start":{"line":685,"column":2},"end":{"line":724,"column":3}},"line":685},"53":{"name":"peg$parseGraphAttrDecl","decl":{"start":{"line":726,"column":2},"end":{"line":772,"column":3}},"loc":{"start":{"line":726,"column":2},"end":{"line":772,"column":3}},"line":726},"54":{"name":"peg$parseSubgraphStmt","decl":{"start":{"line":774,"column":2},"end":{"line":844,"column":3}},"loc":{"start":{"line":774,"column":2},"end":{"line":844,"column":3}},"line":774},"55":{"name":"peg$parseNodeStmt","decl":{"start":{"line":846,"column":2},"end":{"line":877,"column":3}},"loc":{"start":{"line":846,"column":2},"end":{"line":877,"column":3}},"line":846},"56":{"name":"peg$parseEdgeStmt","decl":{"start":{"line":879,"column":2},"end":{"line":910,"column":3}},"loc":{"start":{"line":879,"column":2},"end":{"line":910,"column":3}},"line":879},"57":{"name":"peg$parseNodeChain","decl":{"start":{"line":912,"column":2},"end":{"line":985,"column":3}},"loc":{"start":{"line":912,"column":2},"end":{"line":985,"column":3}},"line":912},"58":{"name":"peg$parseAttrBlock","decl":{"start":{"line":987,"column":2},"end":{"line":1025,"column":3}},"loc":{"start":{"line":987,"column":2},"end":{"line":1025,"column":3}},"line":987},"59":{"name":"peg$parseAttrList","decl":{"start":{"line":1027,"column":2},"end":{"line":1091,"column":3}},"loc":{"start":{"line":1027,"column":2},"end":{"line":1091,"column":3}},"line":1027},"60":{"name":"peg$parseAttr","decl":{"start":{"line":1093,"column":2},"end":{"line":1127,"column":3}},"loc":{"start":{"line":1093,"column":2},"end":{"line":1127,"column":3}},"line":1093},"61":{"name":"peg$parseKey","decl":{"start":{"line":1129,"column":2},"end":{"line":1138,"column":3}},"loc":{"start":{"line":1129,"column":2},"end":{"line":1138,"column":3}},"line":1129},"62":{"name":"peg$parseQualifiedId","decl":{"start":{"line":1140,"column":2},"end":{"line":1209,"column":3}},"loc":{"start":{"line":1140,"column":2},"end":{"line":1209,"column":3}},"line":1140},"63":{"name":"peg$parseIdentifier","decl":{"start":{"line":1211,"column":2},"end":{"line":1249,"column":3}},"loc":{"start":{"line":1211,"column":2},"end":{"line":1249,"column":3}},"line":1211},"64":{"name":"peg$parseValue","decl":{"start":{"line":1251,"column":2},"end":{"line":1272,"column":3}},"loc":{"start":{"line":1251,"column":2},"end":{"line":1272,"column":3}},"line":1251},"65":{"name":"peg$parseString","decl":{"start":{"line":1274,"column":2},"end":{"line":1312,"column":3}},"loc":{"start":{"line":1274,"column":2},"end":{"line":1312,"column":3}},"line":1274},"66":{"name":"peg$parseStringChar","decl":{"start":{"line":1314,"column":2},"end":{"line":1386,"column":3}},"loc":{"start":{"line":1314,"column":2},"end":{"line":1386,"column":3}},"line":1314},"67":{"name":"peg$parseInteger","decl":{"start":{"line":1388,"column":2},"end":{"line":1433,"column":3}},"loc":{"start":{"line":1388,"column":2},"end":{"line":1433,"column":3}},"line":1388},"68":{"name":"peg$parseFloat","decl":{"start":{"line":1435,"column":2},"end":{"line":1510,"column":3}},"loc":{"start":{"line":1435,"column":2},"end":{"line":1510,"column":3}},"line":1435},"69":{"name":"peg$parseBoolean","decl":{"start":{"line":1512,"column":2},"end":{"line":1545,"column":3}},"loc":{"start":{"line":1512,"column":2},"end":{"line":1545,"column":3}},"line":1512},"70":{"name":"peg$parseDuration","decl":{"start":{"line":1547,"column":2},"end":{"line":1582,"column":3}},"loc":{"start":{"line":1547,"column":2},"end":{"line":1582,"column":3}},"line":1547},"71":{"name":"peg$parse_","decl":{"start":{"line":1584,"column":2},"end":{"line":1603,"column":3}},"loc":{"start":{"line":1584,"column":2},"end":{"line":1603,"column":3}},"line":1584},"72":{"name":"peg$parseWhitespace","decl":{"start":{"line":1605,"column":2},"end":{"line":1617,"column":3}},"loc":{"start":{"line":1605,"column":2},"end":{"line":1617,"column":3}},"line":1605},"73":{"name":"peg$parseComment","decl":{"start":{"line":1619,"column":2},"end":{"line":1820,"column":3}},"loc":{"start":{"line":1619,"column":2},"end":{"line":1820,"column":3}},"line":1619},"74":{"name":"buildGraph","decl":{"start":{"line":1824,"column":2},"end":{"line":1918,"column":3}},"loc":{"start":{"line":1824,"column":2},"end":{"line":1918,"column":3}},"line":1824},"75":{"name":"applyNodeDefaults","decl":{"start":{"line":1835,"column":4},"end":{"line":1860,"column":5}},"loc":{"start":{"line":1835,"column":4},"end":{"line":1860,"column":5}},"line":1835},"76":{"name":"applyEdgeDefaults","decl":{"start":{"line":1862,"column":4},"end":{"line":1874,"column":5}},"loc":{"start":{"line":1862,"column":4},"end":{"line":1874,"column":5}},"line":1862},"77":{"name":"processStatements","decl":{"start":{"line":1876,"column":4},"end":{"line":1899,"column":5}},"loc":{"start":{"line":1876,"column":4},"end":{"line":1899,"column":5}},"line":1876},"78":{"name":"deriveSubgraphClass","decl":{"start":{"line":1920,"column":2},"end":{"line":1931,"column":3}},"loc":{"start":{"line":1920,"column":2},"end":{"line":1931,"column":3}},"line":1920},"79":{"name":"slugifyLabel","decl":{"start":{"line":1933,"column":2},"end":{"line":1938,"column":3}},"loc":{"start":{"line":1933,"column":2},"end":{"line":1938,"column":3}},"line":1933},"80":{"name":"mergeClasses","decl":{"start":{"line":1940,"column":2},"end":{"line":1951,"column":3}},"loc":{"start":{"line":1940,"column":2},"end":{"line":1951,"column":3}},"line":1940},"81":{"name":"toMilliseconds","decl":{"start":{"line":1953,"column":2},"end":{"line":1963,"column":3}},"loc":{"start":{"line":1953,"column":2},"end":{"line":1963,"column":3}},"line":1953},"82":{"name":"normalizeAttributes","decl":{"start":{"line":1965,"column":2},"end":{"line":1975,"column":3}},"loc":{"start":{"line":1965,"column":2},"end":{"line":1975,"column":3}},"line":1965},"83":{"name":"parseNodeAttributes","decl":{"start":{"line":1977,"column":2},"end":{"line":1997,"column":3}},"loc":{"start":{"line":1977,"column":2},"end":{"line":1997,"column":3}},"line":1977},"84":{"name":"parseEdgeAttributes","decl":{"start":{"line":1999,"column":2},"end":{"line":2011,"column":3}},"loc":{"start":{"line":1999,"column":2},"end":{"line":2011,"column":3}},"line":1999},"85":{"name":"peg$throw","decl":{"start":{"line":2016,"column":2},"end":{"line":2028,"column":3}},"loc":{"start":{"line":2016,"column":2},"end":{"line":2028,"column":3}},"line":2016}},"f":{"0":0,"1":0,"2":0,"3":5,"4":5,"5":5,"6":0,"7":2,"8":1,"9":1,"10":1,"11":1,"12":26,"13":31,"14":31,"15":39,"16":39,"17":212,"18":0,"19":371,"20":202,"21":8,"22":65,"23":0,"24":0,"25":3,"26":0,"27":0,"28":0,"29":1,"30":374,"31":0,"32":0,"33":0,"34":0,"35":0,"36":0,"37":125,"38":40,"39":5,"40":0,"41":0,"42":0,"43":0,"44":14279,"45":0,"46":0,"47":5,"48":5,"49":69,"50":69,"51":67,"52":66,"53":33,"54":65,"55":32,"56":64,"57":64,"58":61,"59":39,"60":212,"61":212,"62":0,"63":389,"64":213,"65":213,"66":3348,"67":21,"68":10,"69":10,"70":11,"71":1593,"72":3882,"73":1593,"74":5,"75":26,"76":33,"77":6,"78":1,"79":1,"80":2,"81":1,"82":61,"83":27,"84":34,"85":0}}
,"/Users/markhingston/Downloads/strange-attractor/packages/dot-parser/src/types.ts": {"path":"/Users/markhingston/Downloads/strange-attractor/packages/dot-parser/src/types.ts","all":true,"statementMap":{},"s":{},"branchMap":{"0":{"type":"branch","line":1,"loc":{"start":{"line":1,"column":1105},"end":{"line":52,"column":1}},"locations":[{"start":{"line":1,"column":1105},"end":{"line":52,"column":1}}]}},"b":{"0":[1]},"fnMap":{"0":{"name":"(empty-report)","decl":{"start":{"line":1,"column":1105},"end":{"line":52,"column":1}},"loc":{"start":{"line":1,"column":1105},"end":{"line":52,"column":1}},"line":1}},"f":{"0":1}}
}
