{"/Users/markhingston/Downloads/strange-attractor/packages/cli/src/e2e-smoke.test.ts": {"path":"/Users/markhingston/Downloads/strange-attractor/packages/cli/src/e2e-smoke.test.ts","all":false,"statementMap":{"0":{"start":{"line":1,"column":0},"end":{"line":1,"column":57}},"1":{"start":{"line":2,"column":0},"end":{"line":2,"column":64}},"2":{"start":{"line":3,"column":0},"end":{"line":3,"column":43}},"3":{"start":{"line":4,"column":0},"end":{"line":4,"column":33}},"4":{"start":{"line":5,"column":0},"end":{"line":5,"column":42}},"5":{"start":{"line":6,"column":0},"end":{"line":6,"column":41}},"13":{"start":{"line":14,"column":0},"end":{"line":14,"column":84}},"14":{"start":{"line":15,"column":0},"end":{"line":15,"column":79}},"15":{"start":{"line":16,"column":0},"end":{"line":16,"column":80}},"16":{"start":{"line":17,"column":0},"end":{"line":17,"column":74}},"18":{"start":{"line":19,"column":0},"end":{"line":19,"column":39}},"19":{"start":{"line":20,"column":0},"end":{"line":20,"column":20}},"21":{"start":{"line":22,"column":0},"end":{"line":22,"column":25}},"22":{"start":{"line":23,"column":0},"end":{"line":23,"column":70}},"23":{"start":{"line":24,"column":0},"end":{"line":24,"column":31}},"24":{"start":{"line":25,"column":0},"end":{"line":25,"column":67}},"25":{"start":{"line":26,"column":0},"end":{"line":26,"column":5}},"27":{"start":{"line":28,"column":0},"end":{"line":28,"column":65}},"28":{"start":{"line":29,"column":0},"end":{"line":29,"column":36}},"29":{"start":{"line":30,"column":0},"end":{"line":30,"column":96}},"30":{"start":{"line":31,"column":0},"end":{"line":31,"column":14}},"31":{"start":{"line":32,"column":0},"end":{"line":32,"column":6}},"32":{"start":{"line":33,"column":0},"end":{"line":33,"column":32}},"33":{"start":{"line":34,"column":0},"end":{"line":34,"column":54}},"34":{"start":{"line":35,"column":0},"end":{"line":35,"column":5}},"36":{"start":{"line":37,"column":0},"end":{"line":37,"column":92}},"37":{"start":{"line":38,"column":0},"end":{"line":38,"column":82}},"38":{"start":{"line":39,"column":0},"end":{"line":39,"column":61}},"39":{"start":{"line":40,"column":0},"end":{"line":40,"column":20}},"40":{"start":{"line":41,"column":0},"end":{"line":41,"column":16}},"41":{"start":{"line":42,"column":0},"end":{"line":42,"column":7}},"42":{"start":{"line":43,"column":0},"end":{"line":43,"column":37}},"43":{"start":{"line":44,"column":0},"end":{"line":44,"column":53}},"44":{"start":{"line":45,"column":0},"end":{"line":45,"column":146}},"45":{"start":{"line":46,"column":0},"end":{"line":46,"column":50}},"46":{"start":{"line":47,"column":0},"end":{"line":47,"column":27}},"47":{"start":{"line":48,"column":0},"end":{"line":48,"column":26}},"48":{"start":{"line":49,"column":0},"end":{"line":49,"column":12}},"49":{"start":{"line":50,"column":0},"end":{"line":50,"column":11}},"50":{"start":{"line":51,"column":0},"end":{"line":51,"column":18}},"51":{"start":{"line":52,"column":0},"end":{"line":52,"column":6}},"53":{"start":{"line":54,"column":0},"end":{"line":54,"column":36}},"54":{"start":{"line":55,"column":0},"end":{"line":55,"column":70}},"55":{"start":{"line":56,"column":0},"end":{"line":56,"column":14}},"56":{"start":{"line":57,"column":0},"end":{"line":57,"column":6}},"57":{"start":{"line":58,"column":0},"end":{"line":58,"column":32}},"58":{"start":{"line":59,"column":0},"end":{"line":59,"column":62}},"59":{"start":{"line":60,"column":0},"end":{"line":60,"column":5}},"61":{"start":{"line":62,"column":0},"end":{"line":62,"column":72}},"62":{"start":{"line":63,"column":0},"end":{"line":63,"column":36}},"63":{"start":{"line":64,"column":0},"end":{"line":64,"column":7}},"64":{"start":{"line":65,"column":0},"end":{"line":65,"column":25}},"65":{"start":{"line":66,"column":0},"end":{"line":66,"column":18}},"66":{"start":{"line":67,"column":0},"end":{"line":67,"column":14}},"67":{"start":{"line":68,"column":0},"end":{"line":68,"column":18}},"68":{"start":{"line":69,"column":0},"end":{"line":69,"column":20}},"69":{"start":{"line":70,"column":0},"end":{"line":70,"column":22}},"70":{"start":{"line":71,"column":0},"end":{"line":71,"column":17}},"71":{"start":{"line":72,"column":0},"end":{"line":72,"column":21}},"72":{"start":{"line":73,"column":0},"end":{"line":73,"column":17}},"73":{"start":{"line":74,"column":0},"end":{"line":74,"column":24}},"74":{"start":{"line":75,"column":0},"end":{"line":75,"column":14}},"75":{"start":{"line":76,"column":0},"end":{"line":76,"column":8}},"76":{"start":{"line":77,"column":0},"end":{"line":77,"column":14}},"77":{"start":{"line":78,"column":0},"end":{"line":78,"column":6}},"78":{"start":{"line":79,"column":0},"end":{"line":79,"column":32}},"80":{"start":{"line":81,"column":0},"end":{"line":81,"column":30}},"81":{"start":{"line":82,"column":0},"end":{"line":82,"column":68}},"82":{"start":{"line":83,"column":0},"end":{"line":83,"column":33}},"83":{"start":{"line":84,"column":0},"end":{"line":84,"column":81}},"84":{"start":{"line":85,"column":0},"end":{"line":85,"column":32}},"85":{"start":{"line":86,"column":0},"end":{"line":86,"column":66}},"86":{"start":{"line":87,"column":0},"end":{"line":87,"column":33}},"88":{"start":{"line":89,"column":0},"end":{"line":89,"column":42}},"89":{"start":{"line":90,"column":0},"end":{"line":90,"column":47}},"90":{"start":{"line":91,"column":0},"end":{"line":91,"column":40}},"91":{"start":{"line":92,"column":0},"end":{"line":92,"column":60}},"92":{"start":{"line":93,"column":0},"end":{"line":93,"column":81}},"93":{"start":{"line":94,"column":0},"end":{"line":94,"column":79}},"94":{"start":{"line":95,"column":0},"end":{"line":95,"column":5}},"96":{"start":{"line":97,"column":0},"end":{"line":97,"column":68}},"97":{"start":{"line":98,"column":0},"end":{"line":98,"column":36}},"98":{"start":{"line":99,"column":0},"end":{"line":99,"column":7}},"99":{"start":{"line":100,"column":0},"end":{"line":100,"column":25}},"100":{"start":{"line":101,"column":0},"end":{"line":101,"column":18}},"101":{"start":{"line":102,"column":0},"end":{"line":102,"column":17}},"102":{"start":{"line":103,"column":0},"end":{"line":103,"column":18}},"103":{"start":{"line":104,"column":0},"end":{"line":104,"column":20}},"104":{"start":{"line":105,"column":0},"end":{"line":105,"column":22}},"105":{"start":{"line":106,"column":0},"end":{"line":106,"column":17}},"106":{"start":{"line":107,"column":0},"end":{"line":107,"column":21}},"107":{"start":{"line":108,"column":0},"end":{"line":108,"column":17}},"108":{"start":{"line":109,"column":0},"end":{"line":109,"column":24}},"109":{"start":{"line":110,"column":0},"end":{"line":110,"column":14}},"110":{"start":{"line":111,"column":0},"end":{"line":111,"column":8}},"111":{"start":{"line":112,"column":0},"end":{"line":112,"column":14}},"112":{"start":{"line":113,"column":0},"end":{"line":113,"column":6}},"113":{"start":{"line":114,"column":0},"end":{"line":114,"column":32}},"114":{"start":{"line":115,"column":0},"end":{"line":115,"column":5}},"116":{"start":{"line":117,"column":0},"end":{"line":117,"column":81}},"117":{"start":{"line":118,"column":0},"end":{"line":118,"column":86}},"118":{"start":{"line":119,"column":0},"end":{"line":119,"column":36}},"119":{"start":{"line":120,"column":0},"end":{"line":120,"column":7}},"120":{"start":{"line":121,"column":0},"end":{"line":121,"column":25}},"121":{"start":{"line":122,"column":0},"end":{"line":122,"column":18}},"122":{"start":{"line":123,"column":0},"end":{"line":123,"column":17}},"123":{"start":{"line":124,"column":0},"end":{"line":124,"column":21}},"124":{"start":{"line":125,"column":0},"end":{"line":125,"column":44}},"125":{"start":{"line":126,"column":0},"end":{"line":126,"column":22}},"126":{"start":{"line":127,"column":0},"end":{"line":127,"column":23}},"127":{"start":{"line":128,"column":0},"end":{"line":128,"column":21}},"128":{"start":{"line":129,"column":0},"end":{"line":129,"column":17}},"129":{"start":{"line":130,"column":0},"end":{"line":130,"column":8}},"130":{"start":{"line":131,"column":0},"end":{"line":131,"column":14}},"131":{"start":{"line":132,"column":0},"end":{"line":132,"column":6}},"132":{"start":{"line":133,"column":0},"end":{"line":133,"column":32}},"134":{"start":{"line":135,"column":0},"end":{"line":135,"column":30}},"135":{"start":{"line":136,"column":0},"end":{"line":136,"column":74}},"136":{"start":{"line":137,"column":0},"end":{"line":137,"column":33}},"137":{"start":{"line":138,"column":0},"end":{"line":138,"column":32}},"138":{"start":{"line":139,"column":0},"end":{"line":139,"column":72}},"139":{"start":{"line":140,"column":0},"end":{"line":140,"column":33}},"141":{"start":{"line":142,"column":0},"end":{"line":142,"column":42}},"142":{"start":{"line":143,"column":0},"end":{"line":143,"column":47}},"143":{"start":{"line":144,"column":0},"end":{"line":144,"column":102}},"144":{"start":{"line":145,"column":0},"end":{"line":145,"column":81}},"145":{"start":{"line":146,"column":0},"end":{"line":146,"column":5}},"147":{"start":{"line":148,"column":0},"end":{"line":148,"column":90}},"148":{"start":{"line":149,"column":0},"end":{"line":149,"column":97}},"149":{"start":{"line":150,"column":0},"end":{"line":150,"column":63}},"150":{"start":{"line":151,"column":0},"end":{"line":151,"column":36}},"151":{"start":{"line":152,"column":0},"end":{"line":152,"column":7}},"152":{"start":{"line":153,"column":0},"end":{"line":153,"column":25}},"153":{"start":{"line":154,"column":0},"end":{"line":154,"column":18}},"154":{"start":{"line":155,"column":0},"end":{"line":155,"column":17}},"155":{"start":{"line":156,"column":0},"end":{"line":156,"column":21}},"156":{"start":{"line":157,"column":0},"end":{"line":157,"column":44}},"157":{"start":{"line":158,"column":0},"end":{"line":158,"column":23}},"158":{"start":{"line":159,"column":0},"end":{"line":159,"column":25}},"159":{"start":{"line":160,"column":0},"end":{"line":160,"column":22}},"160":{"start":{"line":161,"column":0},"end":{"line":161,"column":23}},"161":{"start":{"line":162,"column":0},"end":{"line":162,"column":21}},"162":{"start":{"line":163,"column":0},"end":{"line":163,"column":17}},"163":{"start":{"line":164,"column":0},"end":{"line":164,"column":8}},"164":{"start":{"line":165,"column":0},"end":{"line":165,"column":14}},"165":{"start":{"line":166,"column":0},"end":{"line":166,"column":6}},"166":{"start":{"line":167,"column":0},"end":{"line":167,"column":32}},"168":{"start":{"line":169,"column":0},"end":{"line":169,"column":32}},"169":{"start":{"line":170,"column":0},"end":{"line":170,"column":72}},"170":{"start":{"line":171,"column":0},"end":{"line":171,"column":33}},"171":{"start":{"line":172,"column":0},"end":{"line":172,"column":56}},"172":{"start":{"line":173,"column":0},"end":{"line":173,"column":96}},"173":{"start":{"line":174,"column":0},"end":{"line":174,"column":81}},"174":{"start":{"line":175,"column":0},"end":{"line":175,"column":5}},"175":{"start":{"line":176,"column":0},"end":{"line":176,"column":3}},"177":{"start":{"line":178,"column":0},"end":{"line":178,"column":83}},"178":{"start":{"line":179,"column":0},"end":{"line":179,"column":33}},"179":{"start":{"line":180,"column":0},"end":{"line":180,"column":42}},"180":{"start":{"line":181,"column":0},"end":{"line":181,"column":43}},"181":{"start":{"line":182,"column":0},"end":{"line":182,"column":10}},"182":{"start":{"line":183,"column":0},"end":{"line":183,"column":23}},"183":{"start":{"line":184,"column":0},"end":{"line":184,"column":40}},"184":{"start":{"line":185,"column":0},"end":{"line":185,"column":7}},"186":{"start":{"line":187,"column":0},"end":{"line":187,"column":38}},"187":{"start":{"line":188,"column":0},"end":{"line":188,"column":38}},"189":{"start":{"line":190,"column":0},"end":{"line":190,"column":74}},"190":{"start":{"line":191,"column":0},"end":{"line":191,"column":74}},"192":{"start":{"line":193,"column":0},"end":{"line":193,"column":31}},"193":{"start":{"line":194,"column":0},"end":{"line":194,"column":15}},"194":{"start":{"line":195,"column":0},"end":{"line":195,"column":24}},"195":{"start":{"line":196,"column":0},"end":{"line":196,"column":38}},"196":{"start":{"line":197,"column":0},"end":{"line":197,"column":38}},"197":{"start":{"line":198,"column":0},"end":{"line":198,"column":9}},"198":{"start":{"line":199,"column":0},"end":{"line":199,"column":7}},"199":{"start":{"line":200,"column":0},"end":{"line":200,"column":5}},"200":{"start":{"line":201,"column":0},"end":{"line":201,"column":1}}},"s":{"0":1,"1":1,"2":1,"3":1,"4":1,"5":1,"13":1,"14":1,"15":1,"16":1,"18":1,"19":1,"21":1,"22":1,"23":1,"24":1,"25":1,"27":1,"28":1,"29":1,"30":1,"31":1,"32":1,"33":1,"34":1,"36":1,"37":1,"38":1,"39":1,"40":1,"41":1,"42":1,"43":1,"44":1,"45":1,"46":1,"47":1,"48":1,"49":1,"50":1,"51":1,"53":1,"54":1,"55":1,"56":1,"57":1,"58":1,"59":1,"61":1,"62":1,"63":1,"64":1,"65":1,"66":1,"67":1,"68":1,"69":1,"70":1,"71":1,"72":1,"73":1,"74":1,"75":1,"76":1,"77":1,"78":1,"80":1,"81":1,"82":1,"83":1,"84":1,"85":1,"86":1,"88":1,"89":1,"90":1,"91":1,"92":1,"93":1,"94":1,"96":1,"97":1,"98":1,"99":1,"100":1,"101":1,"102":1,"103":1,"104":1,"105":1,"106":1,"107":1,"108":1,"109":1,"110":1,"111":1,"112":1,"113":1,"114":1,"116":1,"117":1,"118":1,"119":1,"120":1,"121":1,"122":1,"123":1,"124":1,"125":1,"126":1,"127":1,"128":1,"129":1,"130":1,"131":1,"132":1,"134":1,"135":1,"136":1,"137":1,"138":1,"139":1,"141":1,"142":1,"143":1,"144":1,"145":1,"147":1,"148":1,"149":1,"150":1,"151":1,"152":1,"153":1,"154":1,"155":1,"156":1,"157":1,"158":1,"159":1,"160":1,"161":1,"162":1,"163":1,"164":1,"165":1,"166":1,"168":1,"169":1,"170":1,"171":1,"172":1,"173":1,"174":1,"175":1,"177":7,"178":7,"179":7,"180":7,"181":7,"182":7,"183":7,"184":7,"186":7,"187":7,"189":7,"190":7,"192":7,"193":7,"194":7,"195":7,"196":7,"197":7,"198":7,"199":7,"200":7},"branchMap":{"0":{"type":"branch","line":19,"loc":{"start":{"line":19,"column":32},"end":{"line":176,"column":3}},"locations":[{"start":{"line":19,"column":32},"end":{"line":176,"column":3}}]},"1":{"type":"branch","line":22,"loc":{"start":{"line":22,"column":12},"end":{"line":26,"column":3}},"locations":[{"start":{"line":22,"column":12},"end":{"line":26,"column":3}}]},"2":{"type":"branch","line":28,"loc":{"start":{"line":28,"column":52},"end":{"line":35,"column":3}},"locations":[{"start":{"line":28,"column":52},"end":{"line":35,"column":3}}]},"3":{"type":"branch","line":37,"loc":{"start":{"line":37,"column":79},"end":{"line":60,"column":3}},"locations":[{"start":{"line":37,"column":79},"end":{"line":60,"column":3}}]},"4":{"type":"branch","line":62,"loc":{"start":{"line":62,"column":59},"end":{"line":95,"column":3}},"locations":[{"start":{"line":62,"column":59},"end":{"line":95,"column":3}}]},"5":{"type":"branch","line":97,"loc":{"start":{"line":97,"column":55},"end":{"line":115,"column":3}},"locations":[{"start":{"line":97,"column":55},"end":{"line":115,"column":3}}]},"6":{"type":"branch","line":117,"loc":{"start":{"line":117,"column":68},"end":{"line":146,"column":3}},"locations":[{"start":{"line":117,"column":68},"end":{"line":146,"column":3}}]},"7":{"type":"branch","line":148,"loc":{"start":{"line":148,"column":77},"end":{"line":175,"column":3}},"locations":[{"start":{"line":148,"column":77},"end":{"line":175,"column":3}}]},"8":{"type":"branch","line":178,"loc":{"start":{"line":178,"column":0},"end":{"line":201,"column":1}},"locations":[{"start":{"line":178,"column":0},"end":{"line":201,"column":1}}]},"9":{"type":"branch","line":179,"loc":{"start":{"line":179,"column":21},"end":{"line":200,"column":3}},"locations":[{"start":{"line":179,"column":21},"end":{"line":200,"column":3}}]},"10":{"type":"branch","line":190,"loc":{"start":{"line":190,"column":28},"end":{"line":190,"column":72}},"locations":[{"start":{"line":190,"column":28},"end":{"line":190,"column":72}}]},"11":{"type":"branch","line":193,"loc":{"start":{"line":193,"column":22},"end":{"line":199,"column":5}},"locations":[{"start":{"line":193,"column":22},"end":{"line":199,"column":5}}]},"12":{"type":"branch","line":195,"loc":{"start":{"line":195,"column":14},"end":{"line":195,"column":24}},"locations":[{"start":{"line":195,"column":14},"end":{"line":195,"column":24}}]}},"b":{"0":[1],"1":[1],"2":[1],"3":[1],"4":[1],"5":[1],"6":[1],"7":[1],"8":[7],"9":[7],"10":[16],"11":[7],"12":[0]},"fnMap":{"0":{"name":"runCommand","decl":{"start":{"line":178,"column":0},"end":{"line":201,"column":1}},"loc":{"start":{"line":178,"column":0},"end":{"line":201,"column":1}},"line":178}},"f":{"0":7}}
,"/Users/markhingston/Downloads/strange-attractor/packages/core/src/index.ts": {"path":"/Users/markhingston/Downloads/strange-attractor/packages/core/src/index.ts","all":false,"statementMap":{"0":{"start":{"line":1,"column":0},"end":{"line":1,"column":15}}},"s":{"0":1},"branchMap":{},"b":{},"fnMap":{},"f":{}}
,"/Users/markhingston/Downloads/strange-attractor/packages/core/src/reference-parity.test.ts": {"path":"/Users/markhingston/Downloads/strange-attractor/packages/core/src/reference-parity.test.ts","all":false,"statementMap":{"0":{"start":{"line":1,"column":0},"end":{"line":1,"column":46}},"1":{"start":{"line":2,"column":0},"end":{"line":2,"column":44}},"2":{"start":{"line":3,"column":0},"end":{"line":3,"column":57}},"3":{"start":{"line":4,"column":0},"end":{"line":4,"column":61}},"4":{"start":{"line":5,"column":0},"end":{"line":5,"column":58}},"5":{"start":{"line":6,"column":0},"end":{"line":6,"column":57}},"20":{"start":{"line":21,"column":0},"end":{"line":21,"column":31}},"22":{"start":{"line":23,"column":0},"end":{"line":23,"column":84}},"24":{"start":{"line":25,"column":0},"end":{"line":25,"column":44}},"25":{"start":{"line":26,"column":0},"end":{"line":26,"column":85}},"26":{"start":{"line":27,"column":0},"end":{"line":27,"column":59}},"27":{"start":{"line":28,"column":0},"end":{"line":28,"column":57}},"29":{"start":{"line":30,"column":0},"end":{"line":30,"column":36}},"30":{"start":{"line":31,"column":0},"end":{"line":31,"column":37}},"31":{"start":{"line":32,"column":0},"end":{"line":32,"column":40}},"32":{"start":{"line":33,"column":0},"end":{"line":33,"column":57}},"33":{"start":{"line":34,"column":0},"end":{"line":34,"column":55}},"34":{"start":{"line":35,"column":0},"end":{"line":35,"column":70}},"35":{"start":{"line":36,"column":0},"end":{"line":36,"column":74}},"37":{"start":{"line":38,"column":0},"end":{"line":38,"column":62}},"38":{"start":{"line":39,"column":0},"end":{"line":39,"column":56}},"39":{"start":{"line":40,"column":0},"end":{"line":40,"column":7}},"40":{"start":{"line":41,"column":0},"end":{"line":41,"column":73}},"41":{"start":{"line":42,"column":0},"end":{"line":42,"column":5}},"43":{"start":{"line":44,"column":0},"end":{"line":44,"column":93}},"44":{"start":{"line":45,"column":0},"end":{"line":45,"column":59}},"45":{"start":{"line":46,"column":0},"end":{"line":46,"column":57}},"47":{"start":{"line":48,"column":0},"end":{"line":48,"column":49}},"48":{"start":{"line":49,"column":0},"end":{"line":49,"column":51}},"49":{"start":{"line":50,"column":0},"end":{"line":50,"column":57}},"50":{"start":{"line":51,"column":0},"end":{"line":51,"column":55}},"51":{"start":{"line":52,"column":0},"end":{"line":52,"column":59}},"52":{"start":{"line":53,"column":0},"end":{"line":53,"column":64}},"54":{"start":{"line":55,"column":0},"end":{"line":55,"column":101}},"55":{"start":{"line":56,"column":0},"end":{"line":56,"column":41}},"56":{"start":{"line":57,"column":0},"end":{"line":57,"column":108}},"57":{"start":{"line":58,"column":0},"end":{"line":58,"column":19}},"58":{"start":{"line":59,"column":0},"end":{"line":59,"column":6}},"60":{"start":{"line":61,"column":0},"end":{"line":61,"column":62}},"61":{"start":{"line":62,"column":0},"end":{"line":62,"column":56}},"62":{"start":{"line":63,"column":0},"end":{"line":63,"column":7}},"63":{"start":{"line":64,"column":0},"end":{"line":64,"column":73}},"64":{"start":{"line":65,"column":0},"end":{"line":65,"column":5}},"65":{"start":{"line":66,"column":0},"end":{"line":66,"column":3}},"67":{"start":{"line":68,"column":0},"end":{"line":68,"column":63}},"68":{"start":{"line":69,"column":0},"end":{"line":69,"column":60}},"69":{"start":{"line":70,"column":0},"end":{"line":70,"column":1}},"71":{"start":{"line":72,"column":0},"end":{"line":72,"column":60}},"72":{"start":{"line":73,"column":0},"end":{"line":73,"column":41}},"73":{"start":{"line":74,"column":0},"end":{"line":74,"column":41}},"75":{"start":{"line":76,"column":0},"end":{"line":76,"column":49}},"76":{"start":{"line":77,"column":0},"end":{"line":77,"column":47}},"77":{"start":{"line":78,"column":0},"end":{"line":78,"column":42}},"78":{"start":{"line":79,"column":0},"end":{"line":79,"column":76}},"79":{"start":{"line":80,"column":0},"end":{"line":80,"column":70}},"80":{"start":{"line":81,"column":0},"end":{"line":81,"column":47}},"81":{"start":{"line":82,"column":0},"end":{"line":82,"column":61}},"82":{"start":{"line":83,"column":0},"end":{"line":83,"column":68}},"83":{"start":{"line":84,"column":0},"end":{"line":84,"column":55}},"84":{"start":{"line":85,"column":0},"end":{"line":85,"column":59}},"85":{"start":{"line":86,"column":0},"end":{"line":86,"column":62}},"86":{"start":{"line":87,"column":0},"end":{"line":87,"column":68}},"87":{"start":{"line":88,"column":0},"end":{"line":88,"column":47}},"88":{"start":{"line":89,"column":0},"end":{"line":89,"column":45}},"89":{"start":{"line":90,"column":0},"end":{"line":90,"column":20}},"90":{"start":{"line":91,"column":0},"end":{"line":91,"column":17}},"91":{"start":{"line":92,"column":0},"end":{"line":92,"column":29}},"92":{"start":{"line":93,"column":0},"end":{"line":93,"column":56}},"93":{"start":{"line":94,"column":0},"end":{"line":94,"column":6}},"94":{"start":{"line":95,"column":0},"end":{"line":95,"column":4}},"95":{"start":{"line":96,"column":0},"end":{"line":96,"column":18}},"96":{"start":{"line":97,"column":0},"end":{"line":97,"column":1}}},"s":{"0":1,"1":1,"2":1,"3":1,"4":1,"5":1,"20":1,"22":1,"24":1,"25":1,"26":1,"27":1,"29":1,"30":1,"31":1,"32":1,"33":1,"34":1,"35":1,"37":1,"38":1,"39":1,"40":1,"41":1,"43":1,"44":1,"45":1,"47":1,"48":1,"49":1,"50":1,"51":1,"52":1,"54":1,"55":1,"56":1,"57":1,"58":1,"60":1,"61":1,"62":1,"63":1,"64":1,"65":1,"67":2,"68":2,"69":2,"71":2,"72":2,"73":2,"75":2,"76":2,"77":2,"78":2,"79":2,"80":2,"81":2,"82":2,"83":2,"84":2,"85":2,"86":2,"87":2,"88":2,"89":2,"90":2,"91":2,"92":2,"93":2,"94":2,"95":2,"96":2},"branchMap":{"0":{"type":"branch","line":25,"loc":{"start":{"line":25,"column":37},"end":{"line":66,"column":3}},"locations":[{"start":{"line":25,"column":37},"end":{"line":66,"column":3}}]},"1":{"type":"branch","line":26,"loc":{"start":{"line":26,"column":72},"end":{"line":42,"column":3}},"locations":[{"start":{"line":26,"column":72},"end":{"line":42,"column":3}}]},"2":{"type":"branch","line":44,"loc":{"start":{"line":44,"column":80},"end":{"line":65,"column":3}},"locations":[{"start":{"line":44,"column":80},"end":{"line":65,"column":3}}]},"3":{"type":"branch","line":55,"loc":{"start":{"line":55,"column":44},"end":{"line":55,"column":99}},"locations":[{"start":{"line":55,"column":44},"end":{"line":55,"column":99}}]},"4":{"type":"branch","line":55,"loc":{"start":{"line":55,"column":66},"end":{"line":55,"column":99}},"locations":[{"start":{"line":55,"column":66},"end":{"line":55,"column":99}}]},"5":{"type":"branch","line":57,"loc":{"start":{"line":57,"column":28},"end":{"line":57,"column":89}},"locations":[{"start":{"line":57,"column":28},"end":{"line":57,"column":89}}]},"6":{"type":"branch","line":57,"loc":{"start":{"line":57,"column":50},"end":{"line":57,"column":89}},"locations":[{"start":{"line":57,"column":50},"end":{"line":57,"column":89}}]},"7":{"type":"branch","line":68,"loc":{"start":{"line":68,"column":0},"end":{"line":70,"column":1}},"locations":[{"start":{"line":68,"column":0},"end":{"line":70,"column":1}}]},"8":{"type":"branch","line":72,"loc":{"start":{"line":72,"column":0},"end":{"line":97,"column":1}},"locations":[{"start":{"line":72,"column":0},"end":{"line":97,"column":1}}]}},"b":{"0":[1],"1":[1],"2":[1],"3":[28],"4":[3],"5":[24],"6":[1],"7":[2],"8":[2]},"fnMap":{"0":{"name":"loadFixture","decl":{"start":{"line":68,"column":0},"end":{"line":70,"column":1}},"loc":{"start":{"line":68,"column":0},"end":{"line":70,"column":1}},"line":68},"1":{"name":"createReferenceHandlerRegistry","decl":{"start":{"line":72,"column":0},"end":{"line":97,"column":1}},"loc":{"start":{"line":72,"column":0},"end":{"line":97,"column":1}},"line":72},"2":{"name":"ask","decl":{"start":{"line":93,"column":11},"end":{"line":93,"column":56}},"loc":{"start":{"line":93,"column":11},"end":{"line":93,"column":56}},"line":93}},"f":{"0":2,"1":2,"2":0}}
,"/Users/markhingston/Downloads/strange-attractor/packages/core/src/checkpoint/index.test.ts": {"path":"/Users/markhingston/Downloads/strange-attractor/packages/core/src/checkpoint/index.test.ts","all":false,"statementMap":{"0":{"start":{"line":1,"column":0},"end":{"line":1,"column":46}},"1":{"start":{"line":2,"column":0},"end":{"line":2,"column":43}},"2":{"start":{"line":3,"column":0},"end":{"line":3,"column":33}},"3":{"start":{"line":4,"column":0},"end":{"line":4,"column":33}},"4":{"start":{"line":5,"column":0},"end":{"line":5,"column":47}},"5":{"start":{"line":6,"column":0},"end":{"line":6,"column":46}},"8":{"start":{"line":9,"column":0},"end":{"line":9,"column":37}},"9":{"start":{"line":10,"column":0},"end":{"line":10,"column":54}},"10":{"start":{"line":11,"column":0},"end":{"line":11,"column":86}},"11":{"start":{"line":12,"column":0},"end":{"line":12,"column":52}},"13":{"start":{"line":14,"column":0},"end":{"line":14,"column":36}},"14":{"start":{"line":15,"column":0},"end":{"line":15,"column":54}},"15":{"start":{"line":16,"column":0},"end":{"line":16,"column":27}},"16":{"start":{"line":17,"column":0},"end":{"line":17,"column":41}},"17":{"start":{"line":18,"column":0},"end":{"line":18,"column":32}},"18":{"start":{"line":19,"column":0},"end":{"line":19,"column":57}},"19":{"start":{"line":20,"column":0},"end":{"line":20,"column":22}},"20":{"start":{"line":21,"column":0},"end":{"line":21,"column":69}},"21":{"start":{"line":22,"column":0},"end":{"line":22,"column":8}},"22":{"start":{"line":23,"column":0},"end":{"line":23,"column":32}},"23":{"start":{"line":24,"column":0},"end":{"line":24,"column":6}},"25":{"start":{"line":26,"column":0},"end":{"line":26,"column":48}},"26":{"start":{"line":27,"column":0},"end":{"line":27,"column":44}},"28":{"start":{"line":29,"column":0},"end":{"line":29,"column":45}},"29":{"start":{"line":30,"column":0},"end":{"line":30,"column":62}},"30":{"start":{"line":31,"column":0},"end":{"line":31,"column":78}},"31":{"start":{"line":32,"column":0},"end":{"line":32,"column":53}},"32":{"start":{"line":33,"column":0},"end":{"line":33,"column":62}},"33":{"start":{"line":34,"column":0},"end":{"line":34,"column":76}},"34":{"start":{"line":35,"column":0},"end":{"line":35,"column":5}},"36":{"start":{"line":37,"column":0},"end":{"line":37,"column":76}},"37":{"start":{"line":38,"column":0},"end":{"line":38,"column":82}},"38":{"start":{"line":39,"column":0},"end":{"line":39,"column":52}},"39":{"start":{"line":40,"column":0},"end":{"line":40,"column":59}},"40":{"start":{"line":41,"column":0},"end":{"line":41,"column":5}},"42":{"start":{"line":43,"column":0},"end":{"line":43,"column":72}},"43":{"start":{"line":44,"column":0},"end":{"line":44,"column":34}},"44":{"start":{"line":45,"column":0},"end":{"line":45,"column":34}},"45":{"start":{"line":46,"column":0},"end":{"line":46,"column":49}},"47":{"start":{"line":48,"column":0},"end":{"line":48,"column":37}},"48":{"start":{"line":49,"column":0},"end":{"line":49,"column":61}},"49":{"start":{"line":50,"column":0},"end":{"line":50,"column":28}},"50":{"start":{"line":51,"column":0},"end":{"line":51,"column":51}},"51":{"start":{"line":52,"column":0},"end":{"line":52,"column":56}},"52":{"start":{"line":53,"column":0},"end":{"line":53,"column":6}},"54":{"start":{"line":55,"column":0},"end":{"line":55,"column":48}},"55":{"start":{"line":56,"column":0},"end":{"line":56,"column":14}},"56":{"start":{"line":57,"column":0},"end":{"line":57,"column":14}},"57":{"start":{"line":58,"column":0},"end":{"line":58,"column":21}},"58":{"start":{"line":59,"column":0},"end":{"line":59,"column":18}},"59":{"start":{"line":60,"column":0},"end":{"line":60,"column":11}},"60":{"start":{"line":61,"column":0},"end":{"line":61,"column":18}},"61":{"start":{"line":62,"column":0},"end":{"line":62,"column":6}},"63":{"start":{"line":64,"column":0},"end":{"line":64,"column":35}},"64":{"start":{"line":65,"column":0},"end":{"line":65,"column":27}},"65":{"start":{"line":66,"column":0},"end":{"line":66,"column":24}},"66":{"start":{"line":67,"column":0},"end":{"line":67,"column":92}},"68":{"start":{"line":69,"column":0},"end":{"line":69,"column":58}},"69":{"start":{"line":70,"column":0},"end":{"line":70,"column":58}},"70":{"start":{"line":71,"column":0},"end":{"line":71,"column":48}},"71":{"start":{"line":72,"column":0},"end":{"line":72,"column":67}},"73":{"start":{"line":74,"column":0},"end":{"line":74,"column":73}},"74":{"start":{"line":75,"column":0},"end":{"line":75,"column":72}},"75":{"start":{"line":76,"column":0},"end":{"line":76,"column":101}},"76":{"start":{"line":77,"column":0},"end":{"line":77,"column":5}},"77":{"start":{"line":78,"column":0},"end":{"line":78,"column":3}}},"s":{"0":1,"1":1,"2":1,"3":1,"4":1,"5":1,"8":1,"9":1,"10":1,"11":1,"13":1,"14":1,"15":1,"16":1,"17":1,"18":1,"19":1,"20":1,"21":1,"22":1,"23":1,"25":1,"26":1,"28":1,"29":1,"30":1,"31":1,"32":1,"33":1,"34":1,"36":1,"37":1,"38":1,"39":1,"40":1,"42":1,"43":1,"44":1,"45":1,"47":1,"48":1,"49":1,"50":1,"51":1,"52":1,"54":1,"55":1,"56":1,"57":1,"58":1,"59":1,"60":1,"61":1,"63":1,"64":1,"65":1,"66":1,"68":1,"69":1,"70":1,"71":1,"73":1,"74":1,"75":1,"76":1,"77":1},"branchMap":{"0":{"type":"branch","line":9,"loc":{"start":{"line":9,"column":30},"end":{"line":78,"column":3}},"locations":[{"start":{"line":9,"column":30},"end":{"line":78,"column":3}}]},"1":{"type":"branch","line":10,"loc":{"start":{"line":10,"column":41},"end":{"line":35,"column":3}},"locations":[{"start":{"line":10,"column":41},"end":{"line":35,"column":3}}]},"2":{"type":"branch","line":37,"loc":{"start":{"line":37,"column":63},"end":{"line":41,"column":3}},"locations":[{"start":{"line":37,"column":63},"end":{"line":41,"column":3}}]},"3":{"type":"branch","line":43,"loc":{"start":{"line":43,"column":59},"end":{"line":77,"column":3}},"locations":[{"start":{"line":43,"column":59},"end":{"line":77,"column":3}}]}},"b":{"0":[1],"1":[1],"2":[1],"3":[1]},"fnMap":{},"f":{}}
,"/Users/markhingston/Downloads/strange-attractor/packages/core/src/checkpoint/index.ts": {"path":"/Users/markhingston/Downloads/strange-attractor/packages/core/src/checkpoint/index.ts","all":false,"statementMap":{"0":{"start":{"line":1,"column":0},"end":{"line":1,"column":62}},"8":{"start":{"line":9,"column":0},"end":{"line":9,"column":32}},"9":{"start":{"line":10,"column":0},"end":{"line":10,"column":27}},"11":{"start":{"line":12,"column":0},"end":{"line":12,"column":33}},"12":{"start":{"line":13,"column":0},"end":{"line":13,"column":29}},"13":{"start":{"line":14,"column":0},"end":{"line":14,"column":3}},"18":{"start":{"line":19,"column":0},"end":{"line":19,"column":55}},"19":{"start":{"line":20,"column":0},"end":{"line":20,"column":62}},"22":{"start":{"line":23,"column":0},"end":{"line":23,"column":62}},"24":{"start":{"line":25,"column":0},"end":{"line":25,"column":18}},"25":{"start":{"line":26,"column":0},"end":{"line":26,"column":52}},"26":{"start":{"line":27,"column":0},"end":{"line":27,"column":44}},"27":{"start":{"line":28,"column":0},"end":{"line":28,"column":50}},"28":{"start":{"line":29,"column":0},"end":{"line":29,"column":44}},"29":{"start":{"line":30,"column":0},"end":{"line":30,"column":41}},"30":{"start":{"line":31,"column":0},"end":{"line":31,"column":52}},"31":{"start":{"line":32,"column":0},"end":{"line":32,"column":28}},"32":{"start":{"line":33,"column":0},"end":{"line":33,"column":6}},"34":{"start":{"line":35,"column":0},"end":{"line":35,"column":67}},"35":{"start":{"line":36,"column":0},"end":{"line":36,"column":26}},"36":{"start":{"line":37,"column":0},"end":{"line":37,"column":3}},"41":{"start":{"line":42,"column":0},"end":{"line":42,"column":49}},"42":{"start":{"line":43,"column":0},"end":{"line":43,"column":59}},"44":{"start":{"line":45,"column":0},"end":{"line":45,"column":12}},"45":{"start":{"line":46,"column":0},"end":{"line":46,"column":42}},"46":{"start":{"line":47,"column":0},"end":{"line":47,"column":38}},"47":{"start":{"line":48,"column":0},"end":{"line":48,"column":44}},"48":{"start":{"line":49,"column":0},"end":{"line":49,"column":38}},"49":{"start":{"line":50,"column":0},"end":{"line":50,"column":35}},"50":{"start":{"line":51,"column":0},"end":{"line":51,"column":46}},"51":{"start":{"line":52,"column":0},"end":{"line":52,"column":22}},"52":{"start":{"line":53,"column":0},"end":{"line":53,"column":6}},"53":{"start":{"line":54,"column":0},"end":{"line":54,"column":3}},"58":{"start":{"line":59,"column":0},"end":{"line":59,"column":50}},"59":{"start":{"line":60,"column":0},"end":{"line":60,"column":9}},"60":{"start":{"line":61,"column":0},"end":{"line":61,"column":65}},"61":{"start":{"line":62,"column":0},"end":{"line":62,"column":13}},"62":{"start":{"line":63,"column":0},"end":{"line":63,"column":18}},"63":{"start":{"line":64,"column":0},"end":{"line":64,"column":5}},"64":{"start":{"line":65,"column":0},"end":{"line":65,"column":3}},"69":{"start":{"line":70,"column":0},"end":{"line":70,"column":16}},"70":{"start":{"line":71,"column":0},"end":{"line":71,"column":21}},"71":{"start":{"line":72,"column":0},"end":{"line":72,"column":24}},"72":{"start":{"line":73,"column":0},"end":{"line":73,"column":29}},"73":{"start":{"line":74,"column":0},"end":{"line":74,"column":40}},"74":{"start":{"line":75,"column":0},"end":{"line":75,"column":19}},"75":{"start":{"line":76,"column":0},"end":{"line":76,"column":46}},"76":{"start":{"line":77,"column":0},"end":{"line":77,"column":17}},"77":{"start":{"line":78,"column":0},"end":{"line":78,"column":12}},"78":{"start":{"line":79,"column":0},"end":{"line":79,"column":28}},"79":{"start":{"line":80,"column":0},"end":{"line":80,"column":32}},"80":{"start":{"line":81,"column":0},"end":{"line":81,"column":43}},"81":{"start":{"line":82,"column":0},"end":{"line":82,"column":39}},"82":{"start":{"line":83,"column":0},"end":{"line":83,"column":41}},"83":{"start":{"line":84,"column":0},"end":{"line":84,"column":41}},"84":{"start":{"line":85,"column":0},"end":{"line":85,"column":22}},"85":{"start":{"line":86,"column":0},"end":{"line":86,"column":6}},"86":{"start":{"line":87,"column":0},"end":{"line":87,"column":3}},"91":{"start":{"line":92,"column":0},"end":{"line":92,"column":58}},"92":{"start":{"line":93,"column":0},"end":{"line":93,"column":59}},"93":{"start":{"line":94,"column":0},"end":{"line":94,"column":3}},"94":{"start":{"line":95,"column":0},"end":{"line":95,"column":1}},"96":{"start":{"line":97,"column":0},"end":{"line":97,"column":33}}},"s":{"0":1,"8":1,"9":1,"11":1,"12":31,"13":31,"18":1,"19":55,"22":55,"24":55,"25":55,"26":55,"27":55,"28":55,"29":55,"30":55,"31":55,"32":55,"34":55,"35":55,"36":55,"41":1,"42":4,"44":3,"45":3,"46":3,"47":3,"48":3,"49":3,"50":4,"51":4,"52":4,"53":4,"58":1,"59":3,"60":3,"61":3,"62":1,"63":1,"64":3,"69":1,"70":1,"71":1,"72":1,"73":1,"74":1,"75":1,"76":1,"77":1,"78":1,"79":1,"80":1,"81":1,"82":1,"83":1,"84":1,"85":1,"86":1,"91":1,"92":3,"93":3,"94":1,"96":1},"branchMap":{"0":{"type":"branch","line":10,"loc":{"start":{"line":10,"column":10},"end":{"line":10,"column":27}},"locations":[{"start":{"line":10,"column":10},"end":{"line":10,"column":27}}]},"1":{"type":"branch","line":12,"loc":{"start":{"line":12,"column":2},"end":{"line":14,"column":3}},"locations":[{"start":{"line":12,"column":2},"end":{"line":14,"column":3}}]},"2":{"type":"branch","line":19,"loc":{"start":{"line":19,"column":2},"end":{"line":37,"column":3}},"locations":[{"start":{"line":19,"column":2},"end":{"line":37,"column":3}}]},"3":{"type":"branch","line":31,"loc":{"start":{"line":31,"column":32},"end":{"line":31,"column":52}},"locations":[{"start":{"line":31,"column":32},"end":{"line":31,"column":52}}]},"4":{"type":"branch","line":42,"loc":{"start":{"line":42,"column":2},"end":{"line":54,"column":3}},"locations":[{"start":{"line":42,"column":2},"end":{"line":54,"column":3}}]},"5":{"type":"branch","line":43,"loc":{"start":{"line":43,"column":57},"end":{"line":51,"column":43}},"locations":[{"start":{"line":43,"column":57},"end":{"line":51,"column":43}}]},"6":{"type":"branch","line":51,"loc":{"start":{"line":51,"column":26},"end":{"line":51,"column":46}},"locations":[{"start":{"line":51,"column":26},"end":{"line":51,"column":46}}]},"7":{"type":"branch","line":59,"loc":{"start":{"line":59,"column":2},"end":{"line":65,"column":3}},"locations":[{"start":{"line":59,"column":2},"end":{"line":65,"column":3}}]},"8":{"type":"branch","line":62,"loc":{"start":{"line":62,"column":4},"end":{"line":64,"column":5}},"locations":[{"start":{"line":62,"column":4},"end":{"line":64,"column":5}}]},"9":{"type":"branch","line":70,"loc":{"start":{"line":70,"column":9},"end":{"line":87,"column":3}},"locations":[{"start":{"line":70,"column":9},"end":{"line":87,"column":3}}]},"10":{"type":"branch","line":92,"loc":{"start":{"line":92,"column":9},"end":{"line":94,"column":3}},"locations":[{"start":{"line":92,"column":9},"end":{"line":94,"column":3}}]}},"b":{"0":[31],"1":[31],"2":[55],"3":[0],"4":[4],"5":[3],"6":[0],"7":[3],"8":[1],"9":[1],"10":[3]},"fnMap":{"0":{"name":"<instance_members_initializer>","decl":{"start":{"line":10,"column":10},"end":{"line":10,"column":27}},"loc":{"start":{"line":10,"column":10},"end":{"line":10,"column":27}},"line":10},"1":{"name":"CheckpointManager","decl":{"start":{"line":12,"column":2},"end":{"line":14,"column":3}},"loc":{"start":{"line":12,"column":2},"end":{"line":14,"column":3}},"line":12},"2":{"name":"save","decl":{"start":{"line":19,"column":2},"end":{"line":37,"column":3}},"loc":{"start":{"line":19,"column":2},"end":{"line":37,"column":3}},"line":19},"3":{"name":"load","decl":{"start":{"line":42,"column":2},"end":{"line":54,"column":3}},"loc":{"start":{"line":42,"column":2},"end":{"line":54,"column":3}},"line":42},"4":{"name":"loadLatest","decl":{"start":{"line":59,"column":2},"end":{"line":65,"column":3}},"loc":{"start":{"line":59,"column":2},"end":{"line":65,"column":3}},"line":59},"5":{"name":"create","decl":{"start":{"line":70,"column":9},"end":{"line":87,"column":3}},"loc":{"start":{"line":70,"column":9},"end":{"line":87,"column":3}},"line":70},"6":{"name":"restoreContext","decl":{"start":{"line":92,"column":9},"end":{"line":94,"column":3}},"loc":{"start":{"line":92,"column":9},"end":{"line":94,"column":3}},"line":92}},"f":{"0":31,"1":31,"2":55,"3":4,"4":3,"5":1,"6":3}}
,"/Users/markhingston/Downloads/strange-attractor/packages/core/src/conditions/index.test.ts": {"path":"/Users/markhingston/Downloads/strange-attractor/packages/core/src/conditions/index.test.ts","all":false,"statementMap":{"0":{"start":{"line":1,"column":0},"end":{"line":1,"column":46}},"1":{"start":{"line":2,"column":0},"end":{"line":2,"column":71}},"4":{"start":{"line":5,"column":0},"end":{"line":5,"column":75}},"5":{"start":{"line":6,"column":0},"end":{"line":6,"column":69}},"6":{"start":{"line":7,"column":0},"end":{"line":7,"column":83}},"8":{"start":{"line":9,"column":0},"end":{"line":9,"column":37}},"9":{"start":{"line":10,"column":0},"end":{"line":10,"column":51}},"10":{"start":{"line":11,"column":0},"end":{"line":11,"column":80}},"11":{"start":{"line":12,"column":0},"end":{"line":12,"column":78}},"12":{"start":{"line":13,"column":0},"end":{"line":13,"column":78}},"13":{"start":{"line":14,"column":0},"end":{"line":14,"column":88}},"14":{"start":{"line":15,"column":0},"end":{"line":15,"column":78}},"15":{"start":{"line":16,"column":0},"end":{"line":16,"column":5}},"17":{"start":{"line":18,"column":0},"end":{"line":18,"column":46}},"18":{"start":{"line":19,"column":0},"end":{"line":19,"column":30}},"19":{"start":{"line":20,"column":0},"end":{"line":20,"column":24}},"20":{"start":{"line":21,"column":0},"end":{"line":21,"column":33}},"21":{"start":{"line":22,"column":0},"end":{"line":22,"column":26}},"22":{"start":{"line":23,"column":0},"end":{"line":23,"column":6}},"23":{"start":{"line":24,"column":0},"end":{"line":24,"column":83}},"24":{"start":{"line":25,"column":0},"end":{"line":25,"column":83}},"25":{"start":{"line":26,"column":0},"end":{"line":26,"column":5}},"27":{"start":{"line":28,"column":0},"end":{"line":28,"column":55}},"28":{"start":{"line":29,"column":0},"end":{"line":29,"column":21}},"29":{"start":{"line":30,"column":0},"end":{"line":30,"column":25}},"30":{"start":{"line":31,"column":0},"end":{"line":31,"column":16}},"31":{"start":{"line":32,"column":0},"end":{"line":32,"column":31}},"32":{"start":{"line":33,"column":0},"end":{"line":33,"column":32}},"33":{"start":{"line":34,"column":0},"end":{"line":34,"column":21}},"34":{"start":{"line":35,"column":0},"end":{"line":35,"column":6}},"35":{"start":{"line":36,"column":0},"end":{"line":36,"column":95}},"36":{"start":{"line":37,"column":0},"end":{"line":37,"column":86}},"37":{"start":{"line":38,"column":0},"end":{"line":38,"column":96}},"38":{"start":{"line":39,"column":0},"end":{"line":39,"column":100}},"39":{"start":{"line":40,"column":0},"end":{"line":40,"column":95}},"40":{"start":{"line":41,"column":0},"end":{"line":41,"column":11}},"41":{"start":{"line":42,"column":0},"end":{"line":42,"column":96}},"42":{"start":{"line":43,"column":0},"end":{"line":43,"column":17}},"43":{"start":{"line":44,"column":0},"end":{"line":44,"column":5}},"45":{"start":{"line":46,"column":0},"end":{"line":46,"column":47}},"46":{"start":{"line":47,"column":0},"end":{"line":47,"column":68}},"47":{"start":{"line":48,"column":0},"end":{"line":48,"column":5}},"49":{"start":{"line":50,"column":0},"end":{"line":50,"column":65}},"50":{"start":{"line":51,"column":0},"end":{"line":51,"column":76}},"51":{"start":{"line":52,"column":0},"end":{"line":52,"column":73}},"52":{"start":{"line":53,"column":0},"end":{"line":53,"column":5}},"54":{"start":{"line":55,"column":0},"end":{"line":55,"column":42}},"55":{"start":{"line":56,"column":0},"end":{"line":56,"column":65}},"56":{"start":{"line":57,"column":0},"end":{"line":57,"column":75}},"57":{"start":{"line":58,"column":0},"end":{"line":58,"column":86}},"58":{"start":{"line":59,"column":0},"end":{"line":59,"column":58}},"59":{"start":{"line":60,"column":0},"end":{"line":60,"column":72}},"60":{"start":{"line":61,"column":0},"end":{"line":61,"column":58}},"61":{"start":{"line":62,"column":0},"end":{"line":62,"column":5}},"62":{"start":{"line":63,"column":0},"end":{"line":63,"column":3}}},"s":{"0":1,"1":1,"4":1,"5":1,"6":1,"8":1,"9":1,"10":1,"11":1,"12":1,"13":1,"14":1,"15":1,"17":1,"18":1,"19":1,"20":1,"21":1,"22":1,"23":1,"24":1,"25":1,"27":1,"28":1,"29":1,"30":1,"31":1,"32":1,"33":1,"34":1,"35":1,"36":1,"37":1,"38":1,"39":1,"40":1,"41":1,"42":1,"43":1,"45":1,"46":1,"47":1,"49":1,"50":1,"51":1,"52":1,"54":1,"55":1,"56":1,"57":1,"58":1,"59":1,"60":1,"61":1,"62":1},"branchMap":{"0":{"type":"branch","line":9,"loc":{"start":{"line":9,"column":30},"end":{"line":63,"column":3}},"locations":[{"start":{"line":9,"column":30},"end":{"line":63,"column":3}}]},"1":{"type":"branch","line":10,"loc":{"start":{"line":10,"column":44},"end":{"line":16,"column":3}},"locations":[{"start":{"line":10,"column":44},"end":{"line":16,"column":3}}]},"2":{"type":"branch","line":18,"loc":{"start":{"line":18,"column":39},"end":{"line":26,"column":3}},"locations":[{"start":{"line":18,"column":39},"end":{"line":26,"column":3}}]},"3":{"type":"branch","line":28,"loc":{"start":{"line":28,"column":48},"end":{"line":44,"column":3}},"locations":[{"start":{"line":28,"column":48},"end":{"line":44,"column":3}}]},"4":{"type":"branch","line":46,"loc":{"start":{"line":46,"column":40},"end":{"line":48,"column":3}},"locations":[{"start":{"line":46,"column":40},"end":{"line":48,"column":3}}]},"5":{"type":"branch","line":50,"loc":{"start":{"line":50,"column":58},"end":{"line":53,"column":3}},"locations":[{"start":{"line":50,"column":58},"end":{"line":53,"column":3}}]},"6":{"type":"branch","line":55,"loc":{"start":{"line":55,"column":35},"end":{"line":62,"column":3}},"locations":[{"start":{"line":55,"column":35},"end":{"line":62,"column":3}}]}},"b":{"0":[1],"1":[1],"2":[1],"3":[1],"4":[1],"5":[1],"6":[1]},"fnMap":{},"f":{}}
,"/Users/markhingston/Downloads/strange-attractor/packages/core/src/conditions/index.ts": {"path":"/Users/markhingston/Downloads/strange-attractor/packages/core/src/conditions/index.ts","all":false,"statementMap":{"6":{"start":{"line":7,"column":0},"end":{"line":7,"column":34}},"7":{"start":{"line":8,"column":0},"end":{"line":8,"column":20}},"8":{"start":{"line":9,"column":0},"end":{"line":9,"column":19}},"9":{"start":{"line":10,"column":0},"end":{"line":10,"column":27}},"10":{"start":{"line":11,"column":0},"end":{"line":11,"column":12}},"11":{"start":{"line":12,"column":0},"end":{"line":12,"column":35}},"12":{"start":{"line":13,"column":0},"end":{"line":13,"column":28}},"14":{"start":{"line":15,"column":0},"end":{"line":15,"column":83}},"15":{"start":{"line":16,"column":0},"end":{"line":16,"column":75}},"16":{"start":{"line":17,"column":0},"end":{"line":17,"column":1}},"18":{"start":{"line":19,"column":0},"end":{"line":19,"column":68}},"19":{"start":{"line":20,"column":0},"end":{"line":20,"column":35}},"20":{"start":{"line":21,"column":0},"end":{"line":21,"column":28}},"22":{"start":{"line":23,"column":0},"end":{"line":23,"column":83}},"23":{"start":{"line":24,"column":0},"end":{"line":24,"column":34}},"24":{"start":{"line":25,"column":0},"end":{"line":25,"column":72}},"25":{"start":{"line":26,"column":0},"end":{"line":26,"column":29}},"26":{"start":{"line":27,"column":0},"end":{"line":27,"column":32}},"27":{"start":{"line":28,"column":0},"end":{"line":28,"column":88}},"28":{"start":{"line":29,"column":0},"end":{"line":29,"column":19}},"29":{"start":{"line":30,"column":0},"end":{"line":30,"column":5}},"30":{"start":{"line":31,"column":0},"end":{"line":31,"column":36}},"31":{"start":{"line":32,"column":0},"end":{"line":32,"column":30}},"32":{"start":{"line":33,"column":0},"end":{"line":33,"column":5}},"33":{"start":{"line":34,"column":0},"end":{"line":34,"column":1}},"35":{"start":{"line":36,"column":0},"end":{"line":36,"column":95}},"36":{"start":{"line":37,"column":0},"end":{"line":37,"column":70}},"37":{"start":{"line":38,"column":0},"end":{"line":38,"column":27}},"39":{"start":{"line":40,"column":0},"end":{"line":40,"column":87}},"40":{"start":{"line":41,"column":0},"end":{"line":41,"column":28}},"41":{"start":{"line":42,"column":0},"end":{"line":42,"column":50}},"43":{"start":{"line":44,"column":0},"end":{"line":44,"column":26}},"44":{"start":{"line":45,"column":0},"end":{"line":45,"column":61}},"45":{"start":{"line":46,"column":0},"end":{"line":46,"column":3}},"47":{"start":{"line":48,"column":0},"end":{"line":48,"column":34}},"48":{"start":{"line":49,"column":0},"end":{"line":49,"column":69}},"49":{"start":{"line":50,"column":0},"end":{"line":50,"column":3}},"51":{"start":{"line":52,"column":0},"end":{"line":52,"column":35}},"52":{"start":{"line":53,"column":0},"end":{"line":53,"column":52}},"53":{"start":{"line":54,"column":0},"end":{"line":54,"column":60}},"54":{"start":{"line":55,"column":0},"end":{"line":55,"column":52}},"55":{"start":{"line":56,"column":0},"end":{"line":56,"column":3}},"57":{"start":{"line":58,"column":0},"end":{"line":58,"column":15}},"58":{"start":{"line":59,"column":0},"end":{"line":59,"column":1}},"60":{"start":{"line":61,"column":0},"end":{"line":61,"column":45}},"61":{"start":{"line":62,"column":0},"end":{"line":62,"column":29}},"62":{"start":{"line":63,"column":0},"end":{"line":63,"column":113}},"63":{"start":{"line":64,"column":0},"end":{"line":64,"column":32}},"64":{"start":{"line":65,"column":0},"end":{"line":65,"column":3}},"65":{"start":{"line":66,"column":0},"end":{"line":66,"column":38}},"66":{"start":{"line":67,"column":0},"end":{"line":67,"column":40}},"68":{"start":{"line":69,"column":0},"end":{"line":69,"column":34}},"69":{"start":{"line":70,"column":0},"end":{"line":70,"column":45}},"71":{"start":{"line":72,"column":0},"end":{"line":72,"column":17}},"72":{"start":{"line":73,"column":0},"end":{"line":73,"column":1}},"74":{"start":{"line":75,"column":0},"end":{"line":75,"column":80}},"75":{"start":{"line":76,"column":0},"end":{"line":76,"column":60}},"76":{"start":{"line":77,"column":0},"end":{"line":77,"column":25}},"77":{"start":{"line":78,"column":0},"end":{"line":78,"column":3}},"79":{"start":{"line":80,"column":0},"end":{"line":80,"column":35}},"80":{"start":{"line":81,"column":0},"end":{"line":81,"column":33}},"81":{"start":{"line":82,"column":0},"end":{"line":82,"column":35}},"82":{"start":{"line":83,"column":0},"end":{"line":83,"column":71}},"83":{"start":{"line":84,"column":0},"end":{"line":84,"column":62}},"84":{"start":{"line":85,"column":0},"end":{"line":85,"column":12}},"85":{"start":{"line":86,"column":0},"end":{"line":86,"column":23}},"86":{"start":{"line":87,"column":0},"end":{"line":87,"column":5}},"87":{"start":{"line":88,"column":0},"end":{"line":88,"column":3}},"88":{"start":{"line":89,"column":0},"end":{"line":89,"column":17}},"89":{"start":{"line":90,"column":0},"end":{"line":90,"column":1}},"91":{"start":{"line":92,"column":0},"end":{"line":92,"column":88}},"92":{"start":{"line":93,"column":0},"end":{"line":93,"column":90}},"93":{"start":{"line":94,"column":0},"end":{"line":94,"column":22}},"95":{"start":{"line":96,"column":0},"end":{"line":96,"column":40}},"96":{"start":{"line":97,"column":0},"end":{"line":97,"column":67}},"97":{"start":{"line":98,"column":0},"end":{"line":98,"column":44}},"98":{"start":{"line":99,"column":0},"end":{"line":99,"column":32}},"99":{"start":{"line":100,"column":0},"end":{"line":100,"column":55}},"100":{"start":{"line":101,"column":0},"end":{"line":101,"column":43}},"101":{"start":{"line":102,"column":0},"end":{"line":102,"column":10}},"102":{"start":{"line":103,"column":0},"end":{"line":103,"column":50}},"103":{"start":{"line":104,"column":0},"end":{"line":104,"column":3}},"105":{"start":{"line":106,"column":0},"end":{"line":106,"column":69}},"106":{"start":{"line":107,"column":0},"end":{"line":107,"column":1}},"108":{"start":{"line":109,"column":0},"end":{"line":109,"column":89}},"109":{"start":{"line":110,"column":0},"end":{"line":110,"column":48}},"110":{"start":{"line":111,"column":0},"end":{"line":111,"column":69}},"111":{"start":{"line":112,"column":0},"end":{"line":112,"column":1}},"113":{"start":{"line":114,"column":0},"end":{"line":114,"column":67}},"114":{"start":{"line":115,"column":0},"end":{"line":115,"column":67}},"115":{"start":{"line":116,"column":0},"end":{"line":116,"column":31}},"116":{"start":{"line":117,"column":0},"end":{"line":117,"column":3}},"117":{"start":{"line":118,"column":0},"end":{"line":118,"column":69}},"118":{"start":{"line":119,"column":0},"end":{"line":119,"column":31}},"119":{"start":{"line":120,"column":0},"end":{"line":120,"column":3}},"120":{"start":{"line":121,"column":0},"end":{"line":121,"column":48}},"121":{"start":{"line":122,"column":0},"end":{"line":122,"column":55}},"122":{"start":{"line":123,"column":0},"end":{"line":123,"column":3}},"123":{"start":{"line":124,"column":0},"end":{"line":124,"column":45}},"124":{"start":{"line":125,"column":0},"end":{"line":125,"column":1}}},"s":{"6":1,"7":30,"8":30,"9":30,"10":30,"11":30,"12":30,"14":29,"15":29,"16":29,"18":1,"19":26,"20":26,"22":26,"23":26,"24":27,"25":27,"26":25,"27":27,"28":2,"29":2,"30":23,"31":23,"32":26,"33":26,"35":31,"36":31,"37":31,"39":30,"40":30,"41":30,"43":31,"44":15,"45":15,"47":31,"48":2,"49":2,"51":22,"52":12,"53":12,"54":12,"55":12,"57":1,"58":1,"60":30,"61":30,"62":30,"63":5,"64":5,"65":30,"66":30,"68":23,"69":30,"71":21,"72":21,"74":12,"75":12,"76":11,"77":11,"79":1,"80":1,"81":6,"82":2,"83":2,"84":2,"85":0,"86":0,"87":2,"88":1,"89":1,"91":15,"92":15,"93":15,"95":15,"96":10,"97":12,"98":4,"99":5,"100":1,"101":1,"102":0,"103":0,"105":15,"106":15,"108":14,"109":14,"110":14,"111":14,"113":14,"114":14,"115":2,"116":2,"117":14,"118":2,"119":2,"120":14,"121":1,"122":1,"123":9,"124":9},"branchMap":{"0":{"type":"branch","line":7,"loc":{"start":{"line":7,"column":7},"end":{"line":17,"column":1}},"locations":[{"start":{"line":7,"column":7},"end":{"line":17,"column":1}}]},"1":{"type":"branch","line":13,"loc":{"start":{"line":13,"column":16},"end":{"line":13,"column":28}},"locations":[{"start":{"line":13,"column":16},"end":{"line":13,"column":28}}]},"2":{"type":"branch","line":13,"loc":{"start":{"line":13,"column":23},"end":{"line":17,"column":1}},"locations":[{"start":{"line":13,"column":23},"end":{"line":17,"column":1}}]},"3":{"type":"branch","line":15,"loc":{"start":{"line":15,"column":42},"end":{"line":15,"column":65}},"locations":[{"start":{"line":15,"column":42},"end":{"line":15,"column":65}}]},"4":{"type":"branch","line":16,"loc":{"start":{"line":16,"column":23},"end":{"line":16,"column":73}},"locations":[{"start":{"line":16,"column":23},"end":{"line":16,"column":73}}]},"5":{"type":"branch","line":19,"loc":{"start":{"line":19,"column":7},"end":{"line":34,"column":1}},"locations":[{"start":{"line":19,"column":7},"end":{"line":34,"column":1}}]},"6":{"type":"branch","line":21,"loc":{"start":{"line":21,"column":16},"end":{"line":21,"column":28}},"locations":[{"start":{"line":21,"column":16},"end":{"line":21,"column":28}}]},"7":{"type":"branch","line":23,"loc":{"start":{"line":23,"column":42},"end":{"line":23,"column":65}},"locations":[{"start":{"line":23,"column":42},"end":{"line":23,"column":65}}]},"8":{"type":"branch","line":24,"loc":{"start":{"line":24,"column":23},"end":{"line":33,"column":3}},"locations":[{"start":{"line":24,"column":23},"end":{"line":33,"column":3}}]},"9":{"type":"branch","line":26,"loc":{"start":{"line":26,"column":16},"end":{"line":26,"column":29}},"locations":[{"start":{"line":26,"column":16},"end":{"line":26,"column":29}}]},"10":{"type":"branch","line":26,"loc":{"start":{"line":26,"column":23},"end":{"line":28,"column":29}},"locations":[{"start":{"line":26,"column":23},"end":{"line":28,"column":29}}]},"11":{"type":"branch","line":28,"loc":{"start":{"line":28,"column":16},"end":{"line":28,"column":58}},"locations":[{"start":{"line":28,"column":16},"end":{"line":28,"column":58}}]},"12":{"type":"branch","line":28,"loc":{"start":{"line":28,"column":37},"end":{"line":28,"column":87}},"locations":[{"start":{"line":28,"column":37},"end":{"line":28,"column":87}}]},"13":{"type":"branch","line":28,"loc":{"start":{"line":28,"column":87},"end":{"line":30,"column":5}},"locations":[{"start":{"line":28,"column":87},"end":{"line":30,"column":5}}]},"14":{"type":"branch","line":30,"loc":{"start":{"line":30,"column":4},"end":{"line":32,"column":30}},"locations":[{"start":{"line":30,"column":4},"end":{"line":32,"column":30}}]},"15":{"type":"branch","line":36,"loc":{"start":{"line":36,"column":0},"end":{"line":59,"column":1}},"locations":[{"start":{"line":36,"column":0},"end":{"line":59,"column":1}}]},"16":{"type":"branch","line":38,"loc":{"start":{"line":38,"column":14},"end":{"line":38,"column":27}},"locations":[{"start":{"line":38,"column":14},"end":{"line":38,"column":27}}]},"17":{"type":"branch","line":38,"loc":{"start":{"line":38,"column":21},"end":{"line":44,"column":25}},"locations":[{"start":{"line":38,"column":21},"end":{"line":44,"column":25}}]},"18":{"type":"branch","line":44,"loc":{"start":{"line":44,"column":25},"end":{"line":48,"column":33}},"locations":[{"start":{"line":44,"column":25},"end":{"line":48,"column":33}}]},"19":{"type":"branch","line":48,"loc":{"start":{"line":48,"column":33},"end":{"line":50,"column":3}},"locations":[{"start":{"line":48,"column":33},"end":{"line":50,"column":3}}]},"20":{"type":"branch","line":50,"loc":{"start":{"line":50,"column":2},"end":{"line":56,"column":3}},"locations":[{"start":{"line":50,"column":2},"end":{"line":56,"column":3}}]},"21":{"type":"branch","line":50,"loc":{"start":{"line":50,"column":2},"end":{"line":52,"column":34}},"locations":[{"start":{"line":50,"column":2},"end":{"line":52,"column":34}}]},"22":{"type":"branch","line":52,"loc":{"start":{"line":52,"column":34},"end":{"line":56,"column":3}},"locations":[{"start":{"line":52,"column":34},"end":{"line":56,"column":3}}]},"23":{"type":"branch","line":56,"loc":{"start":{"line":56,"column":2},"end":{"line":59,"column":1}},"locations":[{"start":{"line":56,"column":2},"end":{"line":59,"column":1}}]},"24":{"type":"branch","line":61,"loc":{"start":{"line":61,"column":0},"end":{"line":73,"column":1}},"locations":[{"start":{"line":61,"column":0},"end":{"line":73,"column":1}}]},"25":{"type":"branch","line":63,"loc":{"start":{"line":63,"column":29},"end":{"line":63,"column":61}},"locations":[{"start":{"line":63,"column":29},"end":{"line":63,"column":61}}]},"26":{"type":"branch","line":63,"loc":{"start":{"line":63,"column":83},"end":{"line":63,"column":112}},"locations":[{"start":{"line":63,"column":83},"end":{"line":63,"column":112}}]},"27":{"type":"branch","line":63,"loc":{"start":{"line":63,"column":112},"end":{"line":65,"column":3}},"locations":[{"start":{"line":63,"column":112},"end":{"line":65,"column":3}}]},"28":{"type":"branch","line":65,"loc":{"start":{"line":65,"column":2},"end":{"line":66,"column":33}},"locations":[{"start":{"line":65,"column":2},"end":{"line":66,"column":33}}]},"29":{"type":"branch","line":66,"loc":{"start":{"line":66,"column":26},"end":{"line":66,"column":38}},"locations":[{"start":{"line":66,"column":26},"end":{"line":66,"column":38}}]},"30":{"type":"branch","line":66,"loc":{"start":{"line":66,"column":33},"end":{"line":67,"column":34}},"locations":[{"start":{"line":66,"column":33},"end":{"line":67,"column":34}}]},"31":{"type":"branch","line":67,"loc":{"start":{"line":67,"column":27},"end":{"line":67,"column":40}},"locations":[{"start":{"line":67,"column":27},"end":{"line":67,"column":40}}]},"32":{"type":"branch","line":67,"loc":{"start":{"line":67,"column":34},"end":{"line":70,"column":37}},"locations":[{"start":{"line":67,"column":34},"end":{"line":70,"column":37}}]},"33":{"type":"branch","line":70,"loc":{"start":{"line":70,"column":30},"end":{"line":70,"column":45}},"locations":[{"start":{"line":70,"column":30},"end":{"line":70,"column":45}}]},"34":{"type":"branch","line":70,"loc":{"start":{"line":70,"column":37},"end":{"line":73,"column":1}},"locations":[{"start":{"line":70,"column":37},"end":{"line":73,"column":1}}]},"35":{"type":"branch","line":75,"loc":{"start":{"line":75,"column":0},"end":{"line":90,"column":1}},"locations":[{"start":{"line":75,"column":0},"end":{"line":90,"column":1}}]},"36":{"type":"branch","line":76,"loc":{"start":{"line":76,"column":59},"end":{"line":78,"column":3}},"locations":[{"start":{"line":76,"column":59},"end":{"line":78,"column":3}}]},"37":{"type":"branch","line":78,"loc":{"start":{"line":78,"column":2},"end":{"line":90,"column":1}},"locations":[{"start":{"line":78,"column":2},"end":{"line":90,"column":1}}]},"38":{"type":"branch","line":78,"loc":{"start":{"line":78,"column":2},"end":{"line":82,"column":34}},"locations":[{"start":{"line":78,"column":2},"end":{"line":82,"column":34}}]},"39":{"type":"branch","line":82,"loc":{"start":{"line":82,"column":34},"end":{"line":88,"column":3}},"locations":[{"start":{"line":82,"column":34},"end":{"line":88,"column":3}}]},"40":{"type":"branch","line":85,"loc":{"start":{"line":85,"column":4},"end":{"line":87,"column":5}},"locations":[{"start":{"line":85,"column":4},"end":{"line":87,"column":5}}]},"41":{"type":"branch","line":88,"loc":{"start":{"line":88,"column":2},"end":{"line":90,"column":1}},"locations":[{"start":{"line":88,"column":2},"end":{"line":90,"column":1}}]},"42":{"type":"branch","line":92,"loc":{"start":{"line":92,"column":0},"end":{"line":107,"column":1}},"locations":[{"start":{"line":92,"column":0},"end":{"line":107,"column":1}}]},"43":{"type":"branch","line":93,"loc":{"start":{"line":93,"column":78},"end":{"line":93,"column":90}},"locations":[{"start":{"line":93,"column":78},"end":{"line":93,"column":90}}]},"44":{"type":"branch","line":96,"loc":{"start":{"line":96,"column":39},"end":{"line":104,"column":3}},"locations":[{"start":{"line":96,"column":39},"end":{"line":104,"column":3}}]},"45":{"type":"branch","line":96,"loc":{"start":{"line":96,"column":39},"end":{"line":98,"column":13}},"locations":[{"start":{"line":96,"column":39},"end":{"line":98,"column":13}}]},"46":{"type":"branch","line":97,"loc":{"start":{"line":97,"column":25},"end":{"line":97,"column":67}},"locations":[{"start":{"line":97,"column":25},"end":{"line":97,"column":67}}]},"47":{"type":"branch","line":98,"loc":{"start":{"line":98,"column":2},"end":{"line":104,"column":3}},"locations":[{"start":{"line":98,"column":2},"end":{"line":104,"column":3}}]},"48":{"type":"branch","line":98,"loc":{"start":{"line":98,"column":43},"end":{"line":100,"column":13}},"locations":[{"start":{"line":98,"column":43},"end":{"line":100,"column":13}}]},"49":{"type":"branch","line":100,"loc":{"start":{"line":100,"column":2},"end":{"line":104,"column":3}},"locations":[{"start":{"line":100,"column":2},"end":{"line":104,"column":3}}]},"50":{"type":"branch","line":102,"loc":{"start":{"line":102,"column":2},"end":{"line":104,"column":3}},"locations":[{"start":{"line":102,"column":2},"end":{"line":104,"column":3}}]},"51":{"type":"branch","line":106,"loc":{"start":{"line":106,"column":22},"end":{"line":106,"column":50}},"locations":[{"start":{"line":106,"column":22},"end":{"line":106,"column":50}}]},"52":{"type":"branch","line":106,"loc":{"start":{"line":106,"column":43},"end":{"line":106,"column":61}},"locations":[{"start":{"line":106,"column":43},"end":{"line":106,"column":61}}]},"53":{"type":"branch","line":106,"loc":{"start":{"line":106,"column":51},"end":{"line":106,"column":69}},"locations":[{"start":{"line":106,"column":51},"end":{"line":106,"column":69}}]},"54":{"type":"branch","line":109,"loc":{"start":{"line":109,"column":0},"end":{"line":112,"column":1}},"locations":[{"start":{"line":109,"column":0},"end":{"line":112,"column":1}}]},"55":{"type":"branch","line":111,"loc":{"start":{"line":111,"column":22},"end":{"line":111,"column":50}},"locations":[{"start":{"line":111,"column":22},"end":{"line":111,"column":50}}]},"56":{"type":"branch","line":111,"loc":{"start":{"line":111,"column":43},"end":{"line":111,"column":61}},"locations":[{"start":{"line":111,"column":43},"end":{"line":111,"column":61}}]},"57":{"type":"branch","line":111,"loc":{"start":{"line":111,"column":51},"end":{"line":111,"column":69}},"locations":[{"start":{"line":111,"column":51},"end":{"line":111,"column":69}}]},"58":{"type":"branch","line":114,"loc":{"start":{"line":114,"column":0},"end":{"line":125,"column":1}},"locations":[{"start":{"line":114,"column":0},"end":{"line":125,"column":1}}]},"59":{"type":"branch","line":115,"loc":{"start":{"line":115,"column":24},"end":{"line":115,"column":66}},"locations":[{"start":{"line":115,"column":24},"end":{"line":115,"column":66}}]},"60":{"type":"branch","line":115,"loc":{"start":{"line":115,"column":66},"end":{"line":117,"column":3}},"locations":[{"start":{"line":115,"column":66},"end":{"line":117,"column":3}}]},"61":{"type":"branch","line":117,"loc":{"start":{"line":117,"column":2},"end":{"line":118,"column":37}},"locations":[{"start":{"line":117,"column":2},"end":{"line":118,"column":37}}]},"62":{"type":"branch","line":118,"loc":{"start":{"line":118,"column":24},"end":{"line":118,"column":68}},"locations":[{"start":{"line":118,"column":24},"end":{"line":118,"column":68}}]},"63":{"type":"branch","line":118,"loc":{"start":{"line":118,"column":68},"end":{"line":120,"column":3}},"locations":[{"start":{"line":118,"column":68},"end":{"line":120,"column":3}}]},"64":{"type":"branch","line":120,"loc":{"start":{"line":120,"column":2},"end":{"line":121,"column":47}},"locations":[{"start":{"line":120,"column":2},"end":{"line":121,"column":47}}]},"65":{"type":"branch","line":121,"loc":{"start":{"line":121,"column":47},"end":{"line":123,"column":3}},"locations":[{"start":{"line":121,"column":47},"end":{"line":123,"column":3}}]},"66":{"type":"branch","line":123,"loc":{"start":{"line":123,"column":2},"end":{"line":125,"column":1}},"locations":[{"start":{"line":123,"column":2},"end":{"line":125,"column":1}}]}},"b":{"0":[30],"1":[1],"2":[29],"3":[31],"4":[31],"5":[26],"6":[0],"7":[27],"8":[27],"9":[2],"10":[25],"11":[7],"12":[6],"13":[2],"14":[23],"15":[31],"16":[1],"17":[30],"18":[15],"19":[2],"20":[22],"21":[13],"22":[12],"23":[1],"24":[30],"25":[0],"26":[5],"27":[5],"28":[25],"29":[2],"30":[23],"31":[0],"32":[23],"33":[2],"34":[21],"35":[12],"36":[11],"37":[6],"38":[1],"39":[2],"40":[0],"41":[1],"42":[15],"43":[0],"44":[12],"45":[10],"46":[3],"47":[5],"48":[4],"49":[1],"50":[0],"51":[13],"52":[3],"53":[12],"54":[14],"55":[12],"56":[2],"57":[12],"58":[14],"59":[2],"60":[2],"61":[12],"62":[2],"63":[2],"64":[10],"65":[1],"66":[9]},"fnMap":{"0":{"name":"evaluateCondition","decl":{"start":{"line":7,"column":7},"end":{"line":17,"column":1}},"loc":{"start":{"line":7,"column":7},"end":{"line":17,"column":1}},"line":7},"1":{"name":"isConditionSyntaxValid","decl":{"start":{"line":19,"column":7},"end":{"line":34,"column":1}},"loc":{"start":{"line":19,"column":7},"end":{"line":34,"column":1}},"line":19},"2":{"name":"evaluateClause","decl":{"start":{"line":36,"column":0},"end":{"line":59,"column":1}},"loc":{"start":{"line":36,"column":0},"end":{"line":59,"column":1}},"line":36},"3":{"name":"parseLiteral","decl":{"start":{"line":61,"column":0},"end":{"line":73,"column":1}},"loc":{"start":{"line":61,"column":0},"end":{"line":73,"column":1}},"line":61},"4":{"name":"resolveContextValue","decl":{"start":{"line":75,"column":0},"end":{"line":90,"column":1}},"loc":{"start":{"line":75,"column":0},"end":{"line":90,"column":1}},"line":75},"5":{"name":"compareOutcome","decl":{"start":{"line":92,"column":0},"end":{"line":107,"column":1}},"loc":{"start":{"line":92,"column":0},"end":{"line":107,"column":1}},"line":92},"6":{"name":"compareValues","decl":{"start":{"line":109,"column":0},"end":{"line":112,"column":1}},"loc":{"start":{"line":109,"column":0},"end":{"line":112,"column":1}},"line":109},"7":{"name":"valuesEqual","decl":{"start":{"line":114,"column":0},"end":{"line":125,"column":1}},"loc":{"start":{"line":114,"column":0},"end":{"line":125,"column":1}},"line":114}},"f":{"0":30,"1":26,"2":31,"3":30,"4":12,"5":15,"6":14,"7":14}}
,"/Users/markhingston/Downloads/strange-attractor/packages/core/src/context/index.test.ts": {"path":"/Users/markhingston/Downloads/strange-attractor/packages/core/src/context/index.test.ts","all":false,"statementMap":{"0":{"start":{"line":1,"column":0},"end":{"line":1,"column":61}},"1":{"start":{"line":2,"column":0},"end":{"line":2,"column":37}},"3":{"start":{"line":4,"column":0},"end":{"line":4,"column":27}},"4":{"start":{"line":5,"column":0},"end":{"line":5,"column":19}},"5":{"start":{"line":6,"column":0},"end":{"line":6,"column":26}},"6":{"start":{"line":7,"column":0},"end":{"line":7,"column":5}},"8":{"start":{"line":9,"column":0},"end":{"line":9,"column":70}},"9":{"start":{"line":10,"column":0},"end":{"line":10,"column":34}},"10":{"start":{"line":11,"column":0},"end":{"line":11,"column":33}},"11":{"start":{"line":12,"column":0},"end":{"line":12,"column":40}},"13":{"start":{"line":14,"column":0},"end":{"line":14,"column":63}},"14":{"start":{"line":15,"column":0},"end":{"line":15,"column":79}},"15":{"start":{"line":16,"column":0},"end":{"line":16,"column":63}},"16":{"start":{"line":17,"column":0},"end":{"line":17,"column":78}},"17":{"start":{"line":18,"column":0},"end":{"line":18,"column":83}},"18":{"start":{"line":19,"column":0},"end":{"line":19,"column":5}},"20":{"start":{"line":21,"column":0},"end":{"line":21,"column":56}},"21":{"start":{"line":22,"column":0},"end":{"line":22,"column":34}},"22":{"start":{"line":23,"column":0},"end":{"line":23,"column":33}},"23":{"start":{"line":24,"column":0},"end":{"line":24,"column":33}},"24":{"start":{"line":25,"column":0},"end":{"line":25,"column":55}},"26":{"start":{"line":27,"column":0},"end":{"line":27,"column":65}},"27":{"start":{"line":28,"column":0},"end":{"line":28,"column":93}},"28":{"start":{"line":29,"column":0},"end":{"line":29,"column":59}},"29":{"start":{"line":30,"column":0},"end":{"line":30,"column":62}},"30":{"start":{"line":31,"column":0},"end":{"line":31,"column":60}},"32":{"start":{"line":33,"column":0},"end":{"line":33,"column":26}},"33":{"start":{"line":34,"column":0},"end":{"line":34,"column":43}},"34":{"start":{"line":35,"column":0},"end":{"line":35,"column":5}},"36":{"start":{"line":37,"column":0},"end":{"line":37,"column":98}},"37":{"start":{"line":38,"column":0},"end":{"line":38,"column":34}},"38":{"start":{"line":39,"column":0},"end":{"line":39,"column":42}},"39":{"start":{"line":40,"column":0},"end":{"line":40,"column":61}},"40":{"start":{"line":41,"column":0},"end":{"line":41,"column":36}},"41":{"start":{"line":42,"column":0},"end":{"line":42,"column":47}},"42":{"start":{"line":43,"column":0},"end":{"line":43,"column":36}},"44":{"start":{"line":45,"column":0},"end":{"line":45,"column":61}},"45":{"start":{"line":46,"column":0},"end":{"line":46,"column":58}},"46":{"start":{"line":47,"column":0},"end":{"line":47,"column":10}},"47":{"start":{"line":48,"column":0},"end":{"line":48,"column":16}},"48":{"start":{"line":49,"column":0},"end":{"line":49,"column":36}},"49":{"start":{"line":50,"column":0},"end":{"line":50,"column":64}},"50":{"start":{"line":51,"column":0},"end":{"line":51,"column":9}},"51":{"start":{"line":52,"column":0},"end":{"line":52,"column":40}},"52":{"start":{"line":53,"column":0},"end":{"line":53,"column":7}},"53":{"start":{"line":54,"column":0},"end":{"line":54,"column":42}},"54":{"start":{"line":55,"column":0},"end":{"line":55,"column":7}},"56":{"start":{"line":57,"column":0},"end":{"line":57,"column":35}},"57":{"start":{"line":58,"column":0},"end":{"line":58,"column":79}},"58":{"start":{"line":59,"column":0},"end":{"line":59,"column":102}},"60":{"start":{"line":61,"column":0},"end":{"line":61,"column":57}},"61":{"start":{"line":62,"column":0},"end":{"line":62,"column":38}},"62":{"start":{"line":63,"column":0},"end":{"line":63,"column":45}},"63":{"start":{"line":64,"column":0},"end":{"line":64,"column":62}},"64":{"start":{"line":65,"column":0},"end":{"line":65,"column":5}},"66":{"start":{"line":67,"column":0},"end":{"line":67,"column":51}},"67":{"start":{"line":68,"column":0},"end":{"line":68,"column":63}},"68":{"start":{"line":69,"column":0},"end":{"line":69,"column":62}},"69":{"start":{"line":70,"column":0},"end":{"line":70,"column":62}},"70":{"start":{"line":71,"column":0},"end":{"line":71,"column":5}},"71":{"start":{"line":72,"column":0},"end":{"line":72,"column":3}}},"s":{"0":1,"1":1,"3":1,"4":1,"5":4,"6":1,"8":1,"9":1,"10":1,"11":1,"13":1,"14":1,"15":1,"16":1,"17":1,"18":1,"20":1,"21":1,"22":1,"23":1,"24":1,"26":1,"27":1,"28":1,"29":1,"30":1,"32":1,"33":1,"34":1,"36":1,"37":1,"38":1,"39":1,"40":1,"41":1,"42":1,"44":1,"45":1,"46":2,"47":2,"48":2,"49":2,"50":2,"51":1,"52":1,"53":1,"54":1,"56":1,"57":1,"58":1,"60":1,"61":1,"62":1,"63":1,"64":1,"66":1,"67":1,"68":1,"69":1,"70":1,"71":1},"branchMap":{"0":{"type":"branch","line":4,"loc":{"start":{"line":4,"column":20},"end":{"line":72,"column":3}},"locations":[{"start":{"line":4,"column":20},"end":{"line":72,"column":3}}]},"1":{"type":"branch","line":5,"loc":{"start":{"line":5,"column":12},"end":{"line":7,"column":3}},"locations":[{"start":{"line":5,"column":12},"end":{"line":7,"column":3}}]},"2":{"type":"branch","line":9,"loc":{"start":{"line":9,"column":57},"end":{"line":19,"column":3}},"locations":[{"start":{"line":9,"column":57},"end":{"line":19,"column":3}}]},"3":{"type":"branch","line":21,"loc":{"start":{"line":21,"column":43},"end":{"line":35,"column":3}},"locations":[{"start":{"line":21,"column":43},"end":{"line":35,"column":3}}]},"4":{"type":"branch","line":37,"loc":{"start":{"line":37,"column":85},"end":{"line":65,"column":3}},"locations":[{"start":{"line":37,"column":85},"end":{"line":65,"column":3}}]},"5":{"type":"branch","line":46,"loc":{"start":{"line":46,"column":37},"end":{"line":55,"column":5}},"locations":[{"start":{"line":46,"column":37},"end":{"line":55,"column":5}}]},"6":{"type":"branch","line":51,"loc":{"start":{"line":51,"column":8},"end":{"line":54,"column":42}},"locations":[{"start":{"line":51,"column":8},"end":{"line":54,"column":42}}]},"7":{"type":"branch","line":67,"loc":{"start":{"line":67,"column":38},"end":{"line":71,"column":3}},"locations":[{"start":{"line":67,"column":38},"end":{"line":71,"column":3}}]}},"b":{"0":[1],"1":[4],"2":[1],"3":[1],"4":[1],"5":[2],"6":[1],"7":[1]},"fnMap":{},"f":{}}
,"/Users/markhingston/Downloads/strange-attractor/packages/core/src/context/index.ts": {"path":"/Users/markhingston/Downloads/strange-attractor/packages/core/src/context/index.ts","all":false,"statementMap":{"0":{"start":{"line":1,"column":0},"end":{"line":1,"column":35}},"5":{"start":{"line":6,"column":0},"end":{"line":6,"column":22}},"6":{"start":{"line":7,"column":0},"end":{"line":7,"column":39}},"7":{"start":{"line":8,"column":0},"end":{"line":8,"column":25}},"8":{"start":{"line":9,"column":0},"end":{"line":9,"column":26}},"10":{"start":{"line":11,"column":0},"end":{"line":11,"column":17}},"11":{"start":{"line":12,"column":0},"end":{"line":12,"column":28}},"12":{"start":{"line":13,"column":0},"end":{"line":13,"column":19}},"13":{"start":{"line":14,"column":0},"end":{"line":14,"column":32}},"14":{"start":{"line":15,"column":0},"end":{"line":15,"column":3}},"19":{"start":{"line":20,"column":0},"end":{"line":20,"column":57}},"20":{"start":{"line":21,"column":0},"end":{"line":21,"column":45}},"21":{"start":{"line":22,"column":0},"end":{"line":22,"column":34}},"22":{"start":{"line":23,"column":0},"end":{"line":23,"column":7}},"23":{"start":{"line":24,"column":0},"end":{"line":24,"column":3}},"28":{"start":{"line":29,"column":0},"end":{"line":29,"column":71}},"29":{"start":{"line":30,"column":0},"end":{"line":30,"column":52}},"30":{"start":{"line":31,"column":0},"end":{"line":31,"column":33}},"31":{"start":{"line":32,"column":0},"end":{"line":32,"column":41}},"32":{"start":{"line":33,"column":0},"end":{"line":33,"column":7}},"33":{"start":{"line":34,"column":0},"end":{"line":34,"column":26}},"34":{"start":{"line":35,"column":0},"end":{"line":35,"column":7}},"35":{"start":{"line":36,"column":0},"end":{"line":36,"column":3}},"40":{"start":{"line":41,"column":0},"end":{"line":41,"column":68}},"41":{"start":{"line":42,"column":0},"end":{"line":42,"column":38}},"42":{"start":{"line":43,"column":0},"end":{"line":43,"column":48}},"43":{"start":{"line":44,"column":0},"end":{"line":44,"column":26}},"44":{"start":{"line":45,"column":0},"end":{"line":45,"column":5}},"45":{"start":{"line":46,"column":0},"end":{"line":46,"column":25}},"46":{"start":{"line":47,"column":0},"end":{"line":47,"column":3}},"51":{"start":{"line":52,"column":0},"end":{"line":52,"column":49}},"52":{"start":{"line":53,"column":0},"end":{"line":53,"column":43}},"53":{"start":{"line":54,"column":0},"end":{"line":54,"column":28}},"54":{"start":{"line":55,"column":0},"end":{"line":55,"column":7}},"55":{"start":{"line":56,"column":0},"end":{"line":56,"column":3}},"60":{"start":{"line":61,"column":0},"end":{"line":61,"column":38}},"61":{"start":{"line":62,"column":0},"end":{"line":62,"column":65}},"62":{"start":{"line":63,"column":0},"end":{"line":63,"column":3}},"67":{"start":{"line":68,"column":0},"end":{"line":68,"column":39}},"70":{"start":{"line":71,"column":0},"end":{"line":71,"column":43}},"71":{"start":{"line":72,"column":0},"end":{"line":72,"column":3}},"76":{"start":{"line":77,"column":0},"end":{"line":77,"column":20}},"77":{"start":{"line":78,"column":0},"end":{"line":78,"column":37}},"80":{"start":{"line":81,"column":0},"end":{"line":81,"column":55}},"81":{"start":{"line":82,"column":0},"end":{"line":82,"column":11}},"82":{"start":{"line":83,"column":0},"end":{"line":83,"column":59}},"83":{"start":{"line":84,"column":0},"end":{"line":84,"column":15}},"85":{"start":{"line":86,"column":0},"end":{"line":86,"column":42}},"86":{"start":{"line":87,"column":0},"end":{"line":87,"column":7}},"87":{"start":{"line":88,"column":0},"end":{"line":88,"column":5}},"90":{"start":{"line":91,"column":0},"end":{"line":91,"column":37}},"92":{"start":{"line":93,"column":0},"end":{"line":93,"column":22}},"93":{"start":{"line":94,"column":0},"end":{"line":94,"column":3}},"98":{"start":{"line":99,"column":0},"end":{"line":99,"column":72}},"99":{"start":{"line":100,"column":0},"end":{"line":100,"column":45}},"100":{"start":{"line":101,"column":0},"end":{"line":101,"column":59}},"101":{"start":{"line":102,"column":0},"end":{"line":102,"column":36}},"102":{"start":{"line":103,"column":0},"end":{"line":103,"column":7}},"103":{"start":{"line":104,"column":0},"end":{"line":104,"column":7}},"104":{"start":{"line":105,"column":0},"end":{"line":105,"column":3}},"109":{"start":{"line":110,"column":0},"end":{"line":110,"column":67}},"110":{"start":{"line":111,"column":0},"end":{"line":111,"column":34}},"111":{"start":{"line":112,"column":0},"end":{"line":112,"column":58}},"112":{"start":{"line":113,"column":0},"end":{"line":113,"column":37}},"113":{"start":{"line":114,"column":0},"end":{"line":114,"column":5}},"114":{"start":{"line":115,"column":0},"end":{"line":115,"column":19}},"115":{"start":{"line":116,"column":0},"end":{"line":116,"column":3}},"120":{"start":{"line":121,"column":0},"end":{"line":121,"column":35}},"121":{"start":{"line":122,"column":0},"end":{"line":122,"column":83}},"122":{"start":{"line":123,"column":0},"end":{"line":123,"column":3}},"127":{"start":{"line":128,"column":0},"end":{"line":128,"column":44}},"128":{"start":{"line":129,"column":0},"end":{"line":129,"column":73}},"129":{"start":{"line":130,"column":0},"end":{"line":130,"column":3}},"134":{"start":{"line":135,"column":0},"end":{"line":135,"column":47}},"135":{"start":{"line":136,"column":0},"end":{"line":136,"column":76}},"136":{"start":{"line":137,"column":0},"end":{"line":137,"column":3}},"141":{"start":{"line":142,"column":0},"end":{"line":142,"column":32}},"142":{"start":{"line":143,"column":0},"end":{"line":143,"column":45}},"143":{"start":{"line":144,"column":0},"end":{"line":144,"column":26}},"144":{"start":{"line":145,"column":0},"end":{"line":145,"column":7}},"145":{"start":{"line":146,"column":0},"end":{"line":146,"column":3}},"146":{"start":{"line":147,"column":0},"end":{"line":147,"column":1}},"148":{"start":{"line":149,"column":0},"end":{"line":149,"column":23}}},"s":{"0":1,"5":1,"6":1,"7":64,"8":64,"10":1,"11":64,"12":64,"13":64,"14":64,"19":1,"20":574,"21":574,"22":574,"23":574,"28":1,"29":147,"30":147,"31":63,"32":63,"33":84,"34":147,"35":147,"40":1,"41":115,"42":115,"43":70,"44":70,"45":45,"46":115,"51":1,"52":3,"53":3,"54":3,"55":3,"60":1,"61":2,"62":2,"67":1,"70":138,"71":138,"76":1,"77":4,"80":4,"81":2,"82":2,"83":2,"85":1,"86":1,"87":2,"90":4,"92":4,"93":4,"98":1,"99":53,"100":53,"101":319,"102":319,"103":53,"104":53,"109":1,"110":4,"111":4,"112":6,"113":6,"114":4,"115":4,"120":1,"121":1,"122":1,"127":1,"128":2,"129":2,"134":1,"135":1,"136":1,"141":1,"142":1,"143":1,"144":1,"145":1,"146":1,"148":1},"branchMap":{"0":{"type":"branch","line":7,"loc":{"start":{"line":7,"column":10},"end":{"line":9,"column":26}},"locations":[{"start":{"line":7,"column":10},"end":{"line":9,"column":26}}]},"1":{"type":"branch","line":11,"loc":{"start":{"line":11,"column":2},"end":{"line":15,"column":3}},"locations":[{"start":{"line":11,"column":2},"end":{"line":15,"column":3}}]},"2":{"type":"branch","line":20,"loc":{"start":{"line":20,"column":2},"end":{"line":24,"column":3}},"locations":[{"start":{"line":20,"column":2},"end":{"line":24,"column":3}}]},"3":{"type":"branch","line":21,"loc":{
[...]
36":{"type":"branch","line":332,"loc":{"start":{"line":332,"column":31},"end":{"line":360,"column":3}},"locations":[{"start":{"line":332,"column":31},"end":{"line":360,"column":3}}]},"37":{"type":"branch","line":333,"loc":{"start":{"line":333,"column":73},"end":{"line":333,"column":87}},"locations":[{"start":{"line":333,"column":73},"end":{"line":333,"column":87}}]},"38":{"type":"branch","line":344,"loc":{"start":{"line":344,"column":78},"end":{"line":345,"column":11}},"locations":[{"start":{"line":344,"column":78},"end":{"line":345,"column":11}}]},"39":{"type":"branch","line":348,"loc":{"start":{"line":348,"column":67},"end":{"line":348,"column":75}},"locations":[{"start":{"line":348,"column":67},"end":{"line":348,"column":75}}]},"40":{"type":"branch","line":349,"loc":{"start":{"line":349,"column":67},"end":{"line":349,"column":75}},"locations":[{"start":{"line":349,"column":67},"end":{"line":349,"column":75}}]},"41":{"type":"branch","line":351,"loc":{"start":{"line":351,"column":57},"end":{"line":351,"column":65}},"locations":[{"start":{"line":351,"column":57},"end":{"line":351,"column":65}}]},"42":{"type":"branch","line":352,"loc":{"start":{"line":352,"column":51},"end":{"line":352,"column":59}},"locations":[{"start":{"line":352,"column":51},"end":{"line":352,"column":59}}]},"43":{"type":"branch","line":353,"loc":{"start":{"line":353,"column":41},"end":{"line":353,"column":48}},"locations":[{"start":{"line":353,"column":41},"end":{"line":353,"column":48}}]},"44":{"type":"branch","line":354,"loc":{"start":{"line":354,"column":41},"end":{"line":354,"column":48}},"locations":[{"start":{"line":354,"column":41},"end":{"line":354,"column":48}}]},"45":{"type":"branch","line":357,"loc":{"start":{"line":357,"column":61},"end":{"line":357,"column":68}},"locations":[{"start":{"line":357,"column":61},"end":{"line":357,"column":68}}]},"46":{"type":"branch","line":362,"loc":{"start":{"line":362,"column":34},"end":{"line":370,"column":3}},"locations":[{"start":{"line":362,"column":34},"end":{"line":370,"column":3}}]},"47":{"type":"branch","line":364,"loc":{"start":{"line":364,"column":86},"end":{"line":364,"column":94}},"locations":[{"start":{"line":364,"column":86},"end":{"line":364,"column":94}}]},"48":{"type":"branch","line":365,"loc":{"start":{"line":365,"column":72},"end":{"line":365,"column":79}},"locations":[{"start":{"line":365,"column":72},"end":{"line":365,"column":79}}]},"49":{"type":"branch","line":366,"loc":{"start":{"line":366,"column":74},"end":{"line":366,"column":81}},"locations":[{"start":{"line":366,"column":74},"end":{"line":366,"column":81}}]},"50":{"type":"branch","line":367,"loc":{"start":{"line":367,"column":58},"end":{"line":367,"column":66}},"locations":[{"start":{"line":367,"column":58},"end":{"line":367,"column":66}}]},"51":{"type":"branch","line":368,"loc":{"start":{"line":368,"column":76},"end":{"line":368,"column":84}},"locations":[{"start":{"line":368,"column":76},"end":{"line":368,"column":84}}]},"52":{"type":"branch","line":372,"loc":{"start":{"line":372,"column":29},"end":{"line":389,"column":3}},"locations":[{"start":{"line":372,"column":29},"end":{"line":389,"column":3}}]},"53":{"type":"branch","line":374,"loc":{"start":{"line":374,"column":63},"end":{"line":374,"column":71}},"locations":[{"start":{"line":374,"column":63},"end":{"line":374,"column":71}}]},"54":{"type":"branch","line":378,"loc":{"start":{"line":378,"column":41},"end":{"line":379,"column":13}},"locations":[{"start":{"line":378,"column":41},"end":{"line":379,"column":13}}]},"55":{"type":"branch","line":380,"loc":{"start":{"line":380,"column":61},"end":{"line":380,"column":68}},"locations":[{"start":{"line":380,"column":61},"end":{"line":380,"column":68}}]},"56":{"type":"branch","line":381,"loc":{"start":{"line":381,"column":49},"end":{"line":381,"column":56}},"locations":[{"start":{"line":381,"column":49},"end":{"line":381,"column":56}}]},"57":{"type":"branch","line":383,"loc":{"start":{"line":383,"column":51},"end":{"line":383,"column":58}},"locations":[{"start":{"line":383,"column":51},"end":{"line":383,"column":58}}]},"58":{"type":"branch","line":384,"loc":{"start":{"line":384,"column":61},"end":{"line":384,"column":69}},"locations":[{"start":{"line":384,"column":61},"end":{"line":384,"column":69}}]},"59":{"type":"branch","line":385,"loc":{"start":{"line":385,"column":73},"end":{"line":385,"column":81}},"locations":[{"start":{"line":385,"column":73},"end":{"line":385,"column":81}}]},"60":{"type":"branch","line":386,"loc":{"start":{"line":386,"column":75},"end":{"line":386,"column":83}},"locations":[{"start":{"line":386,"column":75},"end":{"line":386,"column":83}}]},"61":{"type":"branch","line":387,"loc":{"start":{"line":387,"column":69},"end":{"line":387,"column":77}},"locations":[{"start":{"line":387,"column":69},"end":{"line":387,"column":77}}]},"62":{"type":"branch","line":391,"loc":{"start":{"line":391,"column":30},"end":{"line":415,"column":3}},"locations":[{"start":{"line":391,"column":30},"end":{"line":415,"column":3}}]},"63":{"type":"branch","line":392,"loc":{"start":{"line":392,"column":65},"end":{"line":392,"column":76}},"locations":[{"start":{"line":392,"column":65},"end":{"line":392,"column":76}}]},"64":{"type":"branch","line":393,"loc":{"start":{"line":393,"column":67},"end":{"line":393,"column":79}},"locations":[{"start":{"line":393,"column":67},"end":{"line":393,"column":79}}]},"65":{"type":"branch","line":394,"loc":{"start":{"line":394,"column":74},"end":{"line":394,"column":90}},"locations":[{"start":{"line":394,"column":74},"end":{"line":394,"column":90}}]},"66":{"type":"branch","line":400,"loc":{"start":{"line":400,"column":50},"end":{"line":400,"column":57}},"locations":[{"start":{"line":400,"column":50},"end":{"line":400,"column":57}}]},"67":{"type":"branch","line":401,"loc":{"start":{"line":401,"column":44},"end":{"line":401,"column":51}},"locations":[{"start":{"line":401,"column":44},"end":{"line":401,"column":51}}]},"68":{"type":"branch","line":410,"loc":{"start":{"line":410,"column":54},"end":{"line":410,"column":61}},"locations":[{"start":{"line":410,"column":54},"end":{"line":410,"column":61}}]},"69":{"type":"branch","line":411,"loc":{"start":{"line":411,"column":48},"end":{"line":411,"column":55}},"locations":[{"start":{"line":411,"column":48},"end":{"line":411,"column":55}}]},"70":{"type":"branch","line":417,"loc":{"start":{"line":417,"column":40},"end":{"line":417,"column":55}},"locations":[{"start":{"line":417,"column":40},"end":{"line":417,"column":55}}]},"71":{"type":"branch","line":417,"loc":{"start":{"line":417,"column":44},"end":{"line":417,"column":60}},"locations":[{"start":{"line":417,"column":44},"end":{"line":417,"column":60}}]},"72":{"type":"branch","line":337,"loc":{"start":{"line":337,"column":15},"end":{"line":343,"column":12}},"locations":[{"start":{"line":337,"column":15},"end":{"line":343,"column":12}}]},"73":{"type":"branch","line":338,"loc":{"start":{"line":338,"column":55},"end":{"line":338,"column":63}},"locations":[{"start":{"line":338,"column":55},"end":{"line":338,"column":63}}]},"74":{"type":"branch","line":339,"loc":{"start":{"line":339,"column":49},"end":{"line":339,"column":57}},"locations":[{"start":{"line":339,"column":49},"end":{"line":339,"column":57}}]},"75":{"type":"branch","line":340,"loc":{"start":{"line":340,"column":39},"end":{"line":340,"column":46}},"locations":[{"start":{"line":340,"column":39},"end":{"line":340,"column":46}}]},"76":{"type":"branch","line":341,"loc":{"start":{"line":341,"column":41},"end":{"line":341,"column":48}},"locations":[{"start":{"line":341,"column":41},"end":{"line":341,"column":48}}]},"77":{"type":"branch","line":342,"loc":{"start":{"line":342,"column":53},"end":{"line":342,"column":60}},"locations":[{"start":{"line":342,"column":53},"end":{"line":342,"column":60}}]},"78":{"type":"branch","line":344,"loc":{"start":{"line":344,"column":16},"end":{"line":344,"column":78}},"locations":[{"start":{"line":344,"column":16},"end":{"line":344,"column":78}}]},"79":{"type":"branch","line":377,"loc":{"start":{"line":377,"column":20},"end":{"line":377,"column":56}},"locations":[{"start":{"line":377,"column":20},"end":{"line":377,"column":56}}]},"80":{"type":"branch","line":378,"loc":{"start":{"line":378,"column":17},"end":{"line":378,"column":41}},"locations":[{"start":{"line":378,"column":17},"end":{"line":378,"column":41}}]},"81":{"type":"branch","line":420,"loc":{"start":{"line":420,"column":0},"end":{"line":442,"column":1}},"locations":[{"start":{"line":420,"column":0},"end":{"line":442,"column":1}}]},"82":{"type":"branch","line":422,"loc":{"start":{"line":422,"column":28},"end":{"line":424,"column":3}},"locations":[{"start":{"line":422,"column":28},"end":{"line":424,"column":3}}]},"83":{"type":"branch","line":424,"loc":{"start":{"line":424,"column":2},"end":{"line":426,"column":68}},"locations":[{"start":{"line":424,"column":2},"end":{"line":426,"column":68}}]},"84":{"type":"branch","line":426,"loc":{"start":{"line":426,"column":59},"end":{"line":426,"column":71}},"locations":[{"start":{"line":426,"column":59},"end":{"line":426,"column":71}}]},"85":{"type":"branch","line":427,"loc":{"start":{"line":427,"column":45},"end":{"line":427,"column":68}},"locations":[{"start":{"line":427,"column":45},"end":{"line":427,"column":68}}]},"86":{"type":"branch","line":427,"loc":{"start":{"line":427,"column":59},"end":{"line":427,"column":71}},"locations":[{"start":{"line":427,"column":59},"end":{"line":427,"column":71}}]},"87":{"type":"branch","line":432,"loc":{"start":{"line":432,"column":49},"end":{"line":432,"column":56}},"locations":[{"start":{"line":432,"column":49},"end":{"line":432,"column":56}}]},"88":{"type":"branch","line":433,"loc":{"start":{"line":433,"column":43},"end":{"line":433,"column":50}},"locations":[{"start":{"line":433,"column":43},"end":{"line":433,"column":50}}]},"89":{"type":"branch","line":444,"loc":{"start":{"line":444,"column":0},"end":{"line":451,"column":1}},"locations":[{"start":{"line":444,"column":0},"end":{"line":451,"column":1}}]},"90":{"type":"branch","line":446,"loc":{"start":{"line":446,"column":44},"end":{"line":448,"column":10}},"locations":[{"start":{"line":446,"column":44},"end":{"line":448,"column":10}}]},"91":{"type":"branch","line":448,"loc":{"start":{"line":448,"column":2},"end":{"line":450,"column":3}},"locations":[{"start":{"line":448,"column":2},"end":{"line":450,"column":3}}]},"92":{"type":"branch","line":453,"loc":{"start":{"line":453,"column":0},"end":{"line":464,"column":1}},"locations":[{"start":{"line":453,"column":0},"end":{"line":464,"column":1}}]},"93":{"type":"branch","line":454,"loc":{"start":{"line":454,"column":23},"end":{"line":454,"column":59}},"locations":[{"start":{"line":454,"column":23},"end":{"line":454,"column":59}}]},"94":{"type":"branch","line":454,"loc":{"start":{"line":454,"column":59},"end":{"line":456,"column":3}},"locations":[{"start":{"line":454,"column":59},"end":{"line":456,"column":3}}]},"95":{"type":"branch","line":456,"loc":{"start":{"line":456,"column":2},"end":{"line":457,"column":33}},"locations":[{"start":{"line":456,"column":2},"end":{"line":457,"column":33}}]},"96":{"type":"branch","line":457,"loc":{"start":{"line":457,"column":33},"end":{"line":462,"column":3}},"locations":[{"start":{"line":457,"column":33},"end":{"line":462,"column":3}}]},"97":{"type":"branch","line":462,"loc":{"start":{"line":462,"column":2},"end":{"line":464,"column":1}},"locations":[{"start":{"line":462,"column":2},"end":{"line":464,"column":1}}]},"98":{"type":"branch","line":466,"loc":{"start":{"line":466,"column":0},"end":{"line":469,"column":1}},"locations":[{"start":{"line":466,"column":0},"end":{"line":469,"column":1}}]},"99":{"type":"branch","line":468,"loc":{"start":{"line":468,"column":20},"end":{"line":468,"column":39}},"locations":[{"start":{"line":468,"column":20},"end":{"line":468,"column":39}}]},"100":{"type":"branch","line":468,"loc":{"start":{"line":468,"column":32},"end":{"line":468,"column":46}},"locations":[{"start":{"line":468,"column":32},"end":{"line":468,"column":46}}]},"101":{"type":"branch","line":471,"loc":{"start":{"line":471,"column":0},"end":{"line":477,"column":1}},"locations":[{"start":{"line":471,"column":0},"end":{"line":477,"column":1}}]},"102":{"type":"branch","line":472,"loc":{"start":{"line":472,"column":33},"end":{"line":474,"column":3}},"locations":[{"start":{"line":472,"column":33},"end":{"line":474,"column":3}}]},"103":{"type":"branch","line":474,"loc":{"start":{"line":474,"column":2},"end":{"line":476,"column":30}},"locations":[{"start":{"line":474,"column":2},"end":{"line":476,"column":30}}]},"104":{"type":"branch","line":476,"loc":{"start":{"line":476,"column":26},"end":{"line":476,"column":40}},"locations":[{"start":{"line":476,"column":26},"end":{"line":476,"column":40}}]},"105":{"type":"branch","line":476,"loc":{"start":{"line":476,"column":30},"end":{"line":476,"column":50}},"locations":[{"start":{"line":476,"column":30},"end":{"line":476,"column":50}}]},"106":{"type":"branch","line":479,"loc":{"start":{"line":479,"column":0},"end":{"line":481,"column":1}},"locations":[{"start":{"line":479,"column":0},"end":{"line":481,"column":1}}]},"107":{"type":"branch","line":480,"loc":{"start":{"line":480,"column":22},"end":{"line":480,"column":56}},"locations":[{"start":{"line":480,"column":22},"end":{"line":480,"column":56}}]},"108":{"type":"branch","line":480,"loc":{"start":{"line":480,"column":44},"end":{"line":480,"column":78}},"locations":[{"start":{"line":480,"column":44},"end":{"line":480,"column":78}}]},"109":{"type":"branch","line":483,"loc":{"start":{"line":483,"column":0},"end":{"line":496,"column":1}},"locations":[{"start":{"line":483,"column":0},"end":{"line":496,"column":1}}]},"110":{"type":"branch","line":484,"loc":{"start":{"line":484,"column":28},"end":{"line":486,"column":3}},"locations":[{"start":{"line":484,"column":28},"end":{"line":486,"column":3}}]},"111":{"type":"branch","line":486,"loc":{"start":{"line":486,"column":2},"end":{"line":487,"column":23}},"locations":[{"start":{"line":486,"column":2},"end":{"line":487,"column":23}}]},"112":{"type":"branch","line":487,"loc":{"start":{"line":487,"column":23},"end":{"line":494,"column":3}},"locations":[{"start":{"line":487,"column":23},"end":{"line":494,"column":3}}]},"113":{"type":"branch","line":494,"loc":{"start":{"line":494,"column":2},"end":{"line":496,"column":1}},"locations":[{"start":{"line":494,"column":2},"end":{"line":496,"column":1}}]},"114":{"type":"branch","line":485,"loc":{"start":{"line":485,"column":21},"end":{"line":485,"column":47}},"locations":[{"start":{"line":485,"column":21},"end":{"line":485,"column":47}}]},"115":{"type":"branch","line":490,"loc":{"start":{"line":490,"column":39},"end":{"line":493,"column":9}},"locations":[{"start":{"line":490,"column":39},"end":{"line":493,"column":9}}]},"116":{"type":"branch","line":498,"loc":{"start":{"line":498,"column":0},"end":{"line":500,"column":1}},"locations":[{"start":{"line":498,"column":0},"end":{"line":500,"column":1}}]},"117":{"type":"branch","line":502,"loc":{"start":{"line":502,"column":0},"end":{"line":512,"column":1}},"locations":[{"start":{"line":502,"column":0},"end":{"line":512,"column":1}}]},"118":{"type":"branch","line":503,"loc":{"start":{"line":503,"column":29},"end":{"line":505,"column":3}},"locations":[{"start":{"line":503,"column":29},"end":{"line":505,"column":3}}]},"119":{"type":"branch","line":506,"loc":{"start":{"line":506,"column":19},"end":{"line":511,"column":3}},"locations":[{"start":{"line":506,"column":19},"end":{"line":511,"column":3}}]},"120":{"type":"branch","line":507,"loc":{"start":{"line":507,"column":35},"end":{"line":509,"column":5}},"locations":[{"start":{"line":507,"column":35},"end":{"line":509,"column":5}}]},"121":{"type":"branch","line":514,"loc":{"start":{"line":514,"column":0},"end":{"line":516,"column":1}},"locations":[{"start":{"line":514,"column":0},"end":{"line":516,"column":1}}]}},"b":{"0":[1],"1":[1],"2":[13],"3":[0],"4":[13],"5":[13],"6":[49],"7":[14],"8":[12],"9":[1],"10":[122],"11":[90],"12":[32],"13":[13],"14":[0],"15":[5],"16":[9],"17":[0],"18":[0],"19":[0],"20":[13],"21":[1],"22":[49],"23":[4],"24":[0],"25":[0],"26":[0],"27":[0],"28":[4],"29":[0],"30":[0],"31":[3],"32":[0],"33":[0],"34":[0],"35":[0],"36":[2],"37":[0],"38":[0],"39":[0],"40":[0],"41":[0],"42":[0],"43":[0],"44":[0],"45":[0],"46":[1],"47":[0],"48":[0],"49":[0],"50":[0],"51":[0],"52":[2],"53":[0],"54":[0],"55":[0],"56":[0],"57":[0],"58":[0],"59":[0],"60":[0],"61":[0],"62":[2],"63":[0],"64":[0],"65":[0],"66":[0],"67":[0],"68":[0],"69":[0],"70":[14],"71":[35],"72":[5],"73":[0],"74":[0],"75":[0],"76":[0],"77":[0],"78":[5],"79":[2],"80":[2],"81":[13],"82":[12],"83":[1],"84":[0],"85":[1],"86":[0],"87":[0],"88":[0],"89":[356],"90":[19],"91":[337],"92":[51],"93":[43],"94":[43],"95":[8],"96":[0],"97":[8],"98":[12],"99":[8],"100":[4],"101":[76],"102":[8],"103":[68],"104":[64],"105":[4],"106":[696],"107":[311],"108":[129],"109":[353],"110":[28],"111":[325],"112":[95],"113":[230],"114":[41],"115":[299],"116":[5],"117":[3],"118":[0],"119":[2],"120":[0],"121":[15]},"fnMap":{"0":{"name":"runWorkflowAndCapture","decl":{"start":{"line":168,"column":0},"end":{"line":232,"column":1}},"loc":{"start":{"line":168,"column":0},"end":{"line":232,"column":1}},"line":168},"1":{"name":"applyGoldenSeedContext","decl":{"start":{"line":234,"column":0},"end":{"line":257,"column":1}},"loc":{"start":{"line":234,"column":0},"end":{"line":257,"column":1}},"line":234},"2":{"name":"createGoldenHandlerRegistry","decl":{"start":{"line":259,"column":0},"end":{"line":284,"column":1}},"loc":{"start":{"line":259,"column":0},"end":{"line":284,"column":1}},"line":259},"3":{"name":"ask","decl":{"start":{"line":280,"column":11},"end":{"line":280,"column":56}},"loc":{"start":{"line":280,"column":11},"end":{"line":280,"column":56}},"line":280},"4":{"name":"captureNodeSnapshot","decl":{"start":{"line":286,"column":0},"end":{"line":418,"column":1}},"loc":{"start":{"line":286,"column":0},"end":{"line":418,"column":1}},"line":286},"5":{"name":"captureRunBudget","decl":{"start":{"line":420,"column":0},"end":{"line":442,"column":1}},"loc":{"start":{"line":420,"column":0},"end":{"line":442,"column":1}},"line":420},"6":{"name":"readJsonIfPresent","decl":{"start":{"line":444,"column":0},"end":{"line":451,"column":1}},"loc":{"start":{"line":444,"column":0},"end":{"line":451,"column":1}},"line":444},"7":{"name":"asNumber","decl":{"start":{"line":453,"column":0},"end":{"line":464,"column":1}},"loc":{"start":{"line":453,"column":0},"end":{"line":464,"column":1}},"line":453},"8":{"name":"asNullableNumber","decl":{"start":{"line":466,"column":0},"end":{"line":469,"column":1}},"loc":{"start":{"line":466,"column":0},"end":{"line":469,"column":1}},"line":466},"9":{"name":"asNonEmptyString","decl":{"start":{"line":471,"column":0},"end":{"line":477,"column":1}},"loc":{"start":{"line":471,"column":0},"end":{"line":477,"column":1}},"line":471},"10":{"name":"isRecord","decl":{"start":{"line":479,"column":0},"end":{"line":481,"column":1}},"loc":{"start":{"line":479,"column":0},"end":{"line":481,"column":1}},"line":479},"11":{"name":"stableSort","decl":{"start":{"line":483,"column":0},"end":{"line":496,"column":1}},"loc":{"start":{"line":483,"column":0},"end":{"line":496,"column":1}},"line":483},"12":{"name":"normalizeDurationMetric","decl":{"start":{"line":498,"column":0},"end":{"line":500,"column":1}},"loc":{"start":{"line":498,"column":0},"end":{"line":500,"column":1}},"line":498},"13":{"name":"normalizeBudgetErrors","decl":{"start":{"line":502,"column":0},"end":{"line":512,"column":1}},"loc":{"start":{"line":502,"column":0},"end":{"line":512,"column":1}},"line":502},"14":{"name":"normalizeBudgetMessage","decl":{"start":{"line":514,"column":0},"end":{"line":516,"column":1}},"loc":{"start":{"line":514,"column":0},"end":{"line":516,"column":1}},"line":514}},"f":{"0":13,"1":13,"2":13,"3":1,"4":49,"5":13,"6":356,"7":51,"8":12,"9":76,"10":696,"11":353,"12":5,"13":3,"14":15}}
}
